#
# A fatal error has been detected by the Java Runtime Environment:
#
#  Internal Error (ciEnv.hpp:177), pid=6754, tid=6772
#  Error: ShouldNotReachHere()
#
# JRE version: OpenJDK Runtime Environment (11.0.10) (build 11.0.10+0-b96-7249189)
# Java VM: OpenJDK 64-Bit Server VM (11.0.10+0-b96-7249189, mixed mode, tiered, compressed oops, g1 gc, linux-amd64)
# Core dump will be written. Default location: Core dumps may be processed with "/usr/lib/systemd/systemd-coredump %P %u %g %s %t %c %h" (or dumping to /home/mantovani/AndroidStudioProjects/Teste/core.6754)
#
# If you would like to submit a bug report, please visit:
#   https://bugreport.java.com/bugreport/crash.jsp
#

---------------  S U M M A R Y ------------

Command Line: --add-opens=java.base/java.util=ALL-UNNAMED --add-opens=java.base/java.lang=ALL-UNNAMED --add-opens=java.base/java.lang.invoke=ALL-UNNAMED --add-opens=java.base/java.util=ALL-UNNAMED --add-opens=java.prefs/java.util.prefs=ALL-UNNAMED --add-opens=java.prefs/java.util.prefs=ALL-UNNAMED --add-opens=java.base/java.nio.charset=ALL-UNNAMED --add-opens=java.base/java.net=ALL-UNNAMED --add-opens=java.base/java.util.concurrent.atomic=ALL-UNNAMED -Xmx2048m -Dfile.encoding=UTF-8 -Duser.country=BR -Duser.language=pt -Duser.variant org.gradle.launcher.daemon.bootstrap.GradleDaemon 7.0.2

Host: AMD Ryzen 3 3200G with Radeon Vega Graphics, 4 cores, 5G, Fedora release 34 (Thirty Four)
Time: Fri Feb  4 11:51:08 2022 -03 elapsed time: 325.109634 seconds (0d 0h 5m 25s)

---------------  T H R E A D  ---------------

Current thread (0x00007ff98c14f800):  JavaThread "C1 CompilerThread0" daemon [_thread_in_vm, id=6772, stack(0x00007ff97922f000,0x00007ff979330000)]


Current CompileTask:
C1: 325109 14246       1       org.gradle.api.internal.tasks.compile.incremental.classpath.ClasspathEntrySnapshotData::getClassAnalysis (5 bytes)

Stack: [0x00007ff97922f000,0x00007ff979330000],  sp=0x00007ff97932dc50,  free space=1019k
Native frames: (J=compiled Java code, A=aot compiled Java code, j=interpreted, Vv=VM code, C=native code)
V  [libjvm.so+0xc2d07f]  VMError::report_and_die(int, char const*, char const*, __va_list_tag*, Thread*, unsigned char*, void*, void*, char const*, int, unsigned long)+0x7df
V  [libjvm.so+0xc2d62b]  VMError::report_and_die(Thread*, void*, char const*, int, char const*, char const*, __va_list_tag*)+0x3b
V  [libjvm.so+0x5f327e]  report_vm_error(char const*, int, char const*, char const*, ...)+0xde
V  [libjvm.so+0x5237e7]  ciField::ciField(ciInstanceKlass*, int)+0xc7
V  [libjvm.so+0x520e4e]  ciEnv::get_field_by_index_impl(ciInstanceKlass*, int)+0x5e
V  [libjvm.so+0x520fb6]  ciEnv::get_field_by_index(ciInstanceKlass*, int)+0x116
V  [libjvm.so+0x53bd34]  ciBytecodeStream::get_field(bool&)+0x54
V  [libjvm.so+0x478bf7]  GraphBuilder::access_field(Bytecodes::Code)+0x27
V  [libjvm.so+0x47edf4]  GraphBuilder::iterate_bytecodes_for_block(int)+0x414
V  [libjvm.so+0x481554]  GraphBuilder::iterate_all_blocks(bool)+0x64
V  [libjvm.so+0x483060]  GraphBuilder::GraphBuilder(Compilation*, IRScope*)+0x550
V  [libjvm.so+0x48afa9]  IRScope::IRScope(Compilation*, IRScope*, int, ciMethod*, int, bool)+0x199
V  [libjvm.so+0x48b3c9]  IR::IR(Compilation*, ciMethod*, int)+0xa9
V  [libjvm.so+0x46b539]  Compilation::build_hir()+0x169
V  [libjvm.so+0x46c427]  Compilation::compile_java_method()+0xf7
V  [libjvm.so+0x46c8c3]  Compilation::compile_method()+0x123
V  [libjvm.so+0x46ccd7]  Compilation::Compilation(AbstractCompiler*, ciEnv*, ciMethod*, int, BufferBlob*, DirectiveSet*)+0x217
V  [libjvm.so+0x46e02c]  Compiler::compile_method(ciEnv*, ciMethod*, int, DirectiveSet*)+0x7c
V  [libjvm.so+0x5ad90f]  CompileBroker::invoke_compiler_on_method(CompileTask*)+0x50f
V  [libjvm.so+0x5ad2ca]  CompileBroker::compiler_thread_loop()+0x3ca
V  [libjvm.so+0xbcc973]  JavaThread::thread_main_inner()+0xe3
V  [libjvm.so+0xbca448]  Thread::call_run()+0x68
V  [libjvm.so+0xa7d25e]  thread_native_entry(Thread*)+0x1be


---------------  P R O C E S S  ---------------

Threads class SMR info:
_java_thread_list=0x00007ff92800e500, length=49, elements={
0x00007ff98c017000, 0x00007ff98c130000, 0x00007ff98c134800, 0x00007ff98c149800,
0x00007ff98c14b800, 0x00007ff98c14d800, 0x00007ff98c14f800, 0x00007ff98c151800,
0x00007ff98c1d6800, 0x00007ff98d34d000, 0x00007ff98d39a800, 0x00007ff98d3bd800,
0x00007ff8fc179000, 0x00007ff8fc181000, 0x00007ff8fc211000, 0x00007ff8fc4bb000,
0x00007ff8fc4c2000, 0x00007ff8fc66d000, 0x00007ff8fc8c0000, 0x00007ff8fc88e000,
0x00007ff8fc993000, 0x00007ff8fcc0b800, 0x00007ff8fccb8800, 0x00007ff8fd513800,
0x00007ff90801e800, 0x00007ff92024f800, 0x00007ff918015800, 0x00007ff8fc562000,
0x00007ff8fc00a800, 0x00007ff8fc012800, 0x00007ff8f4046800, 0x00007ff8f404a000,
0x00007ff8f404f000, 0x00007ff8f4002000, 0x00007ff8f4050800, 0x00007ff8f4008800,
0x00007ff8f4051800, 0x00007ff8f401f800, 0x00007ff8f4022000, 0x00007ff8f4020800,
0x00007ff8f401c000, 0x00007ff8f401d000, 0x00007ff8f401e000, 0x00007ff8f4088000,
0x00007ff8f4089000, 0x00007ff8f4089800, 0x00007ff934016800, 0x00007ff8f412b800,
0x00007ff8f412f800
}

Java Threads: ( => current thread )
  0x00007ff98c017000 JavaThread "main" [_thread_blocked, id=6760, stack(0x00007ff993a51000,0x00007ff993b52000)]
  0x00007ff98c130000 JavaThread "Reference Handler" daemon [_thread_blocked, id=6767, stack(0x00007ff990263000,0x00007ff990364000)]
  0x00007ff98c134800 JavaThread "Finalizer" daemon [_thread_blocked, id=6768, stack(0x00007ff990162000,0x00007ff990263000)]
  0x00007ff98c149800 JavaThread "Signal Dispatcher" daemon [_thread_blocked, id=6769, stack(0x00007ff990061000,0x00007ff990162000)]
  0x00007ff98c14b800 JavaThread "Service Thread" daemon [_thread_blocked, id=6770, stack(0x00007ff979431000,0x00007ff979532000)]
  0x00007ff98c14d800 JavaThread "C2 CompilerThread0" daemon [_thread_in_native, id=6771, stack(0x00007ff979330000,0x00007ff979431000)]
=>0x00007ff98c14f800 JavaThread "C1 CompilerThread0" daemon [_thread_in_vm, id=6772, stack(0x00007ff97922f000,0x00007ff979330000)]
  0x00007ff98c151800 JavaThread "Sweeper thread" daemon [_thread_blocked, id=6773, stack(0x00007ff97912e000,0x00007ff97922f000)]
  0x00007ff98c1d6800 JavaThread "Common-Cleaner" daemon [_thread_blocked, id=6774, stack(0x00007ff97902d000,0x00007ff97912e000)]
  0x00007ff98d34d000 JavaThread "Daemon health stats" [_thread_blocked, id=6780, stack(0x00007ff9658f4000,0x00007ff9659f5000)]
  0x00007ff98d39a800 JavaThread "Incoming local TCP Connector on port 42561" [_thread_in_native, id=6781, stack(0x00007ff9653f0000,0x00007ff9654f1000)]
  0x00007ff98d3bd800 JavaThread "Daemon periodic checks" [_thread_blocked, id=6782, stack(0x00007ff9652ef000,0x00007ff9653f0000)]
  0x00007ff8fc179000 JavaThread "Cache worker for file hash cache (/home/mantovani/.gradle/caches/7.0.2/fileHashes)" [_thread_blocked, id=6794, stack(0x00007ff9644e3000,0x00007ff9645e4000)]
  0x00007ff8fc181000 JavaThread "File lock request listener" [_thread_in_native, id=6795, stack(0x00007ff9643e2000,0x00007ff9644e3000)]
  0x00007ff8fc211000 JavaThread "Cache worker for journal cache (/home/mantovani/.gradle/caches/journal-1)" [_thread_blocked, id=6796, stack(0x00007ff9640e1000,0x00007ff9641e2000)]
  0x00007ff8fc4bb000 JavaThread "File watcher server" daemon [_thread_in_native, id=6798, stack(0x00007ff9427cf000,0x00007ff9428d0000)]
  0x00007ff8fc4c2000 JavaThread "File watcher consumer" daemon [_thread_blocked, id=6799, stack(0x00007ff9426ce000,0x00007ff9427cf000)]
  0x00007ff8fc66d000 JavaThread "Cache worker for execution history cache (/home/mantovani/.gradle/caches/7.0.2/executionHistory)" [_thread_blocked, id=6804, stack(0x00007ff941dc9000,0x00007ff941eca000)]
  0x00007ff8fc8c0000 JavaThread "jar transforms" [_thread_blocked, id=6807, stack(0x00007ff9416c8000,0x00007ff9417c9000)]
  0x00007ff8fc88e000 JavaThread "jar transforms Thread 2" [_thread_blocked, id=6808, stack(0x00007ff9415c7000,0x00007ff9416c8000)]
  0x00007ff8fc993000 JavaThread "Cache worker for file content cache (/home/mantovani/.gradle/caches/7.0.2/fileContent)" [_thread_blocked, id=6809, stack(0x00007ff9414c6000,0x00007ff9415c7000)]
  0x00007ff8fcc0b800 JavaThread "jar transforms Thread 3" [_thread_blocked, id=6812, stack(0x00007ff940c4b000,0x00007ff940d4c000)]
  0x00007ff8fccb8800 JavaThread "jar transforms Thread 4" [_thread_blocked, id=6818, stack(0x00007ff940245000,0x00007ff940346000)]
  0x00007ff8fd513800 JavaThread "Memory manager" [_thread_blocked, id=6821, stack(0x00007ff9421cb000,0x00007ff9422cc000)]
  0x00007ff90801e800 JavaThread "Cache worker for Java compile cache (/home/mantovani/.gradle/caches/7.0.2/javaCompile)" [_thread_blocked, id=7181, stack(0x00007ff8e9dfa000,0x00007ff8e9efb000)]
  0x00007ff92024f800 JavaThread "ForkJoinPool.commonPool-worker-5" daemon [_thread_blocked, id=7290, stack(0x00007ff8e8094000,0x00007ff8e8195000)]
  0x00007ff918015800 JavaThread "Daemon Thread 3" [_thread_blocked, id=7481, stack(0x00007ff9651ee000,0x00007ff9652ef000)]
  0x00007ff8fc562000 JavaThread "Daemon worker Thread 3" [_thread_in_Java, id=7484, stack(0x00007ff964ceb000,0x00007ff964dec000)]
  0x00007ff8fc00a800 JavaThread "Handler for socket connection from /127.0.0.1:42561 to /127.0.0.1:59932" [_thread_in_native, id=7743, stack(0x00007ff8e3eff000,0x00007ff8e4000000)]
  0x00007ff8fc012800 JavaThread "Cancel handler" [_thread_blocked, id=7744, stack(0x00007ff964dec000,0x00007ff964eed000)]
  0x00007ff8f4046800 JavaThread "Asynchronous log dispatcher for DefaultDaemonConnection: socket connection from /127.0.0.1:42561 to /127.0.0.1:59932" [_thread_blocked, id=7745, stack(0x00007ff8e91f4000,0x00007ff8e92f5000)]
  0x00007ff8f404a000 JavaThread "Stdin handler" [_thread_blocked, id=7746, stack(0x00007ff964eed000,0x00007ff964fee000)]
  0x00007ff8f404f000 JavaThread "Daemon client event forwarder" [_thread_blocked, id=7748, stack(0x00007ff964bea000,0x00007ff964ceb000)]
  0x00007ff8f4002000 JavaThread "Cache worker for file hash cache (/home/mantovani/AndroidStudioProjects/Teste/.gradle/7.0.2/fileHashes)" [_thread_blocked, id=7750, stack(0x00007ff9649e8000,0x00007ff964ae9000)]
  0x00007ff8f4050800 JavaThread "Cache worker for checksums cache (/home/mantovani/AndroidStudioProjects/Teste/.gradle/checksums)" [_thread_blocked, id=7751, stack(0x00007ff8e94f7000,0x00007ff8e95f8000)]
  0x00007ff8f4008800 JavaThread "Cache worker for cache directory md-supplier (/home/mantovani/.gradle/caches/7.0.2/md-supplier)" [_thread_blocked, id=7752, stack(0x00007ff9413c5000,0x00007ff9414c6000)]
  0x00007ff8f4051800 JavaThread "Cache worker for cache directory md-rule (/home/mantovani/.gradle/caches/7.0.2/md-rule)" [_thread_blocked, id=7753, stack(0x00007ff8e95f8000,0x00007ff8e96f9000)]
  0x00007ff8f401f800 JavaThread "Cache worker for dependencies-accessors (/home/mantovani/AndroidStudioProjects/Teste/.gradle/7.0.2/dependencies-accessors)" [_thread_blocked, id=7755, stack(0x00007ff8e93f6000,0x00007ff8e94f7000)]
  0x00007ff8f4022000 JavaThread "Cache worker for Build Output Cleanup Cache (/home/mantovani/AndroidStudioProjects/Teste/.gradle/buildOutputCleanup)" [_thread_blocked, id=7761, stack(0x00007ff9420ca000,0x00007ff9421cb000)]
  0x00007ff8f4020800 JavaThread "Build operations" [_thread_blocked, id=7768, stack(0x00007ff8ea4fb000,0x00007ff8ea5fc000)]
  0x00007ff8f401c000 JavaThread "Build operations Thread 2" [_thread_blocked, id=7770, stack(0x00007ff978a05000,0x00007ff978b06000)]
  0x00007ff8f401d000 JavaThread "Build operations Thread 3" [_thread_blocked, id=7771, stack(0x00007ff9423cd000,0x00007ff9424ce000)]
  0x00007ff8f401e000 JavaThread "Build operations Thread 4" [_thread_blocked, id=7772, stack(0x00007ff8ea7fe000,0x00007ff8ea8ff000)]
  0x00007ff8f4088000 JavaThread "build event listener" [_thread_blocked, id=7778, stack(0x00007ff8e92f5000,0x00007ff8e93f6000)]
  0x00007ff8f4089000 JavaThread "Execution worker for ':'" [_thread_blocked, id=7779, stack(0x00007ff94094a000,0x00007ff940a4b000)]
  0x00007ff8f4089800 JavaThread "Execution worker for ':' Thread 2" [_thread_blocked, id=7780, stack(0x00007ff940447000,0x00007ff940548000)]
  0x00007ff934016800 JavaThread "Cache worker for execution history cache (/home/mantovani/AndroidStudioProjects/Teste/.gradle/7.0.2/executionHistory)" [_thread_blocked, id=7781, stack(0x00007ff940649000,0x00007ff94074a000)]
  0x00007ff8f412b800 JavaThread "Execution worker for ':' Thread 3" [_thread_blocked, id=7782, stack(0x00007ff8e9cf9000,0x00007ff8e9dfa000)]
  0x00007ff8f412f800 JavaThread "Cache worker for Java compile cache (/home/mantovani/AndroidStudioProjects/Teste/.gradle/7.0.2/javaCompile)" [_thread_blocked, id=7809, stack(0x00007ff940346000,0x00007ff940447000)]

Other Threads:
  0x00007ff98c127800 VMThread "VM Thread" [stack: 0x00007ff990366000,0x00007ff990466000] [id=6766]
  0x00007ff98c1e4000 WatcherThread [stack: 0x00007ff978f2d000,0x00007ff97902d000] [id=6775]
  0x00007ff98c02e800 GCTaskThread "GC Thread#0" [stack: 0x00007ff992603000,0x00007ff992703000] [id=6761]
  0x00007ff95c001000 GCTaskThread "GC Thread#1" [stack: 0x00007ff978905000,0x00007ff978a05000] [id=6777]
  0x00007ff95c004800 GCTaskThread "GC Thread#2" [stack: 0x00007ff9646e8000,0x00007ff9647e8000] [id=6792]
  0x00007ff95c005800 GCTaskThread "GC Thread#3" [stack: 0x00007ff9645e6000,0x00007ff9646e6000] [id=6793]
  0x00007ff98c061000 ConcurrentGCThread "G1 Main Marker" [stack: 0x00007ff9914b8000,0x00007ff9915b8000] [id=6762]
  0x00007ff98c063000 ConcurrentGCThread "G1 Conc#0" [stack: 0x00007ff9913b6000,0x00007ff9914b6000] [id=6763]
  0x00007ff98c0c1000 ConcurrentGCThread "G1 Refine#0" [stack: 0x00007ff990eb0000,0x00007ff990fb0000] [id=6764]
  0x00007ff98c0c3000 ConcurrentGCThread "G1 Young RemSet Sampling" [stack: 0x00007ff990dae000,0x00007ff990eae000] [id=6765]

Threads with active compile tasks:
C2 CompilerThread0 325175 14274       4       org.gradle.internal.snapshot.AbstractListChildMap::store (72 bytes)
C1 CompilerThread0 325175 14246       1       org.gradle.api.internal.tasks.compile.incremental.classpath.ClasspathEntrySnapshotData::getClassAnalysis (5 bytes)

VM state:not at safepoint (normal execution)

VM Mutex/Monitor currently owned by a thread: None

Heap address: 0x0000000080000000, size: 2048 MB, Compressed Oops mode: 32-bit
Narrow klass base: 0x0000000000000000, Narrow klass shift: 3
Compressed class space size: 1073741824 Address: 0x0000000100000000

Heap:
 garbage-first heap   total 192512K, used 152511K [0x0000000080000000, 0x0000000100000000)
  region size 1024K, 73 young (74752K), 7 survivors (7168K)
 Metaspace       used 106182K, capacity 109096K, committed 109216K, reserved 1142784K
  class space    used 13929K, capacity 14998K, committed 15060K, reserved 1048576K
Heap Regions: E=young(eden), S=young(survivor), O=old, HS=humongous(starts), HC=humongous(continues), CS=collection set, F=free, A=archive, TAMS=top-at-mark-start (previous, next)
|   0|0x0000000080000000, 0x0000000080100000, 0x0000000080100000|100%| O|  |TAMS 0x0000000080100000, 0x0000000080000000| Untracked 
|   1|0x0000000080100000, 0x0000000080200000, 0x0000000080200000|100%| O|  |TAMS 0x0000000080200000, 0x0000000080100000| Untracked 
|   2|0x0000000080200000, 0x0000000080300000, 0x0000000080300000|100%| O|  |TAMS 0x0000000080300000, 0x0000000080200000| Untracked 
|   3|0x0000000080300000, 0x0000000080400000, 0x0000000080400000|100%|HS|  |TAMS 0x0000000080400000, 0x0000000080300000| Complete 
|   4|0x0000000080400000, 0x0000000080500000, 0x0000000080500000|100%|HC|  |TAMS 0x0000000080500000, 0x0000000080400000| Complete 
|   5|0x0000000080500000, 0x0000000080600000, 0x0000000080600000|100%|HC|  |TAMS 0x0000000080600000, 0x0000000080500000| Complete 
|   6|0x0000000080600000, 0x0000000080700000, 0x0000000080700000|100%| O|  |TAMS 0x0000000080700000, 0x0000000080600000| Untracked 
|   7|0x0000000080700000, 0x0000000080800000, 0x0000000080800000|100%| O|  |TAMS 0x0000000080800000, 0x0000000080700000| Untracked 
|   8|0x0000000080800000, 0x0000000080900000, 0x0000000080900000|100%| O|  |TAMS 0x0000000080900000, 0x0000000080800000| Untracked 
|   9|0x0000000080900000, 0x0000000080a00000, 0x0000000080a00000|100%| O|  |TAMS 0x0000000080a00000, 0x0000000080900000| Untracked 
|  10|0x0000000080a00000, 0x0000000080b00000, 0x0000000080b00000|100%| O|  |TAMS 0x0000000080b00000, 0x0000000080a00000| Untracked 
|  11|0x0000000080b00000, 0x0000000080c00000, 0x0000000080c00000|100%| O|  |TAMS 0x0000000080c00000, 0x0000000080b00000| Untracked 
|  12|0x0000000080c00000, 0x0000000080d00000, 0x0000000080d00000|100%| O|  |TAMS 0x0000000080d00000, 0x0000000080c00000| Untracked 
|  13|0x0000000080d00000, 0x0000000080e00000, 0x0000000080e00000|100%| O|  |TAMS 0x0000000080e00000, 0x0000000080d00000| Untracked 
|  14|0x0000000080e00000, 0x0000000080f00000, 0x0000000080f00000|100%| O|  |TAMS 0x0000000080f00000, 0x0000000080e00000| Untracked 
|  15|0x0000000080f00000, 0x0000000081000000, 0x0000000081000000|100%| O|  |TAMS 0x0000000081000000, 0x0000000080f00000| Untracked 
|  16|0x0000000081000000, 0x0000000081100000, 0x0000000081100000|100%| O|  |TAMS 0x0000000081100000, 0x0000000081000000| Untracked 
|  17|0x0000000081100000, 0x0000000081200000, 0x0000000081200000|100%|HS|  |TAMS 0x0000000081200000, 0x0000000081100000| Complete 
|  18|0x0000000081200000, 0x0000000081300000, 0x0000000081300000|100%| O|  |TAMS 0x0000000081300000, 0x0000000081200000| Untracked 
|  19|0x0000000081300000, 0x0000000081400000, 0x0000000081400000|100%| O|  |TAMS 0x0000000081400000, 0x0000000081300000| Untracked 
|  20|0x0000000081400000, 0x0000000081500000, 0x0000000081500000|100%| O|  |TAMS 0x0000000081500000, 0x0000000081400000| Untracked 
|  21|0x0000000081500000, 0x0000000081600000, 0x0000000081600000|100%| O|  |TAMS 0x0000000081600000, 0x0000000081500000| Untracked 
|  22|0x0000000081600000, 0x0000000081700000, 0x0000000081700000|100%| O|  |TAMS 0x0000000081700000, 0x0000000081600000| Untracked 
|  23|0x0000000081700000, 0x0000000081800000, 0x0000000081800000|100%| O|  |TAMS 0x0000000081800000, 0x0000000081700000| Untracked 
|  24|0x0000000081800000, 0x0000000081900000, 0x0000000081900000|100%| O|  |TAMS 0x0000000081900000, 0x0000000081800000| Untracked 
|  25|0x0000000081900000, 0x0000000081a00000, 0x0000000081a00000|100%| O|  |TAMS 0x0000000081a00000, 0x0000000081900000| Untracked 
|  26|0x0000000081a00000, 0x0000000081b00000, 0x0000000081b00000|100%| O|  |TAMS 0x0000000081b00000, 0x0000000081a00000| Untracked 
|  27|0x0000000081b00000, 0x0000000081c00000, 0x0000000081c00000|100%|HS|  |TAMS 0x0000000081c00000, 0x0000000081b00000| Complete 
|  28|0x0000000081c00000, 0x0000000081d00000, 0x0000000081d00000|100%|HS|  |TAMS 0x0000000081d00000, 0x0000000081c00000| Complete 
|  29|0x0000000081d00000, 0x0000000081e00000, 0x0000000081e00000|100%|HC|  |TAMS 0x0000000081e00000, 0x0000000081d00000| Complete 
|  30|0x0000000081e00000, 0x0000000081f00000, 0x0000000081f00000|100%| O|  |TAMS 0x0000000081f00000, 0x0000000081e00000| Untracked 
|  31|0x0000000081f00000, 0x0000000082000000, 0x0000000082000000|100%| O|  |TAMS 0x0000000082000000, 0x0000000081f00000| Untracked 
|  32|0x0000000082000000, 0x0000000082100000, 0x0000000082100000|100%| O|  |TAMS 0x0000000082100000, 0x0000000082000000| Untracked 
|  33|0x0000000082100000, 0x0000000082200000, 0x0000000082200000|100%| O|  |TAMS 0x0000000082200000, 0x0000000082100000| Untracked 
|  34|0x0000000082200000, 0x0000000082300000, 0x0000000082300000|100%| O|  |TAMS 0x0000000082300000, 0x0000000082200000| Untracked 
|  35|0x0000000082300000, 0x0000000082400000, 0x0000000082400000|100%| O|  |TAMS 0x0000000082400000, 0x0000000082300000| Untracked 
|  36|0x0000000082400000, 0x0000000082500000, 0x0000000082500000|100%| O|  |TAMS 0x0000000082500000, 0x0000000082400000| Untracked 
|  37|0x0000000082500000, 0x0000000082600000, 0x0000000082600000|100%| O|  |TAMS 0x0000000082600000, 0x0000000082500000| Untracked 
|  38|0x0000000082600000, 0x0000000082700000, 0x0000000082700000|100%| O|  |TAMS 0x0000000082700000, 0x0000000082600000| Untracked 
|  39|0x0000000082700000, 0x0000000082800000, 0x0000000082800000|100%| O|  |TAMS 0x0000000082800000, 0x0000000082700000| Untracked 
|  40|0x0000000082800000, 0x0000000082900000, 0x0000000082900000|100%| O|  |TAMS 0x0000000082900000, 0x0000000082800000| Untracked 
|  41|0x0000000082900000, 0x0000000082a00000, 0x0000000082a00000|100%| O|  |TAMS 0x0000000082a00000, 0x0000000082900000| Untracked 
|  42|0x0000000082a00000, 0x0000000082b00000, 0x0000000082b00000|100%| O|  |TAMS 0x0000000082b00000, 0x0000000082a00000| Untracked 
|  43|0x0000000082b00000, 0x0000000082c00000, 0x0000000082c00000|100%| O|  |TAMS 0x0000000082c00000, 0x0000000082b00000| Untracked 
|  44|0x0000000082c00000, 0x0000000082d00000, 0x0000000082d00000|100%| O|  |TAMS 0x0000000082d00000, 0x0000000082c00000| Untracked 
|  45|0x0000000082d00000, 0x0000000082e00000, 0x0000000082e00000|100%| O|  |TAMS 0x0000000082e00000, 0x0000000082d00000| Untracked 
|  46|0x0000000082e00000, 0x0000000082f00000, 0x0000000082f00000|100%| O|  |TAMS 0x0000000082f00000, 0x0000000082e00000| Untracked 
|  47|0x0000000082f00000, 0x0000000083000000, 0x0000000083000000|100%| O|  |TAMS 0x0000000083000000, 0x0000000082f00000| Untracked 
|  48|0x0000000083000000, 0x0000000083100000, 0x0000000083100000|100%| O|  |TAMS 0x0000000083100000, 0x0000000083000000| Untracked 
|  49|0x0000000083100000, 0x0000000083200000, 0x0000000083200000|100%| O|  |TAMS 0x0000000083200000, 0x0000000083100000| Untracked 
|  50|0x0000000083200000, 0x0000000083300000, 0x0000000083300000|100%| O|  |TAMS 0x0000000083300000, 0x0000000083200000| Untracked 
|  51|0x0000000083300000, 0x0000000083400000, 0x0000000083400000|100%| O|  |TAMS 0x0000000083400000, 0x0000000083300000| Untracked 
|  52|0x0000000083400000, 0x0000000083500000, 0x0000000083500000|100%| O|  |TAMS 0x0000000083500000, 0x0000000083400000| Untracked 
|  53|0x0000000083500000, 0x0000000083600000, 0x0000000083600000|100%| O|  |TAMS 0x0000000083600000, 0x0000000083500000| Untracked 
|  54|0x0000000083600000, 0x0000000083700000, 0x0000000083700000|100%| O|  |TAMS 0x0000000083700000, 0x0000000083600000| Untracked 
|  55|0x0000000083700000, 0x0000000083800000, 0x0000000083800000|100%| O|  |TAMS 0x0000000083800000, 0x0000000083700000| Untracked 
|  56|0x0000000083800000, 0x0000000083900000, 0x0000000083900000|100%| O|  |TAMS 0x0000000083900000, 0x0000000083800000| Untracked 
|  57|0x0000000083900000, 0x0000000083a00000, 0x0000000083a00000|100%| O|  |TAMS 0x0000000083a00000, 0x0000000083900000| Untracked 
|  58|0x0000000083a00000, 0x0000000083b00000, 0x0000000083b00000|100%| O|  |TAMS 0x0000000083b00000, 0x0000000083a00000| Untracked 
|  59|0x0000000083b00000, 0x0000000083c00000, 0x0000000083c00000|100%|HS|  |TAMS 0x0000000083c00000, 0x0000000083b00000| Complete 
|  60|0x0000000083c00000, 0x0000000083d00000, 0x0000000083d00000|100%|HC|  |TAMS 0x0000000083d00000, 0x0000000083c00000| Complete 
|  61|0x0000000083d00000, 0x0000000083e00000, 0x0000000083e00000|100%| O|  |TAMS 0x0000000083e00000, 0x0000000083d00000| Untracked 
|  62|0x0000000083e00000, 0x0000000083f00000, 0x0000000083f00000|100%| O|  |TAMS 0x0000000083f00000, 0x0000000083e00000| Untracked 
|  63|0x0000000083f00000, 0x0000000084000000, 0x0000000084000000|100%| O|  |TAMS 0x0000000084000000, 0x0000000083f00000| Untracked 
|  64|0x0000000084000000, 0x0000000084100000, 0x0000000084100000|100%| O|  |TAMS 0x0000000084100000, 0x0000000084000000| Untracked 
|  65|0x0000000084100000, 0x0000000084200000, 0x0000000084200000|100%| O|  |TAMS 0x0000000084200000, 0x0000000084100000| Untracked 
|  66|0x0000000084200000, 0x0000000084300000, 0x0000000084300000|100%| O|  |TAMS 0x0000000084300000, 0x0000000084200000| Untracked 
|  67|0x0000000084300000, 0x0000000084400000, 0x0000000084400000|100%| O|  |TAMS 0x0000000084400000, 0x0000000084300000| Untracked 
|  68|0x0000000084400000, 0x0000000084500000, 0x0000000084500000|100%| O|  |TAMS 0x0000000084500000, 0x0000000084400000| Untracked 
|  69|0x0000000084500000, 0x0000000084600000, 0x0000000084600000|100%| O|  |TAMS 0x0000000084600000, 0x0000000084500000| Untracked 
|  70|0x0000000084600000, 0x0000000084700000, 0x0000000084700000|100%| O|  |TAMS 0x0000000084700000, 0x0000000084600000| Untracked 
|  71|0x0000000084700000, 0x0000000084800000, 0x0000000084800000|100%| O|  |TAMS 0x0000000084800000, 0x0000000084700000| Untracked 
|  72|0x0000000084800000, 0x0000000084900000, 0x0000000084900000|100%| O|  |TAMS 0x0000000084900000, 0x0000000084800000| Untracked 
|  73|0x0000000084900000, 0x0000000084a00000, 0x0000000084a00000|100%| O|  |TAMS 0x0000000084a00000, 0x0000000084900000| Untracked 
|  74|0x0000000084a00000, 0x0000000084b00000, 0x0000000084b00000|100%| O|  |TAMS 0x0000000084b00000, 0x0000000084a00000| Untracked 
|  75|0x0000000084b00000, 0x0000000084c00000, 0x0000000084c00000|100%| O|  |TAMS 0x0000000084c00000, 0x0000000084b00000| Untracked 
|  76|0x0000000084c00000, 0x0000000084d00000, 0x0000000084d00000|100%|HS|  |TAMS 0x0000000084c00000, 0x0000000084c00000| Complete 
|  77|0x0000000084d00000, 0x0000000084e00000, 0x0000000084e00000|100%|HC|  |TAMS 0x0000000084d00000, 0x0000000084d00000| Complete 
|  78|0x0000000084e00000, 0x0000000084e00000, 0x0000000084f00000|  0%| F|  |TAMS 0x0000000084e00000, 0x0000000084e00000| Untracked 
|  79|0x0000000084f00000, 0x0000000084f00000, 0x0000000085000000|  0%| F|  |TAMS 0x0000000084f00000, 0x0000000084f00000| Untracked 
|  80|0x0000000085000000, 0x0000000085000000, 0x0000000085100000|  0%| F|  |TAMS 0x0000000085000000, 0x0000000085000000| Untracked 
|  81|0x0000000085100000, 0x0000000085100000, 0x0000000085200000|  0%| F|  |TAMS 0x0000000085100000, 0x0000000085100000| Untracked 
|  82|0x0000000085200000, 0x0000000085200000, 0x0000000085300000|  0%| F|  |TAMS 0x0000000085200000, 0x0000000085200000| Untracked 
|  83|0x0000000085300000, 0x0000000085300000, 0x0000000085400000|  0%| F|  |TAMS 0x0000000085300000, 0x0000000085300000| Untracked 
|  84|0x0000000085400000, 0x0000000085400000, 0x0000000085500000|  0%| F|  |TAMS 0x0000000085400000, 0x0000000085400000| Untracked 
|  85|0x0000000085500000, 0x0000000085500000, 0x0000000085600000|  0%| F|  |TAMS 0x0000000085500000, 0x0000000085500000| Untracked 
|  86|0x0000000085600000, 0x0000000085600000, 0x0000000085700000|  0%| F|  |TAMS 0x0000000085600000, 0x0000000085600000| Untracked 
|  87|0x0000000085700000, 0x0000000085700000, 0x0000000085800000|  0%| F|  |TAMS 0x0000000085700000, 0x0000000085700000| Untracked 
|  88|0x0000000085800000, 0x0000000085800000, 0x0000000085900000|  0%| F|  |TAMS 0x0000000085800000, 0x0000000085800000| Untracked 
|  89|0x0000000085900000, 0x0000000085900000, 0x0000000085a00000|  0%| F|  |TAMS 0x0000000085900000, 0x0000000085900000| Untracked 
|  90|0x0000000085a00000, 0x0000000085a00000, 0x0000000085b00000|  0%| F|  |TAMS 0x0000000085a00000, 0x0000000085a00000| Untracked 
|  91|0x0000000085b00000, 0x0000000085b00000, 0x0000000085c00000|  0%| F|  |TAMS 0x0000000085b00000, 0x0000000085b00000| Untracked 
|  92|0x0000000085c00000, 0x0000000085c00000, 0x0000000085d00000|  0%| F|  |TAMS 0x0000000085c00000, 0x0000000085c00000| Untracked 
|  93|0x0000000085d00000, 0x0000000085d00000, 0x0000000085e00000|  0%| F|  |TAMS 0x0000000085d00000, 0x0000000085d00000| Untracked 
|  94|0x0000000085e00000, 0x0000000085e00000, 0x0000000085f00000|  0%| F|  |TAMS 0x0000000085e00000, 0x0000000085e00000| Untracked 
|  95|0x0000000085f00000, 0x0000000085f00000, 0x0000000086000000|  0%| F|  |TAMS 0x0000000085f00000, 0x0000000085f00000| Untracked 
|  96|0x0000000086000000, 0x0000000086000000, 0x0000000086100000|  0%| F|  |TAMS 0x0000000086000000, 0x0000000086000000| Untracked 
|  97|0x0000000086100000, 0x0000000086100000, 0x0000000086200000|  0%| F|  |TAMS 0x0000000086100000, 0x0000000086100000| Untracked 
|  98|0x0000000086200000, 0x0000000086200000, 0x0000000086300000|  0%| F|  |TAMS 0x0000000086200000, 0x0000000086200000| Untracked 
|  99|0x0000000086300000, 0x0000000086300000, 0x0000000086400000|  0%| F|  |TAMS 0x0000000086300000, 0x0000000086300000| Untracked 
| 100|0x0000000086400000, 0x0000000086400000, 0x0000000086500000|  0%| F|  |TAMS 0x0000000086400000, 0x0000000086400000| Untracked 
| 101|0x0000000086500000, 0x0000000086500000, 0x0000000086600000|  0%| F|  |TAMS 0x0000000086500000, 0x0000000086500000| Untracked 
| 102|0x0000000086600000, 0x0000000086600000, 0x0000000086700000|  0%| F|  |TAMS 0x0000000086600000, 0x0000000086600000| Untracked 
| 103|0x0000000086700000, 0x0000000086700000, 0x0000000086800000|  0%| F|  |TAMS 0x0000000086700000, 0x0000000086700000| Untracked 
| 104|0x0000000086800000, 0x0000000086800000, 0x0000000086900000|  0%| F|  |TAMS 0x0000000086800000, 0x0000000086800000| Untracked 
| 105|0x0000000086900000, 0x0000000086900000, 0x0000000086a00000|  0%| F|  |TAMS 0x0000000086900000, 0x0000000086900000| Untracked 
| 106|0x0000000086a00000, 0x0000000086aefc40, 0x0000000086b00000| 93%| S|CS|TAMS 0x0000000086a00000, 0x0000000086a00000| Complete 
| 107|0x0000000086b00000, 0x0000000086c00000, 0x0000000086c00000|100%| S|CS|TAMS 0x0000000086b00000, 0x0000000086b00000| Complete 
| 108|0x0000000086c00000, 0x0000000086d00000, 0x0000000086d00000|100%| S|CS|TAMS 0x0000000086c00000, 0x0000000086c00000| Complete 
| 109|0x0000000086d00000, 0x0000000086d00000, 0x0000000086e00000|  0%| F|  |TAMS 0x0000000086d00000, 0x0000000086d00000| Untracked 
| 110|0x0000000086e00000, 0x0000000086e00000, 0x0000000086f00000|  0%| F|  |TAMS 0x0000000086e00000, 0x0000000086e00000| Untracked 
| 111|0x0000000086f00000, 0x0000000086f00000, 0x0000000087000000|  0%| F|  |TAMS 0x0000000086f00000, 0x0000000086f00000| Untracked 
| 112|0x0000000087000000, 0x0000000087000000, 0x0000000087100000|  0%| F|  |TAMS 0x0000000087000000, 0x0000000087000000| Untracked 
| 113|0x0000000087100000, 0x0000000087100000, 0x0000000087200000|  0%| F|  |TAMS 0x0000000087100000, 0x0000000087100000| Untracked 
| 114|0x0000000087200000, 0x0000000087200000, 0x0000000087300000|  0%| F|  |TAMS 0x0000000087200000, 0x0000000087200000| Untracked 
| 115|0x0000000087300000, 0x0000000087400000, 0x0000000087400000|100%| S|CS|TAMS 0x0000000087300000, 0x0000000087300000| Complete 
| 116|0x0000000087400000, 0x0000000087500000, 0x0000000087500000|100%| S|CS|TAMS 0x0000000087400000, 0x0000000087400000| Complete 
| 117|0x0000000087500000, 0x0000000087600000, 0x0000000087600000|100%| S|CS|TAMS 0x0000000087500000, 0x0000000087500000| Complete 
| 118|0x0000000087600000, 0x0000000087700000, 0x0000000087700000|100%| S|CS|TAMS 0x0000000087600000, 0x0000000087600000| Complete 
| 119|0x0000000087700000, 0x0000000087700000, 0x0000000087800000|  0%| F|  |TAMS 0x0000000087700000, 0x0000000087700000| Untracked 
| 120|0x0000000087800000, 0x0000000087800000, 0x0000000087900000|  0%| F|  |TAMS 0x0000000087800000, 0x0000000087800000| Untracked 
| 121|0x0000000087900000, 0x0000000087900000, 0x0000000087a00000|  0%| F|  |TAMS 0x0000000087900000, 0x0000000087900000| Untracked 
| 122|0x0000000087a00000, 0x0000000087a08ca8, 0x0000000087b00000|  3%| E|  |TAMS 0x0000000087a00000, 0x0000000087a00000| Complete 
| 123|0x0000000087b00000, 0x0000000087c00000, 0x0000000087c00000|100%| E|CS|TAMS 0x0000000087b00000, 0x0000000087b00000| Complete 
| 124|0x0000000087c00000, 0x0000000087d00000, 0x0000000087d00000|100%| E|CS|TAMS 0x0000000087c00000, 0x0000000087c00000| Complete 
| 125|0x0000000087d00000, 0x0000000087e00000, 0x0000000087e00000|100%| E|CS|TAMS 0x0000000087d00000, 0x0000000087d00000| Complete 
| 126|0x0000000087e00000, 0x0000000087f00000, 0x0000000087f00000|100%| E|CS|TAMS 0x0000000087e00000, 0x0000000087e00000| Complete 
| 127|0x0000000087f00000, 0x0000000088000000, 0x0000000088000000|100%| E|CS|TAMS 0x0000000087f00000, 0x0000000087f00000| Complete 
| 128|0x0000000088000000, 0x0000000088100000, 0x0000000088100000|100%| E|CS|TAMS 0x0000000088000000, 0x0000000088000000| Complete 
| 129|0x0000000088100000, 0x0000000088200000, 0x0000000088200000|100%| E|CS|TAMS 0x0000000088100000, 0x0000000088100000| Complete 
| 130|0x0000000088200000, 0x0000000088300000, 0x0000000088300000|100%| E|CS|TAMS 0x0000000088200000, 0x0000000088200000| Complete 
| 131|0x0000000088300000, 0x0000000088400000, 0x0000000088400000|100%| E|CS|TAMS 0x0000000088300000, 0x0000000088300000| Complete 
| 132|0x0000000088400000, 0x0000000088500000, 0x0000000088500000|100%| E|CS|TAMS 0x0000000088400000, 0x0000000088400000| Complete 
| 133|0x0000000088500000, 0x0000000088600000, 0x0000000088600000|100%| E|CS|TAMS 0x0000000088500000, 0x0000000088500000| Complete 
| 134|0x0000000088600000, 0x0000000088700000, 0x0000000088700000|100%| E|CS|TAMS 0x0000000088600000, 0x0000000088600000| Complete 
| 135|0x0000000088700000, 0x0000000088800000, 0x0000000088800000|100%| E|CS|TAMS 0x0000000088700000, 0x0000000088700000| Complete 
| 136|0x0000000088800000, 0x0000000088900000, 0x0000000088900000|100%| E|CS|TAMS 0x0000000088800000, 0x0000000088800000| Complete 
| 137|0x0000000088900000, 0x0000000088a00000, 0x0000000088a00000|100%| E|CS|TAMS 0x0000000088900000, 0x0000000088900000| Complete 
| 138|0x0000000088a00000, 0x0000000088b00000, 0x0000000088b00000|100%| E|CS|TAMS 0x0000000088a00000, 0x0000000088a00000| Complete 
| 139|0x0000000088b00000, 0x0000000088c00000, 0x0000000088c00000|100%| E|CS|TAMS 0x0000000088b00000, 0x0000000088b00000| Complete 
| 140|0x0000000088c00000, 0x0000000088d00000, 0x0000000088d00000|100%| E|CS|TAMS 0x0000000088c00000, 0x0000000088c00000| Complete 
| 141|0x0000000088d00000, 0x0000000088e00000, 0x0000000088e00000|100%| E|CS|TAMS 0x0000000088d00000, 0x0000000088d00000| Complete 
| 142|0x0000000088e00000, 0x0000000088f00000, 0x0000000088f00000|100%| E|CS|TAMS 0x0000000088e00000, 0x0000000088e00000| Complete 
| 143|0x0000000088f00000, 0x0000000089000000, 0x0000000089000000|100%| E|CS|TAMS 0x0000000088f00000, 0x0000000088f00000| Complete 
| 144|0x0000000089000000, 0x0000000089100000, 0x0000000089100000|100%| E|CS|TAMS 0x0000000089000000, 0x0000000089000000| Complete 
| 145|0x0000000089100000, 0x0000000089200000, 0x0000000089200000|100%| E|CS|TAMS 0x0000000089100000, 0x0000000089100000| Complete 
| 146|0x0000000089200000, 0x0000000089300000, 0x0000000089300000|100%| E|CS|TAMS 0x0000000089200000, 0x0000000089200000| Complete 
| 147|0x0000000089300000, 0x0000000089400000, 0x0000000089400000|100%| E|CS|TAMS 0x0000000089300000, 0x0000000089300000| Complete 
| 148|0x0000000089400000, 0x0000000089500000, 0x0000000089500000|100%| E|CS|TAMS 0x0000000089400000, 0x0000000089400000| Complete 
| 149|0x0000000089500000, 0x0000000089600000, 0x0000000089600000|100%| E|CS|TAMS 0x0000000089500000, 0x0000000089500000| Complete 
| 150|0x0000000089600000, 0x0000000089700000, 0x0000000089700000|100%| E|CS|TAMS 0x0000000089600000, 0x0000000089600000| Complete 
| 151|0x0000000089700000, 0x0000000089800000, 0x0000000089800000|100%| E|CS|TAMS 0x0000000089700000, 0x0000000089700000| Complete 
| 152|0x0000000089800000, 0x0000000089900000, 0x0000000089900000|100%| E|CS|TAMS 0x0000000089800000, 0x0000000089800000| Complete 
| 153|0x0000000089900000, 0x0000000089a00000, 0x0000000089a00000|100%| E|CS|TAMS 0x0000000089900000, 0x0000000089900000| Complete 
| 154|0x0000000089a00000, 0x0000000089b00000, 0x0000000089b00000|100%| E|CS|TAMS 0x0000000089a00000, 0x0000000089a00000| Complete 
| 155|0x0000000089b00000, 0x0000000089c00000, 0x0000000089c00000|100%| E|CS|TAMS 0x0000000089b00000, 0x0000000089b00000| Complete 
| 156|0x0000000089c00000, 0x0000000089d00000, 0x0000000089d00000|100%| E|CS|TAMS 0x0000000089c00000, 0x0000000089c00000| Complete 
| 157|0x0000000089d00000, 0x0000000089e00000, 0x0000000089e00000|100%| E|CS|TAMS 0x0000000089d00000, 0x0000000089d00000| Complete 
| 158|0x0000000089e00000, 0x0000000089f00000, 0x0000000089f00000|100%| E|CS|TAMS 0x0000000089e00000, 0x0000000089e00000| Complete 
| 159|0x0000000089f00000, 0x000000008a000000, 0x000000008a000000|100%| E|CS|TAMS 0x0000000089f00000, 0x0000000089f00000| Complete 
| 160|0x000000008a000000, 0x000000008a100000, 0x000000008a100000|100%| E|CS|TAMS 0x000000008a000000, 0x000000008a000000| Complete 
| 161|0x000000008a100000, 0x000000008a200000, 0x000000008a200000|100%| E|CS|TAMS 0x000000008a100000, 0x000000008a100000| Complete 
| 162|0x000000008a200000, 0x000000008a300000, 0x000000008a300000|100%| E|CS|TAMS 0x000000008a200000, 0x000000008a200000| Complete 
| 163|0x000000008a300000, 0x000000008a400000, 0x000000008a400000|100%| E|CS|TAMS 0x000000008a300000, 0x000000008a300000| Complete 
| 164|0x000000008a400000, 0x000000008a500000, 0x000000008a500000|100%| E|CS|TAMS 0x000000008a400000, 0x000000008a400000| Complete 
| 165|0x000000008a500000, 0x000000008a600000, 0x000000008a600000|100%| E|CS|TAMS 0x000000008a500000, 0x000000008a500000| Complete 
| 166|0x000000008a600000, 0x000000008a700000, 0x000000008a700000|100%| E|CS|TAMS 0x000000008a600000, 0x000000008a600000| Complete 
| 167|0x000000008a700000, 0x000000008a800000, 0x000000008a800000|100%| E|CS|TAMS 0x000000008a700000, 0x000000008a700000| Complete 
| 168|0x000000008a800000, 0x000000008a900000, 0x000000008a900000|100%| E|  |TAMS 0x000000008a800000, 0x000000008a800000| Complete 
| 169|0x000000008a900000, 0x000000008aa00000, 0x000000008aa00000|100%| E|CS|TAMS 0x000000008a900000, 0x000000008a900000| Complete 
| 170|0x000000008aa00000, 0x000000008ab00000, 0x000000008ab00000|100%| E|CS|TAMS 0x000000008aa00000, 0x000000008aa00000| Complete 
| 171|0x000000008ab00000, 0x000000008ac00000, 0x000000008ac00000|100%| E|CS|TAMS 0x000000008ab00000, 0x000000008ab00000| Complete 
| 172|0x000000008ac00000, 0x000000008ad00000, 0x000000008ad00000|100%| E|CS|TAMS 0x000000008ac00000, 0x000000008ac00000| Complete 
| 173|0x000000008ad00000, 0x000000008ae00000, 0x000000008ae00000|100%| E|CS|TAMS 0x000000008ad00000, 0x000000008ad00000| Complete 
| 174|0x000000008ae00000, 0x000000008af00000, 0x000000008af00000|100%| E|CS|TAMS 0x000000008ae00000, 0x000000008ae00000| Complete 
| 175|0x000000008af00000, 0x000000008b000000, 0x000000008b000000|100%| E|CS|TAMS 0x000000008af00000, 0x000000008af00000| Complete 
| 176|0x000000008b000000, 0x000000008b100000, 0x000000008b100000|100%| E|CS|TAMS 0x000000008b000000, 0x000000008b000000| Complete 
| 177|0x000000008b100000, 0x000000008b200000, 0x000000008b200000|100%| E|CS|TAMS 0x000000008b100000, 0x000000008b100000| Complete 
| 178|0x000000008b200000, 0x000000008b300000, 0x000000008b300000|100%| E|CS|TAMS 0x000000008b200000, 0x000000008b200000| Complete 
| 179|0x000000008b300000, 0x000000008b400000, 0x000000008b400000|100%| E|CS|TAMS 0x000000008b300000, 0x000000008b300000| Complete 
| 180|0x000000008b400000, 0x000000008b500000, 0x000000008b500000|100%| E|CS|TAMS 0x000000008b400000, 0x000000008b400000| Complete 
| 181|0x000000008b500000, 0x000000008b600000, 0x000000008b600000|100%| E|CS|TAMS 0x000000008b500000, 0x000000008b500000| Complete 
| 182|0x000000008b600000, 0x000000008b700000, 0x000000008b700000|100%| E|CS|TAMS 0x000000008b600000, 0x000000008b600000| Complete 
| 183|0x000000008b700000, 0x000000008b800000, 0x000000008b800000|100%| E|CS|TAMS 0x000000008b700000, 0x000000008b700000| Complete 
| 184|0x000000008b800000, 0x000000008b900000, 0x000000008b900000|100%| E|CS|TAMS 0x000000008b800000, 0x000000008b800000| Complete 
| 185|0x000000008b900000, 0x000000008ba00000, 0x000000008ba00000|100%| E|CS|TAMS 0x000000008b900000, 0x000000008b900000| Complete 
| 186|0x000000008ba00000, 0x000000008bb00000, 0x000000008bb00000|100%| E|CS|TAMS 0x000000008ba00000, 0x000000008ba00000| Complete 
| 187|0x000000008bb00000, 0x000000008bc00000, 0x000000008bc00000|100%| E|CS|TAMS 0x000000008bb00000, 0x000000008bb00000| Complete 

Card table byte_map: [0x00007ff9919fd000,0x00007ff991dfd000] _byte_map_base: 0x00007ff9915fd000

Marking Bits (Prev, Next): (CMBitMap*) 0x00007ff98c058138, (CMBitMap*) 0x00007ff98c058170
 Prev Bits: [0x00007ff972000000, 0x00007ff974000000)
 Next Bits: [0x00007ff970000000, 0x00007ff972000000)

Polling page: 0x00007ff995344000

Metaspace:

Usage:
  Non-class:     91,89 MB capacity,    90,09 MB ( 98%) used,     1,46 MB (  2%) free+waste,   346,69 KB ( <1%) overhead. 
      Class:     14,65 MB capacity,    13,60 MB ( 93%) used,   911,29 KB (  6%) free+waste,   156,81 KB (  1%) overhead. 
       Both:    106,54 MB capacity,   103,69 MB ( 97%) used,     2,35 MB (  2%) free+waste,   503,50 KB ( <1%) overhead. 

Virtual space:
  Non-class space:       92,00 MB reserved,      91,95 MB (>99%) committed 
      Class space:        1,00 GB reserved,      14,71 MB (  1%) committed 
             Both:        1,09 GB reserved,     106,66 MB ( 10%) committed 

Chunk freelists:
   Non-Class:  38,00 KB
       Class:  0 bytes
        Both:  38,00 KB

MaxMetaspaceSize: unlimited
CompressedClassSpaceSize: 1,00 GB

CodeHeap 'non-profiled nmethods': size=120032Kb used=7882Kb max_used=7882Kb free=112149Kb
 bounds [0x00007ff980ffa000, 0x00007ff9817ba000, 0x00007ff988532000]
CodeHeap 'profiled nmethods': size=120032Kb used=29518Kb max_used=29518Kb free=90513Kb
 bounds [0x00007ff979ac2000, 0x00007ff97b7a2000, 0x00007ff980ffa000]
CodeHeap 'non-nmethods': size=5696Kb used=2288Kb max_used=2338Kb free=3407Kb
 bounds [0x00007ff979532000, 0x00007ff9797a2000, 0x00007ff979ac2000]
 total_blobs=15111 nmethods=14185 adapters=837
 compilation: enabled
              stopped_count=0, restarted_count=0
 full_count=0

Compilation events (20 events):
Event: 325,061 Thread 0x00007ff98c14f800 14239       3       com.sun.tools.javac.tree.JCTree$JCMethodDecl::accept (6 bytes)
Event: 325,062 Thread 0x00007ff98c14f800 nmethod 14239 0x00007ff97b78f610 code [0x00007ff97b78f7c0, 0x00007ff97b78f980]
Event: 325,062 Thread 0x00007ff98c14f800 14240       3       com.sun.tools.javac.tree.JCTree$JCModifiers::accept (6 bytes)
Event: 325,062 Thread 0x00007ff98c14f800 nmethod 14240 0x00007ff97b78fa90 code [0x00007ff97b78fc40, 0x00007ff97b78fe00]
Event: 325,063 Thread 0x00007ff98c14f800 14242       3       com.sun.tools.javac.tree.TreeInfo::getStartPos (733 bytes)
Event: 325,065 Thread 0x00007ff98c14f800 nmethod 14242 0x00007ff97b78ff10 code [0x00007ff97b790400, 0x00007ff97b793510]
Event: 325,065 Thread 0x00007ff98c14f800 14243       3       com.sun.tools.javac.jvm.Code::width (34 bytes)
Event: 325,066 Thread 0x00007ff98c14f800 nmethod 14243 0x00007ff97b794110 code [0x00007ff97b794300, 0x00007ff97b7947f0]
Event: 325,066 Thread 0x00007ff98c14f800 14241   !   3       com.sun.tools.javac.comp.TransTypes::translate (35 bytes)
Event: 325,067 Thread 0x00007ff98c14f800 nmethod 14241 0x00007ff97b794990 code [0x00007ff97b794b60, 0x00007ff97b794fe0]
Event: 325,069 Thread 0x00007ff98c14d800 14249       4       java.util.concurrent.ThreadPoolExecutor::runStateAtLeast (11 bytes)
Event: 325,069 Thread 0x00007ff98c14f800 14245       3       com.google.common.collect.ImmutableSetMultimap::builder (8 bytes)
Event: 325,069 Thread 0x00007ff98c14d800 nmethod 14249 0x00007ff9817a0c90 code [0x00007ff9817a0e20, 0x00007ff9817a0e78]
Event: 325,069 Thread 0x00007ff98c14d800 14248       4       com.google.common.collect.CompactHashMap::init (88 bytes)
Event: 325,070 Thread 0x00007ff98c14f800 nmethod 14245 0x00007ff97b795190 code [0x00007ff97b7953c0, 0x00007ff97b795980]
Event: 325,070 Thread 0x00007ff98c14f800 14244       1       org.gradle.api.internal.tasks.compile.incremental.processing.AnnotationProcessingData::getGeneratedTypesByOrigin (5 bytes)
Event: 325,070 Thread 0x00007ff98c14f800 nmethod 14244 0x00007ff9817a0f10 code [0x00007ff9817a10c0, 0x00007ff9817a1170]
Event: 325,070 Thread 0x00007ff98c14f800 14247       1       org.gradle.api.internal.tasks.compile.incremental.processing.AnnotationProcessingData::getGeneratedResourcesByOrigin (5 bytes)
Event: 325,070 Thread 0x00007ff98c14f800 nmethod 14247 0x00007ff9817a1210 code [0x00007ff9817a13c0, 0x00007ff9817a1470]
Event: 325,070 Thread 0x00007ff98c14f800 14246       1       org.gradle.api.internal.tasks.compile.incremental.classpath.ClasspathEntrySnapshotData::getClassAnalysis (5 bytes)

GC Heap History (20 events):
Event: 9,818 GC heap before
{Heap before GC invocations=13 (full 0):
 garbage-first heap   total 143360K, used 105789K [0x0000000080000000, 0x0000000100000000)
  region size 1024K, 75 young (76800K), 10 survivors (10240K)
 Metaspace       used 58552K, capacity 60030K, committed 60160K, reserved 1101824K
  class space    used 7423K, capacity 7924K, committed 7936K, reserved 1048576K
}
Event: 9,886 GC heap after
{Heap after GC invocations=14 (full 0):
 garbage-first heap   total 143360K, used 45874K [0x0000000080000000, 0x0000000100000000)
  region size 1024K, 5 young (5120K), 5 survivors (5120K)
 Metaspace       used 58552K, capacity 60030K, committed 60160K, reserved 1101824K
  class space    used 7423K, capacity 7924K, committed 7936K, reserved 1048576K
}
Event: 10,516 GC heap before
{Heap before GC invocations=15 (full 0):
 garbage-first heap   total 143360K, used 111410K [0x0000000080000000, 0x0000000100000000)
  region size 1024K, 69 young (70656K), 5 survivors (5120K)
 Metaspace       used 63256K, capacity 64800K, committed 64972K, reserved 1105920K
  class space    used 8066K, capacity 8628K, committed 8704K, reserved 1048576K
}
Event: 10,528 GC heap after
{Heap after GC invocations=16 (full 0):
 garbage-first heap   total 143360K, used 50924K [0x0000000080000000, 0x0000000100000000)
  region size 1024K, 9 young (9216K), 9 survivors (9216K)
 Metaspace       used 63256K, capacity 64800K, committed 64972K, reserved 1105920K
  class space    used 8066K, capacity 8628K, committed 8704K, reserved 1048576K
}
Event: 11,568 GC heap before
{Heap before GC invocations=16 (full 0):
 garbage-first heap   total 143360K, used 113388K [0x0000000080000000, 0x0000000100000000)
  region size 1024K, 70 young (71680K), 9 survivors (9216K)
 Metaspace       used 70406K, capacity 72132K, committed 72268K, reserved 1112064K
  class space    used 9222K, capacity 9837K, committed 9856K, reserved 1048576K
}
Event: 11,576 GC heap after
{Heap after GC invocations=17 (full 0):
 garbage-first heap   total 192512K, used 54701K [0x0000000080000000, 0x0000000100000000)
  region size 1024K, 4 young (4096K), 4 survivors (4096K)
 Metaspace       used 70406K, capacity 72132K, committed 72268K, reserved 1112064K
  class space    used 9222K, capacity 9837K, committed 9856K, reserved 1048576K
}
Event: 12,832 GC heap before
{Heap before GC invocations=17 (full 0):
 garbage-first heap   total 192512K, used 133549K [0x0000000080000000, 0x0000000100000000)
  region size 1024K, 81 young (82944K), 4 survivors (4096K)
 Metaspace       used 77022K, capacity 78982K, committed 79180K, reserved 1118208K
  class space    used 10128K, capacity 10847K, committed 10880K, reserved 1048576K
}
Event: 12,862 GC heap after
{Heap after GC invocations=18 (full 0):
 garbage-first heap   total 192512K, used 59679K [0x0000000080000000, 0x0000000100000000)
  region size 1024K, 9 young (9216K), 9 survivors (9216K)
 Metaspace       used 77022K, capacity 78982K, committed 79180K, reserved 1118208K
  class space    used 10128K, capacity 10847K, committed 10880K, reserved 1048576K
}
Event: 14,120 GC heap before
{Heap before GC invocations=18 (full 0):
 garbage-first heap   total 192512K, used 137503K [0x0000000080000000, 0x0000000100000000)
  region size 1024K, 86 young (88064K), 9 survivors (9216K)
 Metaspace       used 78081K, capacity 80066K, committed 80332K, reserved 1118208K
  class space    used 10202K, capacity 10919K, committed 11008K, reserved 1048576K
}
Event: 14,134 GC heap after
{Heap after GC invocations=19 (full 0):
 garbage-first heap   total 192512K, used 65290K [0x0000000080000000, 0x0000000100000000)
  region size 1024K, 11 young (11264K), 11 survivors (11264K)
 Metaspace       used 78081K, capacity 80066K, committed 80332K, reserved 1118208K
  class space    used 10202K, capacity 10919K, committed 11008K, reserved 1048576K
}
Event: 177,673 GC heap before
{Heap before GC invocations=19 (full 0):
 garbage-first heap   total 192512K, used 142090K [0x0000000080000000, 0x0000000100000000)
  region size 1024K, 87 young (89088K), 11 survivors (11264K)
 Metaspace       used 79602K, capacity 81713K, committed 81996K, reserved 1120256K
  class space    used 10333K, capacity 11075K, committed 11136K, reserved 1048576K
}
Event: 177,771 GC heap after
{Heap after GC invocations=20 (full 0):
 garbage-first heap   total 192512K, used 69228K [0x0000000080000000, 0x0000000100000000)
  region size 1024K, 10 young (10240K), 10 survivors (10240K)
 Metaspace       used 79602K, capacity 81713K, committed 81996K, reserved 1120256K
  class space    used 10333K, capacity 11075K, committed 11136K, reserved 1048576K
}
Event: 180,228 GC heap before
{Heap before GC invocations=20 (full 0):
 garbage-first heap   total 192512K, used 148076K [0x0000000080000000, 0x0000000100000000)
  region size 1024K, 86 young (88064K), 10 survivors (10240K)
 Metaspace       used 87501K, capacity 89682K, committed 89932K, reserved 1126400K
  class space    used 11262K, capacity 12095K, committed 12160K, reserved 1048576K
}
Event: 180,276 GC heap after
{Heap after GC invocations=21 (full 0):
 garbage-first heap   total 192512K, used 80896K [0x0000000080000000, 0x0000000100000000)
  region size 1024K, 11 young (11264K), 11 survivors (11264K)
 Metaspace       used 87501K, capacity 89682K, committed 89932K, reserved 1126400K
  class space    used 11262K, capacity 12095K, committed 12160K, reserved 1048576K
}
Event: 183,499 GC heap before
{Heap before GC invocations=21 (full 0):
 garbage-first heap   total 192512K, used 147456K [0x0000000080000000, 0x0000000100000000)
  region size 1024K, 78 young (79872K), 11 survivors (11264K)
 Metaspace       used 98170K, capacity 100748K, committed 100812K, reserved 1136640K
  class space    used 12833K, capacity 13817K, committed 13824K, reserved 1048576K
}
Event: 183,524 GC heap after
{Heap after GC invocations=22 (full 0):
 garbage-first heap   total 192512K, used 80896K [0x0000000080000000, 0x0000000100000000)
  region size 1024K, 3 young (3072K), 3 survivors (3072K)
 Metaspace       used 98170K, capacity 100748K, committed 100812K, reserved 1136640K
  class space    used 12833K, capacity 13817K, committed 13824K, reserved 1048576K
}
Event: 185,720 GC heap before
{Heap before GC invocations=23 (full 0):
 garbage-first heap   total 192512K, used 151552K [0x0000000080000000, 0x0000000100000000)
  region size 1024K, 73 young (74752K), 3 survivors (3072K)
 Metaspace       used 103620K, capacity 106383K, committed 106656K, reserved 1140736K
  class space    used 13685K, capacity 14722K, committed 14804K, reserved 1048576K
}
Event: 185,730 GC heap after
{Heap after GC invocations=24 (full 0):
 garbage-first heap   total 192512K, used 83381K [0x0000000080000000, 0x0000000100000000)
  region size 1024K, 6 young (6144K), 6 survivors (6144K)
 Metaspace       used 103620K, capacity 106383K, committed 106656K, reserved 1140736K
  class space    used 13685K, capacity 14722K, committed 14804K, reserved 1048576K
}
Event: 316,070 GC heap before
{Heap before GC invocations=24 (full 0):
 garbage-first heap   total 192512K, used 160181K [0x0000000080000000, 0x0000000100000000)
  region size 1024K, 75 young (76800K), 6 survivors (6144K)
 Metaspace       used 105717K, capacity 108541K, committed 108704K, reserved 1142784K
  class space    used 13915K, capacity 14979K, committed 15060K, reserved 1048576K
}
Event: 316,120 GC heap after
{Heap after GC invocations=25 (full 0):
 garbage-first heap   total 192512K, used 84927K [0x0000000080000000, 0x0000000100000000)
  region size 1024K, 7 young (7168K), 7 survivors (7168K)
 Metaspace       used 105717K, capacity 108541K, committed 108704K, reserved 1142784K
  class space    used 13915K, capacity 14979K, committed 15060K, reserved 1048576K
}

Deoptimization events (20 events):
Event: 324,144 Thread 0x00007ff8fc562000 Uncommon trap: trap_request=0xffffff4d fr.pc=0x00007ff981573dd8 relative=0x00000000000002d8
Event: 324,144 Thread 0x00007ff8fc562000 Uncommon trap: reason=unstable_if action=reinterpret pc=0x00007ff981573dd8 method=com.sun.tools.javac.code.Types.rank(Lcom/sun/tools/javac/code/Type;)I @ 80 c2
Event: 324,144 Thread 0x00007ff8fc562000 DEOPT PACKING pc=0x00007ff981573dd8 sp=0x00007ff964de1590
Event: 324,144 Thread 0x00007ff8fc562000 DEOPT UNPACKING pc=0x00007ff9795588a5 sp=0x00007ff964de1538 mode 2
Event: 325,060 Thread 0x00007ff8fc562000 Uncommon trap: trap_request=0xffffffc6 fr.pc=0x00007ff98179a378 relative=0x00000000000006b8
Event: 325,060 Thread 0x00007ff8fc562000 Uncommon trap: reason=bimorphic_or_optimized_type_check action=maybe_recompile pc=0x00007ff98179a378 method=com.sun.tools.javac.code.Type$ClassType.allparams()Lcom/sun/tools/javac/util/List; @ 9 c2
Event: 325,060 Thread 0x00007ff8fc562000 DEOPT PACKING pc=0x00007ff98179a378 sp=0x00007ff964de0c40
Event: 325,060 Thread 0x00007ff8fc562000 DEOPT UNPACKING pc=0x00007ff9795588a5 sp=0x00007ff964de0c10 mode 2
Event: 325,061 Thread 0x00007ff8fc562000 Uncommon trap: trap_request=0xffffffc6 fr.pc=0x00007ff98179a378 relative=0x00000000000006b8
Event: 325,061 Thread 0x00007ff8fc562000 Uncommon trap: reason=bimorphic_or_optimized_type_check action=maybe_recompile pc=0x00007ff98179a378 method=com.sun.tools.javac.code.Type$ClassType.allparams()Lcom/sun/tools/javac/util/List; @ 9 c2
Event: 325,061 Thread 0x00007ff8fc562000 DEOPT PACKING pc=0x00007ff98179a378 sp=0x00007ff964de10b0
Event: 325,061 Thread 0x00007ff8fc562000 DEOPT UNPACKING pc=0x00007ff9795588a5 sp=0x00007ff964de1080 mode 2
Event: 325,061 Thread 0x00007ff8fc562000 Uncommon trap: trap_request=0xffffffc6 fr.pc=0x00007ff98179a378 relative=0x00000000000006b8
Event: 325,061 Thread 0x00007ff8fc562000 Uncommon trap: reason=bimorphic_or_optimized_type_check action=maybe_recompile pc=0x00007ff98179a378 method=com.sun.tools.javac.code.Type$ClassType.allparams()Lcom/sun/tools/javac/util/List; @ 9 c2
Event: 325,061 Thread 0x00007ff8fc562000 DEOPT PACKING pc=0x00007ff98179a378 sp=0x00007ff964de10c0
Event: 325,061 Thread 0x00007ff8fc562000 DEOPT UNPACKING pc=0x00007ff9795588a5 sp=0x00007ff964de1090 mode 2
Event: 325,061 Thread 0x00007ff8fc562000 Uncommon trap: trap_request=0xffffffc6 fr.pc=0x00007ff98179a378 relative=0x00000000000006b8
Event: 325,061 Thread 0x00007ff8fc562000 Uncommon trap: reason=bimorphic_or_optimized_type_check action=maybe_recompile pc=0x00007ff98179a378 method=com.sun.tools.javac.code.Type$ClassType.allparams()Lcom/sun/tools/javac/util/List; @ 9 c2
Event: 325,061 Thread 0x00007ff8fc562000 DEOPT PACKING pc=0x00007ff98179a378 sp=0x00007ff964de10c0
Event: 325,061 Thread 0x00007ff8fc562000 DEOPT UNPACKING pc=0x00007ff9795588a5 sp=0x00007ff964de1090 mode 2

Classes redefined (0 events):
No events

Internal exceptions (20 events):
Event: 282,195 Thread 0x00007ff8f4004800 Exception <a 'java/lang/NoSuchMethodError'{0x00000000889c4080}: <clinit>> (0x00000000889c4080) thrown at [src/hotspot/share/prims/jni.cpp, line 1362]
Event: 282,573 Thread 0x00007ff918015800 Exception <a 'java/lang/NoSuchMethodError'{0x00000000881d8ca8}: <clinit>> (0x00000000881d8ca8) thrown at [src/hotspot/share/prims/jni.cpp, line 1362]
Event: 282,575 Thread 0x00007ff918015800 Exception <a 'java/lang/NoSuchMethodError'{0x00000000881e9d10}: <clinit>> (0x00000000881e9d10) thrown at [src/hotspot/share/prims/jni.cpp, line 1362]
Event: 282,575 Thread 0x00007ff918015800 Exception <a 'java/lang/NoSuchMethodError'{0x00000000881eb3f8}: <clinit>> (0x00000000881eb3f8) thrown at [src/hotspot/share/prims/jni.cpp, line 1362]
Event: 282,576 Thread 0x00007ff918015800 Exception <a 'java/lang/NoSuchMethodError'{0x00000000881fdac8}: <clinit>> (0x00000000881fdac8) thrown at [src/hotspot/share/prims/jni.cpp, line 1362]
Event: 282,577 Thread 0x00007ff918015800 Exception <a 'java/lang/NoSuchMethodError'{0x000000008800a110}: <clinit>> (0x000000008800a110) thrown at [src/hotspot/share/prims/jni.cpp, line 1362]
Event: 284,545 Thread 0x00007ff8fd513800 Exception <a 'java/io/IOException'{0x000000008af51470}> (0x000000008af51470) thrown at [src/hotspot/share/prims/jni.cpp, line 615]
Event: 289,546 Thread 0x00007ff8fd513800 Exception <a 'java/io/IOException'{0x000000008802dc00}> (0x000000008802dc00) thrown at [src/hotspot/share/prims/jni.cpp, line 615]
Event: 294,547 Thread 0x00007ff8fd513800 Exception <a 'java/io/IOException'{0x00000000880447f8}> (0x00000000880447f8) thrown at [src/hotspot/share/prims/jni.cpp, line 615]
Event: 299,547 Thread 0x00007ff8fd513800 Exception <a 'java/io/IOException'{0x00000000880594a0}> (0x00000000880594a0) thrown at [src/hotspot/share/prims/jni.cpp, line 615]
Event: 304,545 Thread 0x00007ff8fd513800 Exception <a 'java/io/IOException'{0x000000008806eff0}> (0x000000008806eff0) thrown at [src/hotspot/share/prims/jni.cpp, line 615]
Event: 309,545 Thread 0x00007ff8fd513800 Exception <a 'java/io/IOException'{0x000000008809d1c8}> (0x000000008809d1c8) thrown at [src/hotspot/share/prims/jni.cpp, line 615]
Event: 314,545 Thread 0x00007ff8fd513800 Exception <a 'java/io/IOException'{0x00000000880b2dc8}> (0x00000000880b2dc8) thrown at [src/hotspot/share/prims/jni.cpp, line 615]
Event: 315,944 Thread 0x00007ff8fc562000 Implicit null exception at 0x00007ff9816b39f5 to 0x00007ff9816b44a4
Event: 316,278 Thread 0x00007ff8fc562000 Exception <a 'java/lang/NoClassDefFoundError'{0x000000008b1a5870}: org/jetbrains/kotlin/gradle/plugin/KotlinBasePluginWrapper> (0x000000008b1a5870) thrown at [src/hotspot/share/oops/constantPool.cpp, line 775]
Event: 319,545 Thread 0x00007ff8fd513800 Exception <a 'java/io/IOException'{0x00000000894cf238}> (0x00000000894cf238) thrown at [src/hotspot/share/prims/jni.cpp, line 615]
Event: 324,678 Thread 0x00007ff8fd513800 Exception <a 'java/io/IOException'{0x00000000894d4c80}> (0x00000000894d4c80) thrown at [src/hotspot/share/prims/jni.cpp, line 615]
Event: 324,790 Thread 0x00007ff8fc562000 Exception <a 'sun/nio/fs/UnixException'{0x0000000088307d30}> (0x0000000088307d30) thrown at [src/hotspot/share/prims/jni.cpp, line 615]
Event: 324,791 Thread 0x00007ff8fc562000 Exception <a 'sun/nio/fs/UnixException'{0x0000000088309700}> (0x0000000088309700) thrown at [src/hotspot/share/prims/jni.cpp, line 615]
Event: 324,791 Thread 0x00007ff8fc562000 Exception <a 'sun/nio/fs/UnixException'{0x000000008830b0b8}> (0x000000008830b0b8) thrown at [src/hotspot/share/prims/jni.cpp, line 615]

Events (20 events):
Event: 316,698 Executing VM operation: RevokeBias
Event: 316,700 Executing VM operation: RevokeBias done
Event: 316,719 Thread 0x00007ff8f412f800 Thread added: 0x00007ff8f412f800
Event: 316,721 loading class org/gradle/internal/snapshot/FileSystemSnapshot
Event: 316,721 loading class org/gradle/internal/snapshot/FileSystemSnapshot done
Event: 316,722 loading class org/gradle/internal/snapshot/FileSystemSnapshot
Event: 316,722 loading class org/gradle/internal/snapshot/FileSystemSnapshot done
Event: 316,730 Protecting memory [0x00007ff940346000,0x00007ff94034a000] with protection modes 0
Event: 316,738 Loaded shared library /var/lib/snapd/snap/android-studio/115/android-studio/jre/lib/libnio.so
Event: 317,088 Executing VM operation: Deoptimize
Event: 317,128 Executing VM operation: Deoptimize done
Event: 318,740 Thread 0x00007ff92c4eb000 Thread exited: 0x00007ff92c4eb000
Event: 324,011 loading class com/sun/tools/javac/comp/Attr
Event: 324,011 loading class com/sun/tools/javac/comp/Attr done
Event: 324,011 loading class com/sun/tools/javac/code/Symbol$VarSymbol
Event: 324,011 loading class com/sun/tools/javac/code/Symbol$VarSymbol done
Event: 324,791 loading class java/nio/file/Path$1
Event: 324,908 loading class java/nio/file/Path$1 done
Event: 324,918 Executing VM operation: ICBufferFull
Event: 324,918 Executing VM operation: ICBufferFull done


Dynamic libraries:
00400000-00401000 r-xp 00000000 07:01 62                                 /var/lib/snapd/snap/android-studio/115/android-studio/jre/bin/java
00600000-00601000 r--p 00000000 07:01 62                                 /var/lib/snapd/snap/android-studio/115/android-studio/jre/bin/java
00601000-00602000 rw-p 00001000 07:01 62                                 /var/lib/snapd/snap/android-studio/115/android-studio/jre/bin/java
0064a000-0066b000 rw-p 00000000 00:00 0                                  [heap]
80000000-8bc00000 rw-p 00000000 00:00 0 
8bc00000-100000000 ---p 00000000 00:00 0 
100000000-100eb5000 rw-p 00000000 00:00 0 
100eb5000-140000000 ---p 00000000 00:00 0 
7ff8e3cb7000-7ff8e3eff000 rw-p 00000000 00:00 0 
7ff8e3eff000-7ff8e3f03000 ---p 00000000 00:00 0 
7ff8e3f03000-7ff8e4000000 rw-p 00000000 00:00 0 
7ff8e4000000-7ff8e4021000 rw-p 00000000 00:00 0 
7ff8e4021000-7ff8e8000000 ---p 00000000 00:00 0 
7ff8e8094000-7ff8e8098000 ---p 00000000 00:00 0 
7ff8e8098000-7ff8e8395000 rw-p 00000000 00:00 0 
7ff8e8395000-7ff8e83dc000 r-xp 00000000 07:01 463                        /var/lib/snapd/snap/android-studio/115/android-studio/jre/lib/libsunec.so
7ff8e83dc000-7ff8e85dc000 ---p 00047000 07:01 463                        /var/lib/snapd/snap/android-studio/115/android-studio/jre/lib/libsunec.so
7ff8e85dc000-7ff8e85e0000 r--p 00047000 07:01 463                        /var/lib/snapd/snap/android-studio/115/android-studio/jre/lib/libsunec.so
7ff8e85e0000-7ff8e85e2000 rw-p 0004b000 07:01 463                        /var/lib/snapd/snap/android-studio/115/android-studio/jre/lib/libsunec.so
7ff8e85e2000-7ff8e87f4000 rw-p 00000000 00:00 0 
7ff8e87f4000-7ff8e89f4000 rw-p 00000000 00:00 0 
7ff8e89f4000-7ff8e8bf4000 rw-p 00000000 00:00 0 
7ff8e8bf4000-7ff8e8df4000 rw-p 00000000 00:00 0 
7ff8e8df4000-7ff8e8ff4000 rw-p 00000000 00:00 0 
7ff8e8ff4000-7ff8e91f4000 rw-p 00000000 00:00 0 
7ff8e91f4000-7ff8e91f8000 ---p 00000000 00:00 0 
7ff8e91f8000-7ff8e92f5000 rw-p 00000000 00:00 0 
7ff8e92f5000-7ff8e92f9000 ---p 00000000 00:00 0 
7ff8e92f9000-7ff8e93f6000 rw-p 00000000 00:00 0 
7ff8e93f6000-7ff8e93fa000 ---p 00000000 00:00 0 
7ff8e93fa000-7ff8e94f7000 rw-p 00000000 00:00 0 
7ff8e94f7000-7ff8e94fb000 ---p 00000000 00:00 0 
7ff8e94fb000-7ff8e95f8000 rw-p 00000000 00:00 0 
7ff8e95f8000-7ff8e95fc000 ---p 00000000 00:00 0 
7ff8e95fc000-7ff8e98f9000 rw-p 00000000 00:00 0 
7ff8e98f9000-7ff8e9af9000 rw-p 00000000 00:00 0 
7ff8e9af9000-7ff8e9cf9000 rw-p 00000000 00:00 0 
7ff8e9cf9000-7ff8e9cfd000 ---p 00000000 00:00 0 
7ff8e9cfd000-7ff8e9dfa000 rw-p 00000000 00:00 0 
7ff8e9dfa000-7ff8e9dfe000 ---p 00000000 00:00 0 
7ff8e9dfe000-7ff8ea0fb000 rw-p 00000000 00:00 0 
7ff8ea0fb000-7ff8ea2fb000 rw-p 00000000 00:00 0 
7ff8ea2fb000-7ff8ea4fb000 rw-p 00000000 00:00 0 
7ff8ea4fb000-7ff8ea4ff000 ---p 00000000 00:00 0 
7ff8ea4ff000-7ff8ea5fc000 rw-p 00000000 00:00 0 
7ff8ea5fc000-7ff8ea600000 ---p 00000000 00:00 0 
7ff8ea600000-7ff8ea6fd000 rw-p 00000000 00:00 0 
7ff8ea6fd000-7ff8ea701000 ---p 00000000 00:00 0 
7ff8ea701000-7ff8ea7fe000 rw-p 00000000 00:00 0 
7ff8ea7fe000-7ff8ea802000 ---p 00000000 00:00 0 
7ff8ea802000-7ff8ea8ff000 rw-p 00000000 00:00 0 
7ff8ea8ff000-7ff8ea903000 ---p 00000000 00:00 0 
7ff8ea903000-7ff8eac00000 rw-p 00000000 00:00 0 
7ff8eac00000-7ff8eae00000 rw-p 00000000 00:00 0 
7ff8eae00000-7ff8eb000000 rw-p 00000000 00:00 0 
7ff8eb000000-7ff8eb200000 rw-p 00000000 00:00 0 
7ff8eb200000-7ff8eb400000 rw-p 00000000 00:00 0 
7ff8eb400000-7ff8eb600000 rw-p 00000000 00:00 0 
7ff8eb600000-7ff8eb800000 rw-p 00000000 00:00 0 
7ff8eb800000-7ff8eb9f3000 rw-p 00000000 00:00 0 
7ff8eb9f3000-7ff8eba00000 ---p 00000000 00:00 0 
7ff8eba00000-7ff8ebc00000 rw-p 00000000 00:00 0 
7ff8ebc00000-7ff8ebe00000 rw-p 00000000 00:00 0 
7ff8ebe00000-7ff8ec000000 rw-p 00000000 00:00 0 
7ff8ec000000-7ff8ec05b000 rw-p 00000000 00:00 0 
7ff8ec05b000-7ff8f0000000 ---p 00000000 00:00 0 
7ff8f0000000-7ff8f002c000 rw-p 00000000 00:00 0 
7ff8f002c000-7ff8f4000000 ---p 00000000 00:00 0 
7ff8f4000000-7ff8f425e000 rw-p 00000000 00:00 0 
7ff8f425e000-7ff8f8000000 ---p 00000000 00:00 0 
7ff8f8000000-7ff8f819f000 rw-p 00000000 00:00 0 
7ff8f819f000-7ff8fc000000 ---p 00000000 00:00 0 
7ff8fc000000-7ff8fdbf1000 rw-p 00000000 00:00 0 
7ff8fdbf1000-7ff900000000 ---p 00000000 00:00 0 
7ff900000000-7ff9012ac000 rw-p 00000000 00:00 0 
7ff9012ac000-7ff904000000 ---p 00000000 00:00 0 
7ff904000000-7ff90403e000 rw-p 00000000 00:00 0 
7ff90403e000-7ff908000000 ---p 00000000 00:00 0 
7ff908000000-7ff90856d000 rw-p 00000000 00:00 0 
7ff90856d000-7ff90c000000 ---p 00000000 00:00 0 
7ff90c000000-7ff90c032000 rw-p 00000000 00:00 0 
7ff90c032000-7ff910000000 ---p 00000000 00:00 0 
7ff910000000-7ff910021000 rw-p 00000000 00:00 0 
7ff910021000-7ff914000000 ---p 00000000 00:00 0 
7ff914000000-7ff91403d000 rw-p 00000000 00:00 0 
7ff91403d000-7ff918000000 ---p 00000000 00:00 0 
7ff918000000-7ff918053000 rw-p 00000000 00:00 0 
7ff918053000-7ff91c000000 ---p 00000000 00:00 0 
7ff91c000000-7ff91c71f000 rw-p 00000000 00:00 0 
7ff91c71f000-7ff920000000 ---p 00000000 00:00 0 
7ff920000000-7ff92026f000 rw-p 00000000 00:00 0 
7ff92026f000-7ff924000000 ---p 00000000 00:00 0 
7ff924000000-7ff924059000 rw-p 00000000 00:00 0 
7ff924059000-7ff928000000 ---p 00000000 00:00 0 
7ff928000000-7ff928726000 rw-p 00000000 00:00 0 
7ff928726000-7ff92c000000 ---p 00000000 00:00 0 
7ff92c000000-7ff92c993000 rw-p 00000000 00:00 0 
7ff92c993000-7ff930000000 ---p 00000000 00:00 0 
7ff930000000-7ff930159000 rw-p 00000000 00:00 0 
7ff930159000-7ff934000000 ---p 00000000 00:00 0 
7ff934000000-7ff934024000 rw-p 00000000 00:00 0 
7ff934024000-7ff938000000 ---p 00000000 00:00 0 
7ff938000000-7ff939d7a000 rw-p 00000000 00:00 0 
7ff939d7a000-7ff93c000000 ---p 00000000 00:00 0 
7ff93c000000-7ff93c04a000 rw-p 00000000 00:00 0 
7ff93c04a000-7ff940000000 ---p 00000000 00:00 0 
7ff940045000-7ff940245000 rw-p 00000000 00:00 0 
7ff940245000-7ff940249000 ---p 00000000 00:00 0 
7ff940249000-7ff940346000 rw-p 00000000 00:00 0 
7ff940346000-7ff94034a000 ---p 00000000 00:00 0 
7ff94034a000-7ff940447000 rw-p 00000000 00:00 0 
7ff940447000-7ff94044b000 ---p 00000000 00:00 0 
7ff94044b000-7ff940548000 rw-p 00000000 00:00 0 
7ff940548000-7ff94054c000 ---p 00000000 00:00 0 
7ff94054c000-7ff940649000 rw-p 00000000 00:00 0 
7ff940649000-7ff94064d000 ---p 00000000 00:00 0 
7ff94064d000-7ff94094a000 rw-p 00000000 00:00 0 
7ff94094a000-7ff94094e000 ---p 00000000 00:00 0 
7ff94094e000-7ff940c4b000 rw-p 00000000 00:00 0 
7ff940c4b000-7ff940c4f000 ---p 00000000 00:00 0 
7ff940c4f000-7ff940f4c000 rw-p 00000000 00:00 0 
7ff940f4c000-7ff94114c000 rw-p 00000000 00:00 0 
7ff9411c5000-7ff9413c5000 rw-p 00000000 00:00 0 
7ff9413c5000-7ff9413c9000 ---p 00000000 00:00 0 
7ff9413c9000-7ff9414c6000 rw-p 00000000 00:00 0 
7ff9414c6000-7ff9414ca000 ---p 00000000 00:00 0 
7ff9414ca000-7ff9415c7000 rw-p 00000000 00:00 0 
7ff9415c7000-7ff9415cb000 ---p 00000000 00:00 0 
7ff9415cb000-7ff9416c8000 rw-p 00000000 00:00 0 
7ff9416c8000-7ff9416cc000 ---p 00000000 00:00 0 
7ff9416cc000-7ff9419c9000 rw-p 00000000 00:00 0 
7ff9419c9000-7ff941bc9000 rw-p 00000000 00:00 0 
7ff941bc9000-7ff941dc9000 rw-p 00000000 00:00 0 
7ff941dc9000-7ff941dcd000 ---p 00000000 00:00 0 
7ff941dcd000-7ff9420ca000 rw-p 00000000 00:00 0 
7ff9420ca000-7ff9420ce000 ---p 00000000 00:00 0 
7ff9420ce000-7ff9421cb000 rw-p 00000000 00:00 0 
7ff9421cb000-7ff9421cf000 ---p 00000000 00:00 0 
7ff9421cf000-7ff9422cc000 rw-p 00000000 00:00 0 
7ff9422cc000-7ff9422d0000 ---p 00000000 00:00 0 
7ff9422d0000-7ff9423cd000 rw-p 00000000 00:00 0 
7ff9423cd000-7ff9423d1000 ---p 00000000 00:00 0 
7ff9423d1000-7ff9426ce000 rw-p 00000000 00:00 0 
7ff9426ce000-7ff9426d2000 ---p 00000000 00:00 0 
7ff9426d2000-7ff9427cf000 rw-p 00000000 00:00 0 
7ff9427cf000-7ff9427d3000 ---p 00000000 00:00 0 
7ff9427d3000-7ff942ad0000 rw-p 00000000 00:00 0 
7ff942ad0000-7ff950000000 r--p 00000000 00:20 170268                     /usr/lib/locale/locale-archive
7ff950000000-7ff950055000 rw-p 00000000 00:00 0 
7ff950055000-7ff954000000 ---p 00000000 00:00 0 
7ff954000000-7ff9540a9000 rw-p 00000000 00:00 0 
7ff9540a9000-7ff958000000 ---p 00000000 00:00 0 
7ff958000000-7ff958021000 rw-p 00000000 00:00 0 
7ff958021000-7ff95c000000 ---p 00000000 00:00 0 
7ff95c000000-7ff95c1ce000 rw-p 00000000 00:00 0 
7ff95c1ce000-7ff960000000 ---p 00000000 00:00 0 
7ff960000000-7ff960021000 rw-p 00000000 00:00 0 
7ff960021000-7ff964000000 ---p 00000000 00:00 0 
7ff9640e1000-7ff9640e5000 ---p 00000000 00:00 0 
7ff9640e5000-7ff9643e2000 rw-p 00000000 00:00 0 
7ff9643e2000-7ff9643e6000 ---p 00000000 00:00 0 
7ff9643e6000-7ff9644e3000 rw-p 00000000 00:00 0 
7ff9644e3000-7ff9644e7000 ---p 00000000 00:00 0 
7ff9644e7000-7ff9645e4000 rw-p 00000000 00:00 0 
7ff9645e4000-7ff9645e5000 ---p 00000000 00:00 0 
7ff9645e5000-7ff9646e6000 rw-p 00000000 00:00 0 
7ff9646e6000-7ff9646e7000 ---p 00000000 00:00 0 
7ff9646e7000-7ff9649e8000 rw-p 00000000 00:00 0 
7ff9649e8000-7ff9649ec000 ---p 00000000 00:00 0 
7ff9649ec000-7ff964ae9000 rw-p 00000000 00:00 0 
7ff964ae9000-7ff964aed000 ---p 00000000 00:00 0 
7ff964aed000-7ff964bea000 rw-p 00000000 00:00 0 
7ff964bea000-7ff964bee000 ---p 00000000 00:00 0 
7ff964bee000-7ff964ceb000 rw-p 00000000 00:00 0 
7ff964ceb000-7ff964cef000 ---p 00000000 00:00 0 
7ff964cef000-7ff964dec000 rw-p 00000000 00:00 0 
7ff964dec000-7ff964df0000 ---p 00000000 00:00 0 
7ff964df0000-7ff964eed000 rw-p 00000000 00:00 0 
7ff964eed000-7ff964ef1000 ---p 00000000 00:00 0 
7ff964ef1000-7ff9651ee000 rw-p 00000000 00:00 0 
7ff9651ee000-7ff9651f2000 ---p 00000000 00:00 0 
7ff9651f2000-7ff9652ef000 rw-p 00000000 00:00 0 
7ff9652ef000-7ff9652f3000 ---p 00000000 00:00 0 
7ff9652f3000-7ff9653f0000 rw-p 00000000 00:00 0 
7ff9653f0000-7ff9653f4000 ---p 00000000 00:00 0 
7ff9653f4000-7ff9654f1000 rw-p 00000000 00:00 0 
7ff9654f1000-7ff9654f3000 r-xp 00000000 07:01 437                        /var/lib/snapd/snap/android-studio/115/android-studio/jre/lib/libextnet.so
7ff9654f3000-7ff9656f2000 ---p 00002000 07:01 437                        /var/lib/snapd/snap/android-studio/115/android-studio/jre/lib/libextnet.so
7ff9656f2000-7ff9656f3000 r--p 00001000 07:01 437                        /var/lib/snapd/snap/android-studio/115/android-studio/jre/lib/libextnet.so
7ff9656f3000-7ff9656f4000 rw-p 00002000 07:01 437                        /var/lib/snapd/snap/android-studio/115/android-studio/jre/lib/libextnet.so
7ff9656f4000-7ff9658f4000 rw-p 00000000 00:00 0 
7ff9658f4000-7ff9658f8000 ---p 00000000 00:00 0 
7ff9658f8000-7ff9659f5000 rw-p 00000000 00:00 0 
7ff9659f5000-7ff9659fa000 r-xp 00000000 07:01 454                        /var/lib/snapd/snap/android-studio/115/android-studio/jre/lib/libmanagement_ext.so
7ff9659fa000-7ff965bf9000 ---p 00005000 07:01 454                        /var/lib/snapd/snap/android-studio/115/android-studio/jre/lib/libmanagement_ext.so
7ff965bf9000-7ff965bfa000 r--p 00004000 07:01 454                        /var/lib/snapd/snap/android-studio/115/android-studio/jre/lib/libmanagement_ext.so
7ff965bfa000-7ff965bfb000 rw-p 00005000 07:01 454                        /var/lib/snapd/snap/android-studio/115/android-studio/jre/lib/libmanagement_ext.so
7ff965bfb000-7ff965bff000 r-xp 00000000 07:01 452                        /var/lib/snapd/snap/android-studio/115/android-studio/jre/lib/libmanagement.so
7ff965bff000-7ff965dfe000 ---p 00004000 07:01 452                        /var/lib/snapd/snap/android-studio/115/android-studio/jre/lib/libmanagement.so
7ff965dfe000-7ff965dff000 r--p 00003000 07:01 452                        /var/lib/snapd/snap/android-studio/115/android-studio/jre/lib/libmanagement.so
7ff965dff000-7ff965e00000 rw-p 00004000 07:01 452                        /var/lib/snapd/snap/android-studio/115/android-studio/jre/lib/libmanagement.so
7ff965e00000-7ff966000000 rw-p 00000000 00:00 0 
7ff966000000-7ff968000000 rw-p 00000000 00:00 0 
7ff968000000-7ff968021000 rw-p 00000000 00:00 0 
7ff968021000-7ff96c000000 ---p 00000000 00:00 0 
7ff96c000000-7ff96c0d9000 rw-p 00000000 00:00 0 
7ff96c0d9000-7ff970000000 ---p 00000000 00:00 0 
7ff970000000-7ff9702f0000 rw-p 00000000 00:00 0 
7ff9702f0000-7ff972000000 ---p 00000000 00:00 0 
7ff972000000-7ff9722f0000 rw-p 00000000 00:00 0 
7ff9722f0000-7ff974000000 ---p 00000000 00:00 0 
7ff974000000-7ff97403f000 rw-p 00000000 00:00 0 
7ff97403f000-7ff978000000 ---p 00000000 00:00 0 
7ff978065000-7ff978089000 r--p 00000000 00:20 170256                     /usr/share/locale/pt_BR/LC_MESSAGES/libc.mo
7ff978089000-7ff978289000 rw-p 00000000 00:00 0 
7ff978289000-7ff978322000 r--p 00000000 00:20 171300                     /usr/lib64/libstdc++.so.6.0.29
7ff978322000-7ff978424000 r-xp 00099000 00:20 171300                     /usr/lib64/libstdc++.so.6.0.29
7ff978424000-7ff978497000 r--p 0019b000 00:20 171300                     /usr/lib64/libstdc++.so.6.0.29
7ff978497000-7ff9784a2000 r--p 0020d000 00:20 171300                     /usr/lib64/libstdc++.so.6.0.29
7ff9784a2000-7ff9784a5000 rw-p 00218000 00:20 171300                     /usr/lib64/libstdc++.so.6.0.29
7ff9784a5000-7ff9784a8000 rw-p 00000000 00:00 0 
7ff9784a8000-7ff9784f9000 r-xp 00000000 00:20 1698478                    /home/mantovani/.gradle/native/53dbd7edfb1c66fb8903c78663c9afc45aea4f116125fa6feffd364cf09443e8/linux-amd64/libnative-platform-file-events.so
7ff9784f9000-7ff9786f9000 ---p 00051000 00:20 1698478                    /home/mantovani/.gradle/native/53dbd7edfb1c66fb8903c78663c9afc45aea4f116125fa6feffd364cf09443e8/linux-amd64/libnative-platform-file-events.so
7ff9786f9000-7ff9786fa000 r--p 00051000 00:20 1698478                    /home/mantovani/.gradle/native/53dbd7edfb1c66fb8903c78663c9afc45aea4f116125fa6feffd364cf09443e8/linux-amd64/libnative-platform-file-events.so
7ff9786fa000-7ff9786fc000 rw-p 00052000 00:20 1698478                    /home/mantovani/.gradle/native/53dbd7edfb1c66fb8903c78663c9afc45aea4f116125fa6feffd364cf09443e8/linux-amd64/libnative-platform-file-events.so
7ff9786fc000-7ff978701000 r-xp 00000000 00:20 1698474                    /home/mantovani/.gradle/native/8bec1ad78214c89d9ad589b4d07fe93259594b29d510b10fafb7a158f7737e5d/linux-amd64/libnative-platform.so
7ff978701000-7ff978901000 ---p 00005000 00:20 1698474                    /home/mantovani/.gradle/native/8bec1ad78214c89d9ad589b4d07fe93259594b29d510b10fafb7a158f7737e5d/linux-amd64/libnative-platform.so
7ff978901000-7ff978902000 r--p 00005000 00:20 1698474                    /home/mantovani/.gradle/native/8bec1ad78214c89d9ad589b4d07fe93259594b29d510b10fafb7a158f7737e5d/linux-amd64/libnative-platform.so
7ff978902000-7ff978903000 rw-p 00006000 00:20 1698474                    /home/mantovani/.gradle/native/8bec1ad78214c89d9ad589b4d07fe93259594b29d510b10fafb7a158f7737e5d/linux-amd64/libnative-platform.so
7ff978903000-7ff978904000 ---p 00000000 00:00 0 
7ff978904000-7ff978a05000 rw-p 00000000 00:00 0 
7ff978a05000-7ff978a09000 ---p 00000000 00:00 0 
7ff978a09000-7ff978b06000 rw-p 00000000 00:00 0 
7ff978b06000-7ff978b1a000 r-xp 00000000 07:01 456                        /var/lib/snapd/snap/android-studio/115/android-studio/jre/lib/libnet.so
7ff978b1a000-7ff978d19000 ---p 00014000 07:01 456                        /var/lib/snapd/snap/android-studio/115/android-studio/jre/lib/libnet.so
7ff978d19000-7ff978d1a000 r--p 00013000 07:01 456                        /var/lib/snapd/snap/android-studio/115/android-studio/jre/lib/libnet.so
7ff978d1a000-7ff978d1b000 rw-p 00014000 07:01 456                        /var/lib/snapd/snap/android-studio/115/android-studio/jre/lib/libnet.so
7ff978d1b000-7ff978d2a000 r-xp 00000000 07:01 457                        /var/lib/snapd/snap/android-studio/115/android-studio/jre/lib/libnio.so
7ff978d2a000-7ff978f29000 ---p 0000f000 07:01 457                        /var/lib/snapd/snap/android-studio/115/android-studio/jre/lib/libnio.so
7ff978f29000-7ff978f2a000 r--p 0000e000 07:01 457                        /var/lib/snapd/snap/android-studio/115/android-studio/jre/lib/libnio.so
7ff978f2a000-7ff978f2b000 rw-p 0000f000 07:01 457                        /var/lib/snapd/snap/android-studio/115/android-studio/jre/lib/libnio.so
7ff978f2b000-7ff978f2c000 ---p 00000000 00:00 0 
7ff978f2c000-7ff97902d000 rw-p 00000000 00:00 0 
7ff97902d000-7ff979031000 ---p 00000000 00:00 0 
7ff979031000-7ff97912e000 rw-p 00000000 00:00 0 
7ff97912e000-7ff979132000 ---p 00000000 00:00 0 
7ff979132000-7ff97922f000 rw-p 00000000 00:00 0 
7ff97922f000-7ff979233000 ---p 00000000 00:00 0 
7ff979233000-7ff979330000 rw-p 00000000 00:00 0 
7ff979330000-7ff979334000 ---p 00000000 00:00 0 
7ff979334000-7ff979431000 rw-p 00000000 00:00 0 
7ff979431000-7ff979435000 ---p 00000000 00:00 0 
7ff979435000-7ff979532000 rw-p 00000000 00:00 0 
7ff979532000-7ff9797a2000 rwxp 00000000 00:00 0 
7ff9797a2000-7ff979ac2000 ---p 00000000 00:00 0 
7ff979ac2000-7ff97b7a2000 rwxp 00000000 00:00 0 
7ff97b7a2000-7ff980ffa000 ---p 00000000 00:00 0 
7ff980ffa000-7ff9817ba000 rwxp 00000000 00:00 0 
7ff9817ba000-7ff988532000 ---p 00000000 00:00 0 
7ff988532000-7ff98c000000 r--s 00000000 07:01 467                        /var/lib/snapd/snap/android-studio/115/android-studio/jre/lib/modules
7ff98c000000-7ff98d3ea000 rw-p 00000000 00:00 0 
7ff98d3ea000-7ff990000000 ---p 00000000 00:00 0 
7ff990004000-7ff990007000 r--p 00000000 00:20 170221                     /usr/lib64/libgcc_s-11-20210728.so.1
7ff990007000-7ff990019000 r-xp 00003000 00:20 170221                     /usr/lib64/libgcc_s-11-20210728.so.1
7ff990019000-7ff99001c000 r--p 00015000 00:20 170221                     /usr/lib64/libgcc_s-11-20210728.so.1
7ff99001c000-7ff99001d000 ---p 00018000 00:20 170221                     /usr/lib64/libgcc_s-11-20210728.so.1
7ff99001d000-7ff99001e000 r--p 00018000 00:20 170221                     /usr/lib64/libgcc_s-11-20210728.so.1
7ff99001e000-7ff99001f000 rw-p 00019000 00:20 170221                     /usr/lib64/libgcc_s-11-20210728.so.1
7ff990029000-7ff990030000 r--s 00000000 00:20 171157                     /usr/lib64/gconv/gconv-modules.cache
7ff990030000-7ff990061000 rw-p 00000000 00:00 0 
7ff990061000-7ff990065000 ---p 00000000 00:00 0 
7ff990065000-7ff990162000 rw-p 00000000 00:00 0 
7ff990162000-7ff990166000 ---p 00000000 00:00 0 
7ff990166000-7ff990263000 rw-p 00000000 00:00 0 
7ff990263000-7ff990267000 ---p 00000000 00:00 0 
7ff990267000-7ff990364000 rw-p 00000000 00:00 0 
7ff990364000-7ff990365000 ---p 00000000 00:00 0 
7ff990365000-7ff990d6a000 rw-p 00000000 00:00 0 
7ff990d6a000-7ff990dac000 rw-p 00000000 00:00 0 
7ff990dac000-7ff990dad000 ---p 00000000 00:00 0 
7ff990dad000-7ff990eae000 rw-p 00000000 00:00 0 
7ff990eae000-7ff990eaf000 ---p 00000000 00:00 0 
7ff990eaf000-7ff9913b4000 rw-p 00000000 00:00 0 
7ff9913b4000-7ff9913b5000 ---p 00000000 00:00 0 
7ff9913b5000-7ff9914b6000 rw-p 00000000 00:00 0 
7ff9914b6000-7ff9914b7000 ---p 00000000 00:00 0 
7ff9914b7000-7ff99165b000 rw-p 00000000 00:00 0 
7ff99165b000-7ff9919fd000 ---p 00000000 00:00 0 
7ff9919fd000-7ff991a5b000 rw-p 00000000 00:00 0 
7ff991a5b000-7ff991dfd000 ---p 00000000 00:00 0 
7ff991dfd000-7ff991e5b000 rw-p 00000000 00:00 0 
7ff991e5b000-7ff9921fd000 ---p 00000000 00:00 0 
7ff9921fd000-7ff992601000 rw-p 00000000 00:00 0 
7ff992601000-7ff992602000 ---p 00000000 00:00 0 
7ff992602000-7ff992713000 rw-p 00000000 00:00 0 
7ff992713000-7ff9927ee000 ---p 00000000 00:00 0 
7ff9927ee000-7ff992828000 rw-p 00000000 00:00 0 
7ff992828000-7ff9928d9000 ---p 00000000 00:00 0 
7ff9928d9000-7ff9928de000 rw-p 00000000 00:00 0 
7ff9928de000-7ff9928e5000 ---p 00000000 00:00 0 
7ff9928e5000-7ff992901000 r-xp 00000000 07:01 466                        /var/lib/snapd/snap/android-studio/115/android-studio/jre/lib/libzip.so
7ff992901000-7ff992b00000 ---p 0001c000 07:01 466                        /var/lib/snapd/snap/android-studio/115/android-studio/jre/lib/libzip.so
7ff992b00000-7ff992b01000 r--p 0001b000 07:01 466                        /var/lib/snapd/snap/android-studio/115/android-studio/jre/lib/libzip.so
7ff992b01000-7ff992b02000 rw-p 0001c000 07:01 466                        /var/lib/snapd/snap/android-studio/115/android-studio/jre/lib/libzip.so
7ff992b02000-7ff992b0a000 rw-s 00000000 00:27 358                        /tmp/hsperfdata_mantovani/6754
7ff992b0a000-7ff9933de000 r--s 00000000 00:20 1349785                    /var/lib/sss/mc/passwd
7ff9933de000-7ff9933fb000 r-xp 00000000 07:01 448                        /var/lib/snapd/snap/android-studio/115/android-studio/jre/lib/libjimage.so
7ff9933fb000-7ff9935fa000 ---p 0001d000 07:01 448                        /var/lib/snapd/snap/android-studio/115/android-studio/jre/lib/libjimage.so
7ff9935fa000-7ff9935fc000 r--p 0001c000 07:01 448                        /var/lib/snapd/snap/android-studio/115/android-studio/jre/lib/libjimage.so
7ff9935fc000-7ff9935fd000 rw-p 0001e000 07:01 448                        /var/lib/snapd/snap/android-studio/115/android-studio/jre/lib/libjimage.so
7ff9935fd000-7ff99360f000 rw-p 00000000 00:00 0 
7ff99360f000-7ff993634000 r-xp 00000000 07:01 444                        /var/lib/snapd/snap/android-studio/115/android-studio/jre/lib/libjava.so
7ff993634000-7ff993834000 ---p 00025000 07:01 444                        /var/lib/snapd/snap/android-studio/115/android-studio/jre/lib/libjava.so
7ff993834000-7ff993835000 r--p 00025000 07:01 444                        /var/lib/snapd/snap/android-studio/115/android-studio/jre/lib/libjava.so
7ff993835000-7ff993836000 rw-p 00026000 07:01 444                        /var/lib/snapd/snap/android-studio/115/android-studio/jre/lib/libjava.so
7ff993836000-7ff993843000 r-xp 00000000 07:01 465                        /var/lib/snapd/snap/android-studio/115/android-studio/jre/lib/libverify.so
7ff993843000-7ff993a43000 ---p 0000d000 07:01 465                        /var/lib/snapd/snap/android-studio/115/android-studio/jre/lib/libverify.so
7ff993a43000-7ff993a45000 r--p 0000d000 07:01 465                        /var/lib/snapd/snap/android-studio/115/android-studio/jre/lib/libverify.so
7ff993a45000-7ff993a46000 rw-p 0000f000 07:01 465                        /var/lib/snapd/snap/android-studio/115/android-studio/jre/lib/libverify.so
7ff993a46000-7ff993a49000 r--p 00000000 00:20 170605                     /usr/lib64/librt-2.33.so
7ff993a49000-7ff993a4d000 r-xp 00003000 00:20 170605                     /usr/lib64/librt-2.33.so
7ff993a4d000-7ff993a4f000 r--p 00007000 00:20 170605                     /usr/lib64/librt-2.33.so
7ff993a4f000-7ff993a50000 r--p 00008000 00:20 170605                     /usr/lib64/librt-2.33.so
7ff993a50000-7ff993a51000 rw-p 00009000 00:20 170605                     /usr/lib64/librt-2.33.so
7ff993a51000-7ff993a55000 ---p 00000000 00:00 0 
7ff993a55000-7ff993b52000 rw-p 00000000 00:00 0 
7ff993b52000-7ff993b61000 r--p 00000000 00:20 170591                     /usr/lib64/libm-2.33.so
7ff993b61000-7ff993bfb000 r-xp 0000f000 00:20 170591                     /usr/lib64/libm-2.33.so
7ff993bfb000-7ff993c93000 r--p 000a9000 00:20 170591                     /usr/lib64/libm-2.33.so
7ff993c93000-7ff993c94000 ---p 00141000 00:20 170591                     /usr/lib64/libm-2.33.so
7ff993c94000-7ff993c95000 r--p 00141000 00:20 170591                     /usr/lib64/libm-2.33.so
7ff993c95000-7ff993c96000 rw-p 00142000 00:20 170591                     /usr/lib64/libm-2.33.so
7ff993c96000-7ff994bc2000 r-xp 00000000 07:01 478                        /var/lib/snapd/snap/android-studio/115/android-studio/jre/lib/server/libjvm.so
7ff994bc2000-7ff994dc2000 ---p 00f2c000 07:01 478                        /var/lib/snapd/snap/android-studio/115/android-studio/jre/lib/server/libjvm.so
7ff994dc2000-7ff994e86000 r--p 00f2c000 07:01 478                        /var/lib/snapd/snap/android-studio/115/android-studio/jre/lib/server/libjvm.so
7ff994e86000-7ff994ebd000 rw-p 00ff0000 07:01 478                        /var/lib/snapd/snap/android-studio/115/android-studio/jre/lib/server/libjvm.so
7ff994ebd000-7ff994f27000 rw-p 00000000 00:00 0 
7ff994f27000-7ff994f4d000 r--p 00000000 00:20 170587                     /usr/lib64/libc-2.33.so
7ff994f4d000-7ff99509a000 r-xp 00026000 00:20 170587                     /usr/lib64/libc-2.33.so
7ff99509a000-7ff9950e6000 r--p 00173000 00:20 170587                     /usr/lib64/libc-2.33.so
7ff9950e6000-7ff9950e7000 ---p 001bf000 00:20 170587                     /usr/lib64/libc-2.33.so
7ff9950e7000-7ff9950ea000 r--p 001bf000 00:20 170587                     /usr/lib64/libc-2.33.so
7ff9950ea000-7ff9950ed000 rw-p 001c2000 00:20 170587                     /usr/lib64/libc-2.33.so
7ff9950ed000-7ff9950f6000 rw-p 00000000 00:00 0 
7ff9950f6000-7ff9950f8000 r--p 00000000 00:20 170589                     /usr/lib64/libdl-2.33.so
7ff9950f8000-7ff9950fa000 r-xp 00002000 00:20 170589                     /usr/lib64/libdl-2.33.so
7ff9950fa000-7ff9950fb000 r--p 00004000 00:20 170589                     /usr/lib64/libdl-2.33.so
7ff9950fb000-7ff9950fc000 r--p 00004000 00:20 170589                     /usr/lib64/libdl-2.33.so
7ff9950fc000-7ff9950fd000 rw-p 00000000 00:00 0 
7ff9950fd000-7ff995113000 r-xp 00000000 07:01 428                        /var/lib/snapd/snap/android-studio/115/android-studio/jre/lib/jli/libjli.so
7ff995113000-7ff995312000 ---p 00016000 07:01 428                        /var/lib/snapd/snap/android-studio/115/android-studio/jre/lib/jli/libjli.so
7ff995312000-7ff995313000 r--p 00015000 07:01 428                        /var/lib/snapd/snap/android-studio/115/android-studio/jre/lib/jli/libjli.so
7ff995313000-7ff995314000 rw-p 00016000 07:01 428                        /var/lib/snapd/snap/android-studio/115/android-studio/jre/lib/jli/libjli.so
7ff995314000-7ff99531b000 r--p 00000000 00:20 170601                     /usr/lib64/libpthread-2.33.so
7ff99531b000-7ff99532a000 r-xp 00007000 00:20 170601                     /usr/lib64/libpthread-2.33.so
7ff99532a000-7ff99532e000 r--p 00016000 00:20 170601                     /usr/lib64/libpthread-2.33.so
7ff99532e000-7ff99532f000 ---p 0001a000 00:20 170601                     /usr/lib64/libpthread-2.33.so
7ff99532f000-7ff995330000 r--p 0001a000 00:20 170601                     /usr/lib64/libpthread-2.33.so
7ff995330000-7ff995331000 rw-p 0001b000 00:20 170601                     /usr/lib64/libpthread-2.33.so
7ff995331000-7ff995335000 rw-p 00000000 00:00 0 
7ff995337000-7ff995339000 r--p 00000000 00:20 203372                     /usr/lib64/libnss_sss.so.2
7ff995339000-7ff995340000 r-xp 00002000 00:20 203372                     /usr/lib64/libnss_sss.so.2
7ff995340000-7ff995342000 r--p 00009000 00:20 203372                     /usr/lib64/libnss_sss.so.2
7ff995342000-7ff995343000 r--p 0000a000 00:20 203372                     /usr/lib64/libnss_sss.so.2
7ff995343000-7ff995344000 rw-p 0000b000 00:20 203372                     /usr/lib64/libnss_sss.so.2
7ff995344000-7ff995345000 ---p 00000000 00:00 0 
7ff995345000-7ff995346000 r--p 00000000 00:00 0 
7ff995346000-7ff995348000 rw-p 00000000 00:00 0 
7ff995348000-7ff995349000 r--p 00000000 00:20 170580                     /usr/lib64/ld-2.33.so
7ff995349000-7ff99536e000 r-xp 00001000 00:20 170580                     /usr/lib64/ld-2.33.so
7ff99536e000-7ff995378000 r--p 00026000 00:20 170580                     /usr/lib64/ld-2.33.so
7ff995378000-7ff99537a000 r--p 0002f000 00:20 170580                     /usr/lib64/ld-2.33.so
7ff99537a000-7ff99537c000 rw-p 00031000 00:20 170580                     /usr/lib64/ld-2.33.so
7fff0cbc2000-7fff0cbe3000 rw-p 00000000 00:00 0                          [stack]
7fff0cbf3000-7fff0cbf7000 r--p 00000000 00:00 0                          [vvar]
7fff0cbf7000-7fff0cbf9000 r-xp 00000000 00:00 0                          [vdso]
ffffffffff600000-ffffffffff601000 r-xp 00000000 00:00 0                  [vsyscall]


VM Arguments:
jvm_args: --add-opens=java.base/java.util=ALL-UNNAMED --add-opens=java.base/java.lang=ALL-UNNAMED --add-opens=java.base/java.lang.invoke=ALL-UNNAMED --add-opens=java.base/java.util=ALL-UNNAMED --add-opens=java.prefs/java.util.prefs=ALL-UNNAMED --add-opens=java.prefs/java.util.prefs=ALL-UNNAMED --add-opens=java.base/java.nio.charset=ALL-UNNAMED --add-opens=java.base/java.net=ALL-UNNAMED --add-opens=java.base/java.util.concurrent.atomic=ALL-UNNAMED -Xmx2048m -Dfile.encoding=UTF-8 -Duser.country=BR -Duser.language=pt -Duser.variant 
java_command: org.gradle.launcher.daemon.bootstrap.GradleDaemon 7.0.2
java_class_path (initial): /home/mantovani/.gradle/wrapper/dists/gradle-7.0.2-bin/857tjihv64xamwrf0h14cai3r/gradle-7.0.2/lib/gradle-launcher-7.0.2.jar
Launcher Type: SUN_STANDARD

[Global flags]
     intx CICompilerCount                          = 3                                         {product} {ergonomic}
     uint ConcGCThreads                            = 1                                         {product} {ergonomic}
     uint G1ConcRefinementThreads                  = 4                                         {product} {ergonomic}
   size_t G1HeapRegionSize                         = 1048576                                   {product} {ergonomic}
    uintx GCDrainStackTargetSize                   = 64                                        {product} {ergonomic}
   size_t InitialHeapSize                          = 96468992                                  {product} {ergonomic}
   size_t MarkStackSize                            = 4194304                                   {product} {ergonomic}
   size_t MaxHeapSize                              = 2147483648                                {product} {command line}
   size_t MaxNewSize                               = 1287651328                                {product} {ergonomic}
   size_t MinHeapDeltaBytes                        = 1048576                                   {product} {ergonomic}
    uintx NonNMethodCodeHeapSize                   = 5830732                                {pd product} {ergonomic}
    uintx NonProfiledCodeHeapSize                  = 122913754                              {pd product} {ergonomic}
    uintx ProfiledCodeHeapSize                     = 122913754                              {pd product} {ergonomic}
    uintx ReservedCodeCacheSize                    = 251658240                              {pd product} {ergonomic}
     bool SegmentedCodeCache                       = true                                      {product} {ergonomic}
     bool UseCompressedClassPointers               = true                                 {lp64_product} {ergonomic}
     bool UseCompressedOops                        = true                                 {lp64_product} {ergonomic}
     bool UseG1GC                                  = true                                      {product} {ergonomic}

Logging:
Log output configuration:
 #0: stdout all=warning uptime,level,tags
 #1: stderr all=off uptime,level,tags

Environment Variables:
PATH=/home/mantovani/.local/bin:/home/mantovani/bin:/usr/local/bin:/usr/local/sbin:/usr/bin:/usr/sbin:/var/lib/snapd/snap/bin:/home/mantovani/.composer/vendor/bin
USERNAME=mantovani
SHELL=/bin/bash
DISPLAY=:1
LANG=pt_BR.UTF-8

Signal Handlers:
SIGSEGV: [libjvm.so+0xc2dd80], sa_mask[0]=11111111011111111101111111111110, sa_flags=SA_RESTART|SA_SIGINFO
SIGBUS: [libjvm.so+0xc2dd80], sa_mask[0]=11111111011111111101111111111110, sa_flags=SA_RESTART|SA_SIGINFO
SIGFPE: [libjvm.so+0xc2dd80], sa_mask[0]=11111111011111111101111111111110, sa_flags=SA_RESTART|SA_SIGINFO
SIGPIPE: [libjvm.so+0xa839f0], sa_mask[0]=11111111011111111101111111111110, sa_flags=SA_RESTART|SA_SIGINFO
SIGXFSZ: [libjvm.so+0xa839f0], sa_mask[0]=11111111011111111101111111111110, sa_flags=SA_RESTART|SA_SIGINFO
SIGILL: [libjvm.so+0xc2dd80], sa_mask[0]=11111111011111111101111111111110, sa_flags=SA_RESTART|SA_SIGINFO
SIGUSR2: [libjvm.so+0xa840d0], sa_mask[0]=00100000000000000000000000000000, sa_flags=SA_RESTART|SA_SIGINFO
SIGHUP: [libjvm.so+0xa80ac0], sa_mask[0]=11111111011111111101111111111110, sa_flags=SA_RESTART|SA_SIGINFO
SIGINT: [libjvm.so+0xa80ac0], sa_mask[0]=11111111011111111101111111111110, sa_flags=SA_RESTART|SA_SIGINFO
SIGTERM: [libjvm.so+0xa80ac0], sa_mask[0]=11111111011111111101111111111110, sa_flags=SA_RESTART|SA_SIGINFO
SIGQUIT: [libjvm.so+0xa80ac0], sa_mask[0]=11111111011111111101111111111110, sa_flags=SA_RESTART|SA_SIGINFO


---------------  S Y S T E M  ---------------

OS:Fedora release 34 (Thirty Four)
uname:Linux 5.15.12-100.fc34.x86_64 #1 SMP Wed Dec 29 15:21:44 UTC 2021 x86_64
OS uptime: 0 days 1:24 hours
libc:glibc 2.33 NPTL 2.33 
rlimit (soft/hard): STACK 8192k/infinity , CORE infinity/infinity , NPROC 23183/23183 , NOFILE 524288/524288 , AS infinity/infinity , CPU infinity/infinity , DATA infinity/infinity , FSIZE infinity/infinity , MEMLOCK 64k/64k
load average:5,49 4,46 2,92

/proc/meminfo:
MemTotal:        5986456 kB
MemFree:          128652 kB
MemAvailable:    1815720 kB
Buffers:              68 kB
Cached:          1874156 kB
SwapCached:         3292 kB
Active:          1240076 kB
Inactive:        2512172 kB
Active(anon):     440944 kB
Inactive(anon):  1450396 kB
Active(file):     799132 kB
Inactive(file):  1061776 kB
Unevictable:        5736 kB
Mlocked:            5736 kB
SwapTotal:       5986300 kB
SwapFree:        2993136 kB
Dirty:             10788 kB
Writeback:             0 kB
AnonPages:       1878564 kB
Mapped:           379936 kB
Shmem:             11964 kB
KReclaimable:      93724 kB
Slab:             321560 kB
SReclaimable:      93724 kB
SUnreclaim:       227836 kB
KernelStack:       16688 kB
PageTables:        43508 kB
NFS_Unstable:          0 kB
Bounce:                0 kB
WritebackTmp:          0 kB
CommitLimit:     8979528 kB
Committed_AS:   10549024 kB
VmallocTotal:   34359738367 kB
VmallocUsed:      143236 kB
VmallocChunk:          0 kB
Percpu:            33920 kB
HardwareCorrupted:     0 kB
AnonHugePages:         0 kB
ShmemHugePages:        0 kB
ShmemPmdMapped:        0 kB
FileHugePages:         0 kB
FilePmdMapped:         0 kB
CmaTotal:              0 kB
CmaFree:               0 kB
HugePages_Total:       0
HugePages_Free:        0
HugePages_Rsvd:        0
HugePages_Surp:        0
Hugepagesize:       2048 kB
Hugetlb:               0 kB
DirectMap4k:     1273120 kB
DirectMap2M:     4945920 kB
DirectMap1G:     1048576 kB

/sys/kernel/mm/transparent_hugepage/enabled:
always [madvise] never
/sys/kernel/mm/transparent_hugepage/defrag (defrag/compaction efforts parameter):
always defer defer+madvise [madvise] never

/proc/sys/kernel/threads-max (system-wide limit on the number of threads):
46367
/proc/sys/vm/max_map_count (maximum number of memory map areas a process may have):
65530
/proc/sys/kernel/pid_max (system-wide limit on number of process identifiers):
4194304

Steal ticks since vm start: 0
Steal ticks percentage since vm start:  0,000

CPU:total 4 (initial active 4) (4 cores per cpu, 1 threads per core) family 23 model 24 stepping 1 microcode 0x8108109, cmov, cx8, fxsr, mmx, sse, sse2, sse3, ssse3, sse4.1, sse4.2, popcnt, avx, avx2, aes, clmul, mmxext, 3dnowpref, lzcnt, sse4a, tsc, tscinvbit, tscinv, bmi1, bmi2, adx,
CPU Model and flags from /proc/cpuinfo:
model name	: AMD Ryzen 3 3200G with Radeon Vega Graphics
flags		: fpu vme de pse tsc msr pae mce cx8 apic sep mtrr pge mca cmov pat pse36 clflush mmx fxsr sse sse2 ht syscall nx mmxext fxsr_opt pdpe1gb rdtscp lm constant_tsc rep_good nopl nonstop_tsc cpuid extd_apicid aperfmperf rapl pni pclmulqdq monitor ssse3 fma cx16 sse4_1 sse4_2 movbe popcnt aes xsave avx f16c rdrand lahf_lm cmp_legacy svm extapic cr8_legacy abm sse4a misalignsse 3dnowprefetch osvw skinit wdt tce topoext perfctr_core perfctr_nb bpext perfctr_llc mwaitx cpb hw_pstate ssbd ibpb vmmcall fsgsbase bmi1 avx2 smep bmi2 rdseed adx smap clflushopt sha_ni xsaveopt xsavec xgetbv1 xsaves clzero irperf xsaveerptr arat npt lbrv svm_lock nrip_save tsc_scale vmcb_clean flushbyasid decodeassists pausefilter pfthreshold avic v_vmsave_vmload vgif overflow_recov succor smca sme sev sev_es
Online cpus:
0-3
Offline cpus:
4-31
BIOS frequency limitation:
3600000
Frequency switch latency (ns):
0
Available cpu frequencies:
3600000 2300000 1400000 
Current governor:
schedutil
Core performance/turbo boost:
1

Memory: 4k page, physical 5986456k(127644k free), swap 5986300k(2993136k free)

vm_info: OpenJDK 64-Bit Server VM (11.0.10+0-b96-7249189) for linux-amd64 JRE (11.0.10+0-b96-7249189), built on Mar 31 2021 19:21:57 by "androidbuild" with gcc Android (6875598, based on r399163b) Clang 11.0.5 (https://android.googlesource.com/toolchain/llvm-project 87f1315dfbea7c137aa2e6d362dbb457e388158d)

END.
