#
# A fatal error has been detected by the Java Runtime Environment:
#
#  SIGSEGV (0xb) at pc=0x00007f544d3fd7c3, pid=4581, tid=4660
#
# JRE version: OpenJDK Runtime Environment (11.0.10) (build 11.0.10+0-b96-7249189)
# Java VM: OpenJDK 64-Bit Server VM (11.0.10+0-b96-7249189, mixed mode, tiered, compressed oops, g1 gc, linux-amd64)
# Problematic frame:
# V  [libjvm.so+0x57a7c3]  CodeBlobIterator<CompiledMethod, CompiledMethodFilter>::next()+0x53
#
# Core dump will be written. Default location: Core dumps may be processed with "/usr/lib/systemd/systemd-coredump %P %u %g %s %t %c %h" (or dumping to /home/mantovani/AndroidStudioProjects/Teste/core.4581)
#
# If you would like to submit a bug report, please visit:
#   https://bugreport.java.com/bugreport/crash.jsp
#

---------------  S U M M A R Y ------------

Command Line: --add-opens=java.base/java.util=ALL-UNNAMED --add-opens=java.base/java.lang=ALL-UNNAMED --add-opens=java.base/java.lang.invoke=ALL-UNNAMED --add-opens=java.base/java.util=ALL-UNNAMED --add-opens=java.prefs/java.util.prefs=ALL-UNNAMED --add-opens=java.prefs/java.util.prefs=ALL-UNNAMED --add-opens=java.base/java.nio.charset=ALL-UNNAMED --add-opens=java.base/java.net=ALL-UNNAMED --add-opens=java.base/java.util.concurrent.atomic=ALL-UNNAMED -Xmx2048m -Dfile.encoding=UTF-8 -Duser.country=BR -Duser.language=pt -Duser.variant org.gradle.launcher.daemon.bootstrap.GradleDaemon 7.0.2

Host: AMD Ryzen 3 3200G with Radeon Vega Graphics, 4 cores, 5G, Fedora release 34 (Thirty Four)
Time: Fri Feb  4 18:02:15 2022 -03 elapsed time: 1877.612431 seconds (0d 0h 31m 17s)

---------------  T H R E A D  ---------------

Current thread (0x00007f5418033800):  GCTaskThread "GC Thread#2" [stack: 0x00007f53fc719000,0x00007f53fc819000] [id=4660]

Stack: [0x00007f53fc719000,0x00007f53fc819000],  sp=0x00007f53fc817bc0,  free space=1018k
Native frames: (J=compiled Java code, A=aot compiled Java code, j=interpreted, Vv=VM code, C=native code)
V  [libjvm.so+0x57a7c3]  CodeBlobIterator<CompiledMethod, CompiledMethodFilter>::next()+0x53
V  [libjvm.so+0x6a1438]  G1CodeCacheUnloadingTask::claim_nmethods(CompiledMethod**, int*)+0x148
V  [libjvm.so+0x6a10e3]  G1CodeCacheUnloadingTask::work_first_pass(unsigned int)+0xc3
V  [libjvm.so+0x6a0e8d]  G1ParallelCleaningTask::work(unsigned int)+0x1d
V  [libjvm.so+0xc5e64d]  GangWorker::loop()+0x4d
V  [libjvm.so+0xbca448]  Thread::call_run()+0x68
V  [libjvm.so+0xa7d25e]  thread_native_entry(Thread*)+0x1be


siginfo: si_signo: 11 (SIGSEGV), si_code: 1 (SEGV_MAPERR), si_addr: 0x0000000000000060

Register to memory mapping:

RAX=0x0 is NULL
RBX=0x00007f5435d57610 is at entry_point+-432 in (nmethod*)0x00007f5435d57610
RCX=0x0000000000000007 is an unknown value
RDX=0x0000000000b6d780 is an unknown value
RSP=0x00007f53fc817bc0 points into unknown readable memory: 0x00007f53fc817ce4 | e4 7c 81 fc 53 7f 00 00
RBP=0x00007f53fc817be0 points into unknown readable memory: 0x00007f53fc817c50 | 50 7c 81 fc 53 7f 00 00
RSI=0x000000000003d452 is an unknown value
RDI=0x00007f5435d5b790 points into unknown readable memory: 0x0000000000000000 | 00 00 00 00 00 00 00 00
R8 =0x00007f54351ee000 points into unknown readable memory: 0x0000000000000009 | 09 00 00 00 00 00 00 00
R9 =0x0000000000000002 is an unknown value
R10=0x00007f5435d577c0 is at entry_point+0 in (nmethod*)0x00007f5435d57610
R11=0x00007f5435d57786 is at entry_point+-58 in (nmethod*)0x00007f5435d57610
R12=0x00007f5428b16360 points into unknown readable memory: 0x00007f5435d57610 | 10 76 d5 35 54 7f 00 00
R13=0x00007f53fc817c00 points into unknown readable memory: 0x00007f5435d5b790 | 90 b7 d5 35 54 7f 00 00
R14=0x00007f5448023420 points into unknown readable memory: 0x00007f544e05a550 | 50 a5 05 4e 54 7f 00 00
R15=0x00007f53fc817c00 points into unknown readable memory: 0x00007f5435d5b790 | 90 b7 d5 35 54 7f 00 00


Registers:
RAX=0x0000000000000000, RBX=0x00007f5435d57610, RCX=0x0000000000000007, RDX=0x0000000000b6d780
RSP=0x00007f53fc817bc0, RBP=0x00007f53fc817be0, RSI=0x000000000003d452, RDI=0x00007f5435d5b790
R8 =0x00007f54351ee000, R9 =0x0000000000000002, R10=0x00007f5435d577c0, R11=0x00007f5435d57786
R12=0x00007f5428b16360, R13=0x00007f53fc817c00, R14=0x00007f5448023420, R15=0x00007f53fc817c00
RIP=0x00007f544d3fd7c3, EFLAGS=0x0000000000010206, CSGSFS=0x002b000000000033, ERR=0x0000000000000004
  TRAPNO=0x000000000000000e

Top of Stack: (sp=0x00007f53fc817bc0)
0x00007f53fc817bc0:   00007f53fc817ce4 00007f5435d57610
0x00007f53fc817bd0:   00007f5435d57610 0000000000000006
0x00007f53fc817be0:   00007f53fc817c50 00007f544d524438
0x00007f53fc817bf0:   00007f53fc817c60 00007f53fc817ce4 

Instructions: (pc=0x00007f544d3fd7c3)
0x00007f544d3fd6c3:   00 00 00 41 0f ce f6 c3 03 44 89 33 b8 04 00 00
0x00007f544d3fd6d3:   00 eb 73 48 c7 45 c8 00 00 00 00 eb 70 44 89 f0
0x00007f544d3fd6e3:   0c 80 88 03 44 89 f0 c1 e8 07 41 81 fe ff 3f 00
0x00007f544d3fd6f3:   00 77 0a 88 43 01 b8 02 00 00 00 eb 49 0c 80 88
0x00007f544d3fd703:   43 01 44 89 f0 c1 e8 0e 41 81 fe ff ff 1f 00 77
0x00007f544d3fd713:   0a 88 43 02 b8 03 00 00 00 eb 2b 0c 80 88 43 02
0x00007f544d3fd723:   44 89 f0 c1 e8 15 41 81 fe ff ff ff 0f 77 05 88
0x00007f544d3fd733:   43 03 eb 98 0c 80 88 43 03 41 c1 ee 1c 44 88 73
0x00007f544d3fd743:   04 b8 05 00 00 00 48 01 c3 48 89 5d c0 48 8d 7d
0x00007f544d3fd753:   b8 e8 e7 e9 e6 ff 48 83 c4 38 5b 41 5e 41 5f 5d
0x00007f544d3fd763:   c3 66 2e 0f 1f 84 00 00 00 00 00 66 90 55 48 89
0x00007f544d3fd773:   e5 41 57 41 56 53 50 49 89 ff 48 63 47 10 3b 47
0x00007f544d3fd783:   20 0f 84 a2 00 00 00 49 8b 37 49 8b 4f 08 48 8b
0x00007f544d3fd793:   49 18 4c 8b 34 c1 48 85 f6 74 45 49 8b 06 4c 89
0x00007f544d3fd7a3:   f7 ff 50 18 48 89 c7 49 89 07 48 85 c0 74 5f 66
0x00007f544d3fd7b3:   2e 0f 1f 84 00 00 00 00 00 0f 1f 40 00 48 8b 07
0x00007f544d3fd7c3:   ff 50 60 84 c0 75 44 49 8b 37 49 8b 06 4c 89 f7
0x00007f544d3fd7d3:   ff 50 18 48 89 c7 49 89 07 48 85 c0 75 df eb 49
0x00007f544d3fd7e3:   49 8b 06 4c 89 f7 ff 50 10 49 89 07 48 85 c0 74
0x00007f544d3fd7f3:   38 48 8b 08 48 89 c7 ff 51 60 89 c1 b0 01 84 c9
0x00007f544d3fd803:   0f 85 b1 00 00 00 49 8b 37 eb 90 49 8b 3f b0 01
0x00007f544d3fd813:   48 85 ff 0f 85 9e 00 00 00 eb 0e 66 90 49 8b 07
0x00007f544d3fd823:   48 85 c0 0f 85 99 00 00 00 41 8b 47 10 41 8b 4f
0x00007f544d3fd833:   20 39 c8 0f 84 7c 00 00 00 83 c0 01 41 89 47 10
0x00007f544d3fd843:   39 c8 74 71 49 8b 37 49 8b 4f 08 48 8b 49 18 48
0x00007f544d3fd853:   98 48 8b 1c c1 48 85 f6 75 21 48 8b 03 48 89 df
0x00007f544d3fd863:   ff 50 10 49 89 07 48 85 c0 74 be 48 8b 08 48 89
0x00007f544d3fd873:   c7 ff 51 60 84 c0 75 4a 49 8b 37 48 8b 03 48 89
0x00007f544d3fd883:   df ff 50 18 49 89 07 48 85 c0 74 94 90 48 8b 08
0x00007f544d3fd893:   48 89 c7 ff 51 60 84 c0 75 83 49 8b 37 48 8b 03
0x00007f544d3fd8a3:   48 89 df ff 50 18 49 89 07 48 85 c0 75 df 31 c0
0x00007f544d3fd8b3:   e9 6b ff ff ff 31 c0 48 83 c4 08 5b 41 5e 41 5f 


Stack slot to memory mapping:
stack at sp + 0 slots: 0x00007f53fc817ce4 points into unknown readable memory: 06 00 00 00
stack at sp + 1 slots: 0x00007f5435d57610 is at entry_point+-432 in (nmethod*)0x00007f5435d57610
stack at sp + 2 slots: 0x00007f5435d57610 is at entry_point+-432 in (nmethod*)0x00007f5435d57610
stack at sp + 3 slots: 0x0000000000000006 is an unknown value
stack at sp + 4 slots: 0x00007f53fc817c50 points into unknown readable memory: 0x00007f53fc817d10 | 10 7d 81 fc 53 7f 00 00
stack at sp + 5 slots: 0x00007f544d524438: <offset 0x00000000006a1438> in /var/lib/snapd/snap/android-studio/115/android-studio/jre/lib/server/libjvm.so at 0x00007f544ce83000
stack at sp + 6 slots: 0x00007f53fc817c60 points into unknown readable memory: 0x00007f5435d57990 | 90 79 d5 35 54 7f 00 00
stack at sp + 7 slots: 0x00007f53fc817ce4 points into unknown readable memory: 06 00 00 00


---------------  P R O C E S S  ---------------

Threads class SMR info:
_java_thread_list=0x00007f53e001f7c0, length=43, elements={
0x00007f5448017000, 0x00007f5448130000, 0x00007f5448134800, 0x00007f5448149800,
0x00007f544814b800, 0x00007f544814d800, 0x00007f544814f800, 0x00007f5448151800,
0x00007f54481ef000, 0x00007f54492d5000, 0x00007f5449344800, 0x00007f5449370000,
0x00007f53c4176800, 0x00007f53c4185000, 0x00007f53c4231000, 0x00007f53c4593000,
0x00007f53c4595800, 0x00007f53c46f8800, 0x00007f53c4950000, 0x00007f53c4965000,
0x00007f53c4a23800, 0x00007f53c4ceb800, 0x00007f53c4e56000, 0x00007f53c554a000,
0x00007f541003e000, 0x00007f541c1b4800, 0x00007f53d0015000, 0x00007f53c8004000,
0x00007f53c8006800, 0x00007f53c8009000, 0x00007f53e001c000, 0x00007f53e0018000,
0x00007f53e0019000, 0x00007f53e0020000, 0x00007f53e0020800, 0x00007f53e0021800,
0x00007f53e0022800, 0x00007f53e002b800, 0x00007f53e002e000, 0x00007f53e0005800,
0x00007f53e001d800, 0x00007f53e0032800, 0x00007f53e0033800
}

Java Threads: ( => current thread )
  0x00007f5448017000 JavaThread "main" [_thread_blocked, id=4585, stack(0x00007f544cc3e000,0x00007f544cd3f000)]
  0x00007f5448130000 JavaThread "Reference Handler" daemon [_thread_blocked, id=4592, stack(0x00007f5428915000,0x00007f5428a16000)]
  0x00007f5448134800 JavaThread "Finalizer" daemon [_thread_blocked, id=4593, stack(0x00007f5428814000,0x00007f5428915000)]
  0x00007f5448149800 JavaThread "Signal Dispatcher" daemon [_thread_blocked, id=4594, stack(0x00007f5428713000,0x00007f5428814000)]
  0x00007f544814b800 JavaThread "Service Thread" daemon [_thread_blocked, id=4595, stack(0x00007f5428612000,0x00007f5428713000)]
  0x00007f544814d800 JavaThread "C2 CompilerThread0" daemon [_thread_blocked, id=4596, stack(0x00007f5428511000,0x00007f5428612000)]
  0x00007f544814f800 JavaThread "C1 CompilerThread0" daemon [_thread_blocked, id=4597, stack(0x00007f5428410000,0x00007f5428511000)]
  0x00007f5448151800 JavaThread "Sweeper thread" daemon [_thread_blocked, id=4598, stack(0x00007f542830f000,0x00007f5428410000)]
  0x00007f54481ef000 JavaThread "Common-Cleaner" daemon [_thread_blocked, id=4599, stack(0x00007f542820e000,0x00007f542830f000)]
  0x00007f54492d5000 JavaThread "Daemon health stats" [_thread_blocked, id=4646, stack(0x00007f53fd725000,0x00007f53fd826000)]
  0x00007f5449344800 JavaThread "Incoming local TCP Connector on port 39297" [_thread_in_native, id=4647, stack(0x00007f53fd221000,0x00007f53fd322000)]
  0x00007f5449370000 JavaThread "Daemon periodic checks" [_thread_blocked, id=4650, stack(0x00007f53fd120000,0x00007f53fd221000)]
  0x00007f53c4176800 JavaThread "Cache worker for file hash cache (/home/mantovani/.gradle/caches/7.0.2/fileHashes)" [_thread_blocked, id=4662, stack(0x00007f53fc314000,0x00007f53fc415000)]
  0x00007f53c4185000 JavaThread "File lock request listener" [_thread_in_native, id=4663, stack(0x00007f53fc213000,0x00007f53fc314000)]
  0x00007f53c4231000 JavaThread "Cache worker for journal cache (/home/mantovani/.gradle/caches/journal-1)" [_thread_blocked, id=4664, stack(0x00007f53a7eff000,0x00007f53a8000000)]
  0x00007f53c4593000 JavaThread "File watcher server" daemon [_thread_in_native, id=4674, stack(0x00007f53a7afd000,0x00007f53a7bfe000)]
  0x00007f53c4595800 JavaThread "File watcher consumer" daemon [_thread_blocked, id=4675, stack(0x00007f53a79fc000,0x00007f53a7afd000)]
  0x00007f53c46f8800 JavaThread "Cache worker for execution history cache (/home/mantovani/.gradle/caches/7.0.2/executionHistory)" [_thread_blocked, id=4679, stack(0x00007f53a71f8000,0x00007f53a72f9000)]
  0x00007f53c4950000 JavaThread "jar transforms" [_thread_blocked, id=4683, stack(0x00007f53a6af7000,0x00007f53a6bf8000)]
  0x00007f53c4965000 JavaThread "jar transforms Thread 2" [_thread_blocked, id=4684, stack(0x00007f53a69f6000,0x00007f53a6af7000)]
  0x00007f53c4a23800 JavaThread "Cache worker for file content cache (/home/mantovani/.gradle/caches/7.0.2/fileContent)" [_thread_blocked, id=4685, stack(0x00007f53a68f5000,0x00007f53a69f6000)]
  0x00007f53c4ceb800 JavaThread "jar transforms Thread 3" [_thread_blocked, id=4688, stack(0x00007f53a60f3000,0x00007f53a61f4000)]
  0x00007f53c4e56000 JavaThread "jar transforms Thread 4" [_thread_blocked, id=4704, stack(0x00007f53a56ed000,0x00007f53a57ee000)]
  0x00007f53c554a000 JavaThread "Memory manager" [_thread_blocked, id=4722, stack(0x00007f53a4dc8000,0x00007f53a4ec9000)]
  0x00007f541003e000 JavaThread "Cache worker for Java compile cache (/home/mantovani/.gradle/caches/7.0.2/javaCompile)" [_thread_blocked, id=4773, stack(0x00007f539f2fb000,0x00007f539f3fc000)]
  0x00007f541c1b4800 JavaThread "ForkJoinPool.commonPool-worker-5" daemon [_thread_blocked, id=4784, stack(0x00007f539d595000,0x00007f539d696000)]
  0x00007f53d0015000 JavaThread "Daemon Thread 4" [_thread_blocked, id=8100, stack(0x00007f539faff000,0x00007f539fc00000)]
  0x00007f53c8004000 JavaThread "Handler for socket connection from /127.0.0.1:39297 to /127.0.0.1:56538" [_thread_in_native, id=8102, stack(0x00007f539d193000,0x00007f539d294000)]
  0x00007f53c8006800 JavaThread "Cancel handler" [_thread_blocked, id=8103, stack(0x00007f539e4f5000,0x00007f539e5f6000)]
  0x00007f53c8009000 JavaThread "Daemon worker Thread 4" [_thread_blocked, id=8104, stack(0x00007f539d494000,0x00007f539d595000)]
  0x00007f53e001c000 JavaThread "Asynchronous log dispatcher for DefaultDaemonConnection: socket connection from /127.0.0.1:39297 to /127.0.0.1:56538" [_thread_blocked, id=8107, stack(0x00007f53fce1f000,0x00007f53fcf20000)]
  0x00007f53e0018000 JavaThread "Stdin handler" [_thread_blocked, id=8108, stack(0x00007f53fcb1c000,0x00007f53fcc1d000)]
  0x00007f53e0019000 JavaThread "Daemon client event forwarder" [_thread_blocked, id=8109, stack(0x00007f53fcd1e000,0x00007f53fce1f000)]
  0x00007f53e0020000 JavaThread "Cache worker for file hash cache (/home/mantovani/AndroidStudioProjects/Teste/.gradle/7.0.2/fileHashes)" [_thread_blocked, id=8110, stack(0x00007f53a5df2000,0x00007f53a5ef3000)]
  0x00007f53e0020800 JavaThread "Cache worker for checksums cache (/home/mantovani/AndroidStudioProjects/Teste/.gradle/checksums)" [_thread_blocked, id=8111, stack(0x00007f53a40c7000,0x00007f53a41c8000)]
  0x00007f53e0021800 JavaThread "Cache worker for cache directory md-supplier (/home/mantovani/.gradle/caches/7.0.2/md-supplier)" [_thread_blocked, id=8112, stack(0x00007f53a75fa000,0x00007f53a76fb000)]
  0x00007f53e0022800 JavaThread "Cache worker for cache directory md-rule (/home/mantovani/.gradle/caches/7.0.2/md-rule)" [_thread_blocked, id=8113, stack(0x00007f539f8fd000,0x00007f539f9fe000)]
  0x00007f53e002b800 JavaThread "Cache worker for dependencies-accessors (/home/mantovani/AndroidStudioProjects/Teste/.gradle/7.0.2/dependencies-accessors)" [_thread_blocked, id=8114, stack(0x00007f539e7f8000,0x00007f539e8f9000)]
  0x00007f53e002e000 JavaThread "Cache worker for Build Output Cleanup Cache (/home/mantovani/AndroidStudioProjects/Teste/.gradle/buildOutputCleanup)" [_thread_blocked, id=8115, stack(0x00007f53fca1b000,0x00007f53fcb1c000)]
  0x00007f53e0005800 JavaThread "Build operations" [_thread_blocked, id=8116, stack(0x00007f53fcc1d000,0x00007f53fcd1e000)]
  0x00007f53e001d800 JavaThread "Build operations Thread 2" [_thread_blocked, id=8117, stack(0x00007f539e6f7000,0x00007f539e7f8000)]
  0x00007f53e0032800 JavaThread "Build operations Thread 3" [_thread_blocked, id=8118, stack(0x00007f53fc91a000,0x00007f53fca1b000)]
  0x00007f53e0033800 JavaThread "Build operations Thread 4" [_thread_blocked, id=8119, stack(0x00007f539e8f9000,0x00007f539e9fa000)]

Other Threads:
  0x00007f5448127800 VMThread "VM Thread" [stack: 0x00007f5428a18000,0x00007f5428b18000] [id=4591]
  0x00007f54481f4800 WatcherThread [stack: 0x00007f542810e000,0x00007f542820e000] [id=4600]
  0x00007f544802e800 GCTaskThread "GC Thread#0" [stack: 0x00007f544c0c4000,0x00007f544c1c4000] [id=4586]
  0x00007f5418001000 GCTaskThread "GC Thread#1" [stack: 0x00007f542800c000,0x00007f542810c000] [id=4630]
=>0x00007f5418033800 GCTaskThread "GC Thread#2" [stack: 0x00007f53fc719000,0x00007f53fc819000] [id=4660]
  0x00007f5418034800 GCTaskThread "GC Thread#3" [stack: 0x00007f53fc617000,0x00007f53fc717000] [id=4661]
  0x00007f5448061000 ConcurrentGCThread "G1 Main Marker" [stack: 0x00007f542bb00000,0x00007f542bc00000] [id=4587]
  0x00007f5448063000 ConcurrentGCThread "G1 Conc#0" [stack: 0x00007f542b9fe000,0x00007f542bafe000] [id=4588]
  0x00007f54480c1000 ConcurrentGCThread "G1 Refine#0" [stack: 0x00007f54294f8000,0x00007f54295f8000] [id=4589]
  0x00007f54480c3000 ConcurrentGCThread "G1 Young RemSet Sampling" [stack: 0x00007f54293f6000,0x00007f54294f6000] [id=4590]

Threads with active compile tasks:
C2 CompilerThread01877616 14691       4       org.gradle.internal.snapshot.impl.DefaultValueSnapshotter::processValue (657 bytes)

VM state:at safepoint (normal execution)

VM Mutex/Monitor currently owned by a thread:  ([mutex/lock_event])
[0x00007f5448013000] Threads_lock - owner thread: 0x00007f5448127800
[0x00007f54480137e0] Heap_lock - owner thread: 0x00007f5448061000

Heap address: 0x0000000080000000, size: 2048 MB, Compressed Oops mode: 32-bit
Narrow klass base: 0x0000000000000000, Narrow klass shift: 3
Compressed class space size: 1073741824 Address: 0x0000000100000000

Heap:
 garbage-first heap   total 169984K, used 97996K [0x0000000080000000, 0x0000000100000000)
  region size 1024K, 12 young (12288K), 3 survivors (3072K)
 Metaspace       used 106591K, capacity 109535K, committed 109772K, reserved 1144832K
  class space    used 13921K, capacity 15020K, committed 15104K, reserved 1048576K
Heap Regions: E=young(eden), S=young(survivor), O=old, HS=humongous(starts), HC=humongous(continues), CS=collection set, F=free, A=archive, TAMS=top-at-mark-start (previous, next)
|   0|0x0000000080000000, 0x0000000080100000, 0x0000000080100000|100%| O|  |TAMS 0x0000000080100000, 0x0000000080100000| Untracked 
|   1|0x0000000080100000, 0x0000000080200000, 0x0000000080200000|100%| O|  |TAMS 0x0000000080200000, 0x0000000080200000| Untracked 
|   2|0x0000000080200000, 0x0000000080300000, 0x0000000080300000|100%| O|  |TAMS 0x0000000080300000, 0x0000000080300000| Untracked 
|   3|0x0000000080300000, 0x0000000080400000, 0x0000000080400000|100%|HS|  |TAMS 0x0000000080400000, 0x0000000080400000| Complete 
|   4|0x0000000080400000, 0x0000000080500000, 0x0000000080500000|100%|HC|  |TAMS 0x0000000080500000, 0x0000000080500000| Complete 
|   5|0x0000000080500000, 0x0000000080600000, 0x0000000080600000|100%|HC|  |TAMS 0x0000000080600000, 0x0000000080600000| Complete 
|   6|0x0000000080600000, 0x0000000080700000, 0x0000000080700000|100%| O|  |TAMS 0x0000000080700000, 0x0000000080700000| Untracked 
|   7|0x0000000080700000, 0x0000000080800000, 0x0000000080800000|100%| O|  |TAMS 0x0000000080800000, 0x0000000080800000| Untracked 
|   8|0x0000000080800000, 0x0000000080900000, 0x0000000080900000|100%| O|  |TAMS 0x0000000080900000, 0x0000000080900000| Untracked 
|   9|0x0000000080900000, 0x0000000080a00000, 0x0000000080a00000|100%| O|  |TAMS 0x0000000080a00000, 0x0000000080a00000| Untracked 
|  10|0x0000000080a00000, 0x0000000080b00000, 0x0000000080b00000|100%| O|  |TAMS 0x0000000080b00000, 0x0000000080b00000| Untracked 
|  11|0x0000000080b00000, 0x0000000080c00000, 0x0000000080c00000|100%| O|  |TAMS 0x0000000080c00000, 0x0000000080c00000| Untracked 
|  12|0x0000000080c00000, 0x0000000080d00000, 0x0000000080d00000|100%| O|  |TAMS 0x0000000080d00000, 0x0000000080d00000| Untracked 
|  13|0x0000000080d00000, 0x0000000080e00000, 0x0000000080e00000|100%| O|  |TAMS 0x0000000080e00000, 0x0000000080e00000| Untracked 
|  14|0x0000000080e00000, 0x0000000080f00000, 0x0000000080f00000|100%| O|  |TAMS 0x0000000080f00000, 0x0000000080f00000| Untracked 
|  15|0x0000000080f00000, 0x0000000081000000, 0x0000000081000000|100%| O|  |TAMS 0x0000000081000000, 0x0000000081000000| Untracked 
|  16|0x0000000081000000, 0x0000000081100000, 0x0000000081100000|100%| O|  |TAMS 0x0000000081100000, 0x0000000081100000| Untracked 
|  17|0x0000000081100000, 0x0000000081200000, 0x0000000081200000|100%| O|  |TAMS 0x0000000081200000, 0x0000000081200000| Untracked 
|  18|0x0000000081200000, 0x0000000081300000, 0x0000000081300000|100%| O|  |TAMS 0x0000000081300000, 0x0000000081300000| Untracked 
|  19|0x0000000081300000, 0x0000000081400000, 0x0000000081400000|100%| O|  |TAMS 0x0000000081400000, 0x0000000081400000| Untracked 
|  20|0x0000000081400000, 0x0000000081500000, 0x0000000081500000|100%| O|  |TAMS 0x0000000081500000, 0x0000000081500000| Untracked 
|  21|0x0000000081500000, 0x0000000081600000, 0x0000000081600000|100%| O|  |TAMS 0x0000000081600000, 0x0000000081600000| Untracked 
|  22|0x0000000081600000, 0x0000000081700000, 0x0000000081700000|100%| O|  |TAMS 0x0000000081700000, 0x0000000081700000| Untracked 
|  23|0x0000000081700000, 0x0000000081800000, 0x0000000081800000|100%| O|  |TAMS 0x0000000081800000, 0x0000000081800000| Untracked 
|  24|0x0000000081800000, 0x0000000081900000, 0x0000000081900000|100%| O|  |TAMS 0x0000000081900000, 0x0000000081900000| Untracked 
|  25|0x0000000081900000, 0x0000000081a00000, 0x0000000081a00000|100%| O|  |TAMS 0x0000000081a00000, 0x0000000081a00000| Untracked 
|  26|0x0000000081a00000, 0x0000000081b00000, 0x0000000081b00000|100%|HS|  |TAMS 0x0000000081b00000, 0x0000000081b00000| Complete 
|  27|0x0000000081b00000, 0x0000000081c00000, 0x0000000081c00000|100%|HS|  |TAMS 0x0000000081c00000, 0x0000000081c00000| Complete 
|  28|0x0000000081c00000, 0x0000000081d00000, 0x0000000081d00000|100%| O|  |TAMS 0x0000000081d00000, 0x0000000081d00000| Untracked 
|  29|0x0000000081d00000, 0x0000000081e00000, 0x0000000081e00000|100%| O|  |TAMS 0x0000000081e00000, 0x0000000081e00000| Untracked 
|  30|0x0000000081e00000, 0x0000000081f00000, 0x0000000081f00000|100%|HS|  |TAMS 0x0000000081f00000, 0x0000000081f00000| Complete 
|  31|0x0000000081f00000, 0x0000000082000000, 0x0000000082000000|100%|HC|  |TAMS 0x0000000082000000, 0x0000000082000000| Complete 
|  32|0x0000000082000000, 0x0000000082100000, 0x0000000082100000|100%| O|  |TAMS 0x0000000082100000, 0x0000000082100000| Untracked 
|  33|0x0000000082100000, 0x0000000082200000, 0x0000000082200000|100%| O|  |TAMS 0x0000000082200000, 0x0000000082200000| Untracked 
|  34|0x0000000082200000, 0x0000000082300000, 0x0000000082300000|100%| O|  |TAMS 0x0000000082300000, 0x0000000082300000| Untracked 
|  35|0x0000000082300000, 0x0000000082400000, 0x0000000082400000|100%| O|  |TAMS 0x0000000082400000, 0x0000000082400000| Untracked 
|  36|0x0000000082400000, 0x0000000082500000, 0x0000000082500000|100%| O|  |TAMS 0x0000000082500000, 0x0000000082500000| Untracked 
|  37|0x0000000082500000, 0x0000000082600000, 0x0000000082600000|100%| O|  |TAMS 0x0000000082600000, 0x0000000082600000| Untracked 
|  38|0x0000000082600000, 0x0000000082700000, 0x0000000082700000|100%| O|  |TAMS 0x0000000082700000, 0x0000000082700000| Untracked 
|  39|0x0000000082700000, 0x0000000082800000, 0x0000000082800000|100%| O|  |TAMS 0x0000000082800000, 0x0000000082800000| Untracked 
|  40|0x0000000082800000, 0x0000000082900000, 0x0000000082900000|100%| O|  |TAMS 0x0000000082900000, 0x0000000082900000| Untracked 
|  41|0x0000000082900000, 0x0000000082a00000, 0x0000000082a00000|100%| O|  |TAMS 0x0000000082a00000, 0x0000000082a00000| Untracked 
|  42|0x0000000082a00000, 0x0000000082b00000, 0x0000000082b00000|100%| O|  |TAMS 0x0000000082b00000, 0x0000000082b00000| Untracked 
|  43|0x0000000082b00000, 0x0000000082c00000, 0x0000000082c00000|100%| O|  |TAMS 0x0000000082c00000, 0x0000000082c00000| Untracked 
|  44|0x0000000082c00000, 0x0000000082d00000, 0x0000000082d00000|100%| O|  |TAMS 0x0000000082d00000, 0x0000000082d00000| Untracked 
|  45|0x0000000082d00000, 0x0000000082e00000, 0x0000000082e00000|100%| O|  |TAMS 0x0000000082e00000, 0x0000000082e00000| Untracked 
|  46|0x0000000082e00000, 0x0000000082f00000, 0x0000000082f00000|100%| O|  |TAMS 0x0000000082f00000, 0x0000000082f00000| Untracked 
|  47|0x0000000082f00000, 0x0000000083000000, 0x0000000083000000|100%| O|  |TAMS 0x0000000083000000, 0x0000000083000000| Untracked 
|  48|0x0000000083000000, 0x0000000083100000, 0x0000000083100000|100%| O|  |TAMS 0x0000000083100000, 0x0000000083100000| Untracked 
|  49|0x0000000083100000, 0x0000000083200000, 0x0000000083200000|100%| O|  |TAMS 0x0000000083200000, 0x0000000083200000| Untracked 
|  50|0x0000000083200000, 0x0000000083300000, 0x0000000083300000|100%| O|  |TAMS 0x0000000083300000, 0x0000000083300000| Untracked 
|  51|0x0000000083300000, 0x0000000083400000, 0x0000000083400000|100%| O|  |TAMS 0x0000000083400000, 0x0000000083400000| Untracked 
|  52|0x0000000083400000, 0x0000000083400000, 0x0000000083500000|  0%| F|  |TAMS 0x0000000083400000, 0x0000000083400000| Untracked 
|  53|0x0000000083500000, 0x0000000083600000, 0x0000000083600000|100%| O|  |TAMS 0x0000000083600000, 0x0000000083600000| Untracked 
|  54|0x0000000083600000, 0x0000000083700000, 0x0000000083700000|100%| O|  |TAMS 0x0000000083700000, 0x0000000083700000| Untracked 
|  55|0x0000000083700000, 0x0000000083800000, 0x0000000083800000|100%| O|  |TAMS 0x0000000083800000, 0x0000000083800000| Untracked 
|  56|0x0000000083800000, 0x0000000083900000, 0x0000000083900000|100%| O|  |TAMS 0x0000000083900000, 0x0000000083900000| Untracked 
|  57|0x0000000083900000, 0x0000000083a00000, 0x0000000083a00000|100%| O|  |TAMS 0x0000000083a00000, 0x0000000083a00000| Untracked 
|  58|0x0000000083a00000, 0x0000000083b00000, 0x0000000083b00000|100%| O|  |TAMS 0x0000000083b00000, 0x0000000083b00000| Untracked 
|  59|0x0000000083b00000, 0x0000000083c00000, 0x0000000083c00000|100%| O|  |TAMS 0x0000000083c00000, 0x0000000083c00000| Untracked 
|  60|0x0000000083c00000, 0x0000000083d00000, 0x0000000083d00000|100%| O|  |TAMS 0x0000000083d00000, 0x0000000083d00000| Untracked 
|  61|0x0000000083d00000, 0x0000000083e00000, 0x0000000083e00000|100%| O|  |TAMS 0x0000000083e00000, 0x0000000083e00000| Untracked 
|  62|0x0000000083e00000, 0x0000000083f00000, 0x0000000083f00000|100%| O|  |TAMS 0x0000000083f00000, 0x0000000083f00000| Untracked 
|  63|0x0000000083f00000, 0x0000000083f00000, 0x0000000084000000|  0%| F|  |TAMS 0x0000000083f00000, 0x0000000083f00000| Untracked 
|  64|0x0000000084000000, 0x0000000084100000, 0x0000000084100000|100%| O|  |TAMS 0x0000000084100000, 0x0000000084100000| Untracked 
|  65|0x0000000084100000, 0x0000000084200000, 0x0000000084200000|100%| O|  |TAMS 0x0000000084200000, 0x0000000084200000| Untracked 
|  66|0x0000000084200000, 0x0000000084300000, 0x0000000084300000|100%| O|  |TAMS 0x0000000084300000, 0x0000000084300000| Untracked 
|  67|0x0000000084300000, 0x0000000084400000, 0x0000000084400000|100%| O|  |TAMS 0x0000000084400000, 0x0000000084400000| Untracked 
|  68|0x0000000084400000, 0x0000000084500000, 0x0000000084500000|100%| O|  |TAMS 0x0000000084500000, 0x0000000084500000| Untracked 
|  69|0x0000000084500000, 0x0000000084500000, 0x0000000084600000|  0%| F|  |TAMS 0x0000000084500000, 0x0000000084500000| Untracked 
|  70|0x0000000084600000, 0x0000000084700000, 0x0000000084700000|100%| O|  |TAMS 0x0000000084700000, 0x0000000084700000| Untracked 
|  71|0x0000000084700000, 0x0000000084700000, 0x0000000084800000|  0%| F|  |TAMS 0x0000000084700000, 0x0000000084700000| Untracked 
|  72|0x0000000084800000, 0x0000000084900000, 0x0000000084900000|100%|HS|  |TAMS 0x0000000084900000, 0x0000000084900000| Complete 
|  73|0x0000000084900000, 0x0000000084a00000, 0x0000000084a00000|100%|HC|  |TAMS 0x0000000084a00000, 0x0000000084a00000| Complete 
|  74|0x0000000084a00000, 0x0000000084b00000, 0x0000000084b00000|100%| O|  |TAMS 0x0000000084b00000, 0x0000000084b00000| Untracked 
|  75|0x0000000084b00000, 0x0000000084b00000, 0x0000000084c00000|  0%| F|  |TAMS 0x0000000084b00000, 0x0000000084b00000| Untracked 
|  76|0x0000000084c00000, 0x0000000084d00000, 0x0000000084d00000|100%| O|  |TAMS 0x0000000084d00000, 0x0000000084d00000| Untracked 
|  77|0x0000000084d00000, 0x0000000084e00000, 0x0000000084e00000|100%| O|  |TAMS 0x0000000084e00000, 0x0000000084e00000| Untracked 
|  78|0x0000000084e00000, 0x0000000084e00000, 0x0000000084f00000|  0%| F|  |TAMS 0x0000000084e00000, 0x0000000084e00000| Untracked 
|  79|0x0000000084f00000, 0x0000000085000000, 0x0000000085000000|100%| O|  |TAMS 0x0000000085000000, 0x0000000085000000| Untracked 
|  80|0x0000000085000000, 0x0000000085100000, 0x0000000085100000|100%| O|  |TAMS 0x0000000085100000, 0x0000000085100000| Untracked 
|  81|0x0000000085100000, 0x0000000085200000, 0x0000000085200000|100%| O|  |TAMS 0x0000000085200000, 0x0000000085200000| Untracked 
|  82|0x0000000085200000, 0x0000000085300000, 0x0000000085300000|100%| O|  |TAMS 0x0000000085300000, 0x0000000085300000| Untracked 
|  83|0x0000000085300000, 0x0000000085400000, 0x0000000085400000|100%| O|  |TAMS 0x0000000085311400, 0x0000000085400000| Untracked 
|  84|0x0000000085400000, 0x0000000085500000, 0x0000000085500000|100%| O|  |TAMS 0x0000000085500000, 0x0000000085500000| Untracked 
|  85|0x0000000085500000, 0x0000000085600000, 0x0000000085600000|100%| O|  |TAMS 0x0000000085600000, 0x0000000085600000| Untracked 
|  86|0x0000000085600000, 0x0000000085700000, 0x0000000085700000|100%| O|  |TAMS 0x0000000085600000, 0x0000000085700000| Untracked 
|  87|0x0000000085700000, 0x0000000085800000, 0x0000000085800000|100%| O|  |TAMS 0x0000000085700000, 0x0000000085800000| Untracked 
|  88|0x0000000085800000, 0x0000000085900000, 0x0000000085900000|100%| O|  |TAMS 0x0000000085800000, 0x0000000085900000| Untracked 
|  89|0x0000000085900000, 0x0000000085a00000, 0x0000000085a00000|100%| O|  |TAMS 0x0000000085900000, 0x0000000085a00000| Untracked 
|  90|0x0000000085a00000, 0x0000000085b00000, 0x0000000085b00000|100%| O|  |TAMS 0x0000000085a00000, 0x0000000085b00000| Untracked 
|  91|0x0000000085b00000, 0x0000000085b27200, 0x0000000085c00000| 15%| O|  |TAMS 0x0000000085b00000, 0x0000000085b27200| Untracked 
|  92|0x0000000085c00000, 0x0000000085c00000, 0x0000000085d00000|  0%| F|  |TAMS 0x0000000085c00000, 0x0000000085c00000| Untracked 
|  93|0x0000000085d00000, 0x0000000085d00000, 0x0000000085e00000|  0%| F|  |TAMS 0x0000000085d00000, 0x0000000085d00000| Untracked 
|  94|0x0000000085e00000, 0x0000000085e00000, 0x0000000085f00000|  0%| F|  |TAMS 0x0000000085e00000, 0x0000000085e00000| Untracked 
|  95|0x0000000085f00000, 0x0000000085f00000, 0x0000000086000000|  0%| F|  |TAMS 0x0000000085f00000, 0x0000000085f00000| Untracked 
|  96|0x0000000086000000, 0x0000000086000000, 0x0000000086100000|  0%| F|  |TAMS 0x0000000086000000, 0x0000000086000000| Untracked 
|  97|0x0000000086100000, 0x0000000086100000, 0x0000000086200000|  0%| F|  |TAMS 0x0000000086100000, 0x0000000086100000| Untracked 
|  98|0x0000000086200000, 0x0000000086200000, 0x0000000086300000|  0%| F|  |TAMS 0x0000000086200000, 0x0000000086200000| Untracked 
|  99|0x0000000086300000, 0x0000000086300000, 0x0000000086400000|  0%| F|  |TAMS 0x0000000086300000, 0x0000000086300000| Untracked 
| 100|0x0000000086400000, 0x0000000086400000, 0x0000000086500000|  0%| F|  |TAMS 0x0000000086400000, 0x0000000086400000| Untracked 
| 101|0x0000000086500000, 0x0000000086500000, 0x0000000086600000|  0%| F|  |TAMS 0x0000000086500000, 0x0000000086500000| Untracked 
| 102|0x0000000086600000, 0x0000000086600000, 0x0000000086700000|  0%| F|  |TAMS 0x0000000086600000, 0x0000000086600000| Untracked 
| 103|0x0000000086700000, 0x0000000086700000, 0x0000000086800000|  0%| F|  |TAMS 0x0000000086700000, 0x0000000086700000| Untracked 
| 104|0x0000000086800000, 0x0000000086800000, 0x0000000086900000|  0%| F|  |TAMS 0x0000000086800000, 0x0000000086800000| Untracked 
| 105|0x0000000086900000, 0x0000000086900000, 0x0000000086a00000|  0%| F|  |TAMS 0x0000000086900000, 0x0000000086900000| Untracked 
| 106|0x0000000086a00000, 0x0000000086a00000, 0x0000000086b00000|  0%| F|  |TAMS 0x0000000086a00000, 0x0000000086a00000| Untracked 
| 107|0x0000000086b00000, 0x0000000086b00000, 0x0000000086c00000|  0%| F|  |TAMS 0x0000000086b00000, 0x0000000086b00000| Untracked 
| 108|0x0000000086c00000, 0x0000000086c00000, 0x0000000086d00000|  0%| F|  |TAMS 0x0000000086c00000, 0x0000000086c00000| Untracked 
| 109|0x0000000086d00000, 0x0000000086d00000, 0x0000000086e00000|  0%| F|  |TAMS 0x0000000086d00000, 0x0000000086d00000| Untracked 
| 110|0x0000000086e00000, 0x0000000086e00000, 0x0000000086f00000|  0%| F|  |TAMS 0x0000000086e00000, 0x0000000086e00000| Untracked 
| 111|0x0000000086f00000, 0x0000000086f00000, 0x0000000087000000|  0%| F|  |TAMS 0x0000000086f00000, 0x0000000086f00000| Untracked 
| 112|0x0000000087000000, 0x0000000087000000, 0x0000000087100000|  0%| F|  |TAMS 0x0000000087000000, 0x0000000087000000| Untracked 
| 113|0x0000000087100000, 0x0000000087100000, 0x0000000087200000|  0%| F|  |TAMS 0x0000000087100000, 0x0000000087100000| Untracked 
| 114|0x0000000087200000, 0x0000000087200000, 0x0000000087300000|  0%| F|  |TAMS 0x0000000087200000, 0x0000000087200000| Untracked 
| 115|0x0000000087300000, 0x0000000087300000, 0x0000000087400000|  0%| F|  |TAMS 0x0000000087300000, 0x0000000087300000| Untracked 
| 116|0x0000000087400000, 0x0000000087400000, 0x0000000087500000|  0%| F|  |TAMS 0x0000000087400000, 0x0000000087400000| Untracked 
| 117|0x0000000087500000, 0x0000000087500000, 0x0000000087600000|  0%| F|  |TAMS 0x0000000087500000, 0x0000000087500000| Untracked 
| 118|0x0000000087600000, 0x0000000087600000, 0x0000000087700000|  0%| F|  |TAMS 0x0000000087600000, 0x0000000087600000| Untracked 
| 119|0x0000000087700000, 0x000000008778c140, 0x0000000087800000| 54%| S|CS|TAMS 0x0000000087700000, 0x0000000087700000| Complete 
| 120|0x0000000087800000, 0x0000000087900000, 0x0000000087900000|100%| S|CS|TAMS 0x0000000087800000, 0x0000000087800000| Complete 
| 121|0x0000000087900000, 0x0000000087a00000, 0x0000000087a00000|100%| S|CS|TAMS 0x0000000087900000, 0x0000000087900000| Complete 
| 122|0x0000000087a00000, 0x0000000087a00000, 0x0000000087b00000|  0%| F|  |TAMS 0x0000000087a00000, 0x0000000087a00000| Untracked 
| 123|0x0000000087b00000, 0x0000000087b00000, 0x0000000087c00000|  0%| F|  |TAMS 0x0000000087b00000, 0x0000000087b00000| Untracked 
| 124|0x0000000087c00000, 0x0000000087c00000, 0x0000000087d00000|  0%| F|  |TAMS 0x0000000087c00000, 0x0000000087c00000| Untracked 
| 125|0x0000000087d00000, 0x0000000087d00000, 0x0000000087e00000|  0%| F|  |TAMS 0x0000000087d00000, 0x0000000087d00000| Untracked 
| 126|0x0000000087e00000, 0x0000000087e00000, 0x0000000087f00000|  0%| F|  |TAMS 0x0000000087e00000, 0x0000000087e00000| Untracked 
| 127|0x0000000087f00000, 0x0000000087f00000, 0x0000000088000000|  0%| F|  |TAMS 0x0000000087f00000, 0x0000000087f00000| Untracked 
| 128|0x0000000088000000, 0x0000000088000000, 0x0000000088100000|  0%| F|  |TAMS 0x0000000088000000, 0x0000000088000000| Untracked 
| 129|0x0000000088100000, 0x0000000088100000, 0x0000000088200000|  0%| F|  |TAMS 0x0000000088100000, 0x0000000088100000| Untracked 
| 130|0x0000000088200000, 0x0000000088200000, 0x0000000088300000|  0%| F|  |TAMS 0x0000000088200000, 0x0000000088200000| Untracked 
| 131|0x0000000088300000, 0x0000000088300000, 0x0000000088400000|  0%| F|  |TAMS 0x0000000088300000, 0x0000000088300000| Untracked 
| 132|0x0000000088400000, 0x0000000088400000, 0x0000000088500000|  0%| F|  |TAMS 0x0000000088400000, 0x0000000088400000| Untracked 
| 133|0x0000000088500000, 0x0000000088500000, 0x0000000088600000|  0%| F|  |TAMS 0x0000000088500000, 0x0000000088500000| Untracked 
| 134|0x0000000088600000, 0x0000000088600000, 0x0000000088700000|  0%| F|  |TAMS 0x0000000088600000, 0x0000000088600000| Untracked 
| 135|0x0000000088700000, 0x0000000088700000, 0x0000000088800000|  0%| F|  |TAMS 0x0000000088700000, 0x0000000088700000| Untracked 
| 136|0x0000000088800000, 0x0000000088800000, 0x0000000088900000|  0%| F|  |TAMS 0x0000000088800000, 0x0000000088800000| Untracked 
| 137|0x0000000088900000, 0x0000000088900000, 0x0000000088a00000|  0%| F|  |TAMS 0x0000000088900000, 0x0000000088900000| Untracked 
| 138|0x0000000088a00000, 0x0000000088a00000, 0x0000000088b00000|  0%| F|  |TAMS 0x0000000088a00000, 0x0000000088a00000| Untracked 
| 139|0x0000000088b00000, 0x0000000088b00000, 0x0000000088c00000|  0%| F|  |TAMS 0x0000000088b00000, 0x0000000088b00000| Untracked 
| 140|0x0000000088c00000, 0x0000000088c00000, 0x0000000088d00000|  0%| F|  |TAMS 0x0000000088c00000, 0x0000000088c00000| Untracked 
| 141|0x0000000088d00000, 0x0000000088d00000, 0x0000000088e00000|  0%| F|  |TAMS 0x0000000088d00000, 0x0000000088d00000| Untracked 
| 142|0x0000000088e00000, 0x0000000088e00000, 0x0000000088f00000|  0%| F|  |TAMS 0x0000000088e00000, 0x0000000088e00000| Untracked 
| 143|0x0000000088f00000, 0x0000000088f00000, 0x0000000089000000|  0%| F|  |TAMS 0x0000000088f00000, 0x0000000088f00000| Untracked 
| 144|0x0000000089000000, 0x0000000089000000, 0x0000000089100000|  0%| F|  |TAMS 0x0000000089000000, 0x0000000089000000| Untracked 
| 145|0x0000000089100000, 0x0000000089100000, 0x0000000089200000|  0%| F|  |TAMS 0x0000000089100000, 0x0000000089100000| Untracked 
| 146|0x0000000089200000, 0x0000000089200000, 0x0000000089300000|  0%| F|  |TAMS 0x0000000089200000, 0x0000000089200000| Untracked 
| 147|0x0000000089300000, 0x0000000089300000, 0x0000000089400000|  0%| F|  |TAMS 0x0000000089300000, 0x0000000089300000| Untracked 
| 148|0x0000000089400000, 0x0000000089400000, 0x0000000089500000|  0%| F|  |TAMS 0x0000000089400000, 0x0000000089400000| Untracked 
| 149|0x0000000089500000, 0x0000000089500000, 0x0000000089600000|  0%| F|  |TAMS 0x0000000089500000, 0x0000000089500000| Untracked 
| 150|0x0000000089600000, 0x0000000089600000, 0x0000000089700000|  0%| F|  |TAMS 0x0000000089600000, 0x0000000089600000| Untracked 
| 151|0x0000000089700000, 0x0000000089700000, 0x0000000089800000|  0%| F|  |TAMS 0x0000000089700000, 0x0000000089700000| Untracked 
| 152|0x0000000089800000, 0x0000000089800000, 0x0000000089900000|  0%| F|  |TAMS 0x0000000089800000, 0x0000000089800000| Untracked 
| 153|0x0000000089900000, 0x0000000089900000, 0x0000000089a00000|  0%| F|  |TAMS 0x0000000089900000, 0x0000000089900000| Untracked 
| 154|0x0000000089a00000, 0x0000000089a00000, 0x0000000089b00000|  0%| F|  |TAMS 0x0000000089a00000, 0x0000000089a00000| Untracked 
| 155|0x0000000089b00000, 0x0000000089b00000, 0x0000000089c00000|  0%| F|  |TAMS 0x0000000089b00000, 0x0000000089b00000| Untracked 
| 156|0x0000000089c00000, 0x0000000089c00000, 0x0000000089d00000|  0%| F|  |TAMS 0x0000000089c00000, 0x0000000089c00000| Untracked 
| 157|0x0000000089d00000, 0x0000000089d56308, 0x0000000089e00000| 33%| E|  |TAMS 0x0000000089d00000, 0x0000000089d00000| Complete 
| 158|0x0000000089e00000, 0x0000000089f00000, 0x0000000089f00000|100%| E|CS|TAMS 0x0000000089e00000, 0x0000000089e00000| Complete 
| 159|0x0000000089f00000, 0x000000008a000000, 0x000000008a000000|100%| E|CS|TAMS 0x0000000089f00000, 0x0000000089f00000| Complete 
| 160|0x000000008a000000, 0x000000008a100000, 0x000000008a100000|100%| E|CS|TAMS 0x000000008a000000, 0x000000008a000000| Complete 
| 161|0x000000008a100000, 0x000000008a200000, 0x000000008a200000|100%| E|CS|TAMS 0x000000008a100000, 0x000000008a100000| Complete 
| 162|0x000000008a200000, 0x000000008a300000, 0x000000008a300000|100%| E|CS|TAMS 0x000000008a200000, 0x000000008a200000| Complete 
| 163|0x000000008a300000, 0x000000008a400000, 0x000000008a400000|100%| E|CS|TAMS 0x000000008a300000, 0x000000008a300000| Complete 
| 164|0x000000008a400000, 0x000000008a500000, 0x000000008a500000|100%| E|CS|TAMS 0x000000008a400000, 0x000000008a400000| Complete 
| 165|0x000000008a500000, 0x000000008a600000, 0x000000008a600000|100%| E|CS|TAMS 0x000000008a500000, 0x000000008a500000| Complete 

Card table byte_map: [0x00007f543405a000,0x00007f543445a000] _byte_map_base: 0x00007f5433c5a000

Marking Bits (Prev, Next): (CMBitMap*) 0x00007f5448058138, (CMBitMap*) 0x00007f5448058170
 Prev Bits: [0x00007f542dc00000, 0x00007f542fc00000)
 Next Bits: [0x00007f542bc00000, 0x00007f542dc00000)

Polling page: 0x00007f544e531000

Metaspace:

Usage:
  Non-class:     92,30 MB capacity,    90,50 MB ( 98%) used,     1,46 MB (  2%) free+waste,   347,06 KB ( <1%) overhead. 
      Class:     14,67 MB capacity,    13,60 MB ( 93%) used,   942,09 KB (  6%) free+waste,   156,25 KB (  1%) overhead. 
       Both:    106,97 MB capacity,   104,09 MB ( 97%) used,     2,38 MB (  2%) free+waste,   503,31 KB ( <1%) overhead. 

Virtual space:
  Non-class space:       94,00 MB reserved,      92,45 MB ( 98%) committed 
      Class space:        1,00 GB reserved,      14,75 MB (  1%) committed 
             Both:        1,09 GB reserved,     107,20 MB ( 10%) committed 

Chunk freelists:
   Non-Class:  13,00 KB
       Class:  0 bytes
        Both:  13,00 KB

MaxMetaspaceSize: unlimited
CompressedClassSpaceSize: 1,00 GB

CodeHeap 'non-profiled nmethods': size=120032Kb used=8181Kb max_used=8181Kb free=111850Kb
 bounds [0x00007f543c726000, 0x00007f543cf26000, 0x00007f5443c5e000]
CodeHeap 'profiled nmethods': size=120032Kb used=31370Kb max_used=31370Kb free=88661Kb
 bounds [0x00007f54351ee000, 0x00007f543709e000, 0x00007f543c726000]
CodeHeap 'non-nmethods': size=5696Kb used=2289Kb max_used=2343Kb free=3406Kb
 bounds [0x00007f5434c5e000, 0x00007f5434ece000, 0x00007f54351ee000]
 total_blobs=15667 nmethods=14741 adapters=837
 compilation: enabled
              stopped_count=0, restarted_count=0
 full_count=0

Compilation events (20 events):
Event: 1877,515 Thread 0x00007f544814f800 14799       3       org.gradle.execution.plan.Node::require (23 bytes)
Event: 1877,515 Thread 0x00007f544814f800 nmethod 14799 0x00007f5437089f90 code [0x00007f543708a140, 0x00007f543708a2f0]
Event: 1877,517 Thread 0x00007f544814f800 14800       3       org.gradle.api.internal.tasks.properties.bean.NestedRuntimeBeanNode::visitNode (15 bytes)
Event: 1877,518 Thread 0x00007f544814f800 nmethod 14800 0x00007f543708a390 code [0x00007f543708a580, 0x00007f543708aba0]
Event: 1877,519 Thread 0x00007f544814f800 14801       3       com.android.build.api.artifact.Artifact::getFolderName (52 bytes)
Event: 1877,519 Thread 0x00007f544814f800 nmethod 14801 0x00007f543708ae10 code [0x00007f543708b080, 0x00007f543708b750]
Event: 1877,519 Thread 0x00007f544814f800 14802       3       java.io.UnixFileSystem::normalize (129 bytes)
Event: 1877,526 Thread 0x00007f544814f800 nmethod 14802 0x00007f543708ba10 code [0x00007f543708bd60, 0x00007f543708d320]
Event: 1877,526 Thread 0x00007f544814f800 14804       3       java.lang.Package::getName (5 bytes)
Event: 1877,532 Thread 0x00007f544814f800 nmethod 14804 0x00007f543708dc90 code [0x00007f543708de40, 0x00007f543708dfd0]
Event: 1877,532 Thread 0x00007f544814f800 14805       3       com.sun.org.apache.xerces.internal.utils.XMLSecurityManager$Limit::values (10 bytes)
Event: 1877,533 Thread 0x00007f544814f800 nmethod 14805 0x00007f543708e090 code [0x00007f543708e260, 0x00007f543708e4e0]
Event: 1877,540 Thread 0x00007f544814f800 14807       3       com.sun.org.apache.xerces.internal.util.XMLStringBuffer::<init> (7 bytes)
Event: 1877,541 Thread 0x00007f544814f800 nmethod 14807 0x00007f543708e590 code [0x00007f543708e760, 0x00007f543708ea70]
Event: 1877,541 Thread 0x00007f544814f800 14806       3       com.sun.org.apache.xerces.internal.impl.XMLEntityManager$RewindableInputStream::read (168 bytes)
Event: 1877,541 Thread 0x00007f544814f800 nmethod 14806 0x00007f543708eb90 code [0x00007f543708eda0, 0x00007f543708f380]
Event: 1877,541 Thread 0x00007f544814f800 14808       3       com.sun.org.apache.xerces.internal.impl.XMLEntityManager$RewindableInputStream::readAndBuffer (97 bytes)
Event: 1877,541 Thread 0x00007f544814f800 nmethod 14808 0x00007f543708f510 code [0x00007f543708f700, 0x00007f543708fb50]
Event: 1877,541 Thread 0x00007f544814f800 14809       3       com.sun.org.apache.xerces.internal.util.XMLAttributesImpl$Attribute::<init> (27 bytes)
Event: 1877,542 Thread 0x00007f544814f800 nmethod 14809 0x00007f543708fc90 code [0x00007f543708fea0, 0x00007f54370906d0]

GC Heap History (20 events):
Event: 59,492 GC heap before
{Heap before GC invocations=60 (full 0):
 garbage-first heap   total 137216K, used 105073K [0x0000000080000000, 0x0000000100000000)
  region size 1024K, 31 young (31744K), 3 survivors (3072K)
 Metaspace       used 101141K, capacity 103874K, committed 104140K, reserved 1138688K
  class space    used 13486K, capacity 14517K, committed 14592K, reserved 1048576K
}
Event: 59,511 GC heap after
{Heap after GC invocations=61 (full 0):
 garbage-first heap   total 137216K, used 77938K [0x0000000080000000, 0x0000000100000000)
  region size 1024K, 2 young (2048K), 2 survivors (2048K)
 Metaspace       used 101141K, capacity 103874K, committed 104140K, reserved 1138688K
  class space    used 13486K, capacity 14517K, committed 14592K, reserved 1048576K
}
Event: 60,590 GC heap before
{Heap before GC invocations=62 (full 0):
 garbage-first heap   total 137216K, used 107634K [0x0000000080000000, 0x0000000100000000)
  region size 1024K, 31 young (31744K), 2 survivors (2048K)
 Metaspace       used 102908K, capacity 105657K, committed 105804K, reserved 1140736K
  class space    used 13668K, capacity 14675K, committed 14720K, reserved 1048576K
}
Event: 60,606 GC heap after
{Heap after GC invocations=63 (full 0):
 garbage-first heap   total 137216K, used 80156K [0x0000000080000000, 0x0000000100000000)
  region size 1024K, 4 young (4096K), 4 survivors (4096K)
 Metaspace       used 102908K, capacity 105657K, committed 105804K, reserved 1140736K
  class space    used 13668K, capacity 14675K, committed 14720K, reserved 1048576K
}
Event: 61,261 GC heap before
{Heap before GC invocations=63 (full 0):
 garbage-first heap   total 137216K, used 87324K [0x0000000080000000, 0x0000000100000000)
  region size 1024K, 12 young (12288K), 4 survivors (4096K)
 Metaspace       used 103743K, capacity 106571K, committed 106700K, reserved 1140736K
  class space    used 13791K, capacity 14833K, committed 14848K, reserved 1048576K
}
Event: 61,270 GC heap after
{Heap after GC invocations=64 (full 0):
 garbage-first heap   total 169984K, used 80840K [0x0000000080000000, 0x0000000100000000)
  region size 1024K, 4 young (4096K), 4 survivors (4096K)
 Metaspace       used 103743K, capacity 106571K, committed 106700K, reserved 1140736K
  class space    used 13791K, capacity 14833K, committed 14848K, reserved 1048576K
}
Event: 565,637 GC heap before
{Heap before GC invocations=65 (full 0):
 garbage-first heap   total 169984K, used 123848K [0x0000000080000000, 0x0000000100000000)
  region size 1024K, 40 young (40960K), 4 survivors (4096K)
 Metaspace       used 104708K, capacity 107459K, committed 107596K, reserved 1142784K
  class space    used 13878K, capacity 14942K, committed 14976K, reserved 1048576K
}
Event: 565,702 GC heap after
{Heap after GC invocations=66 (full 0):
 garbage-first heap   total 169984K, used 82216K [0x0000000080000000, 0x0000000100000000)
  region size 1024K, 3 young (3072K), 3 survivors (3072K)
 Metaspace       used 104708K, capacity 107459K, committed 107596K, reserved 1142784K
  class space    used 13878K, capacity 14942K, committed 14976K, reserved 1048576K
}
Event: 566,572 GC heap before
{Heap before GC invocations=66 (full 0):
 garbage-first heap   total 169984K, used 105768K [0x0000000080000000, 0x0000000100000000)
  region size 1024K, 27 young (27648K), 3 survivors (3072K)
 Metaspace       used 105190K, capacity 108105K, committed 108364K, reserved 1142784K
  class space    used 13883K, capacity 14951K, committed 14976K, reserved 1048576K
}
Event: 566,585 GC heap after
{Heap after GC invocations=67 (full 0):
 garbage-first heap   total 169984K, used 85877K [0x0000000080000000, 0x0000000100000000)
  region size 1024K, 6 young (6144K), 6 survivors (6144K)
 Metaspace       used 105190K, capacity 108105K, committed 108364K, reserved 1142784K
  class space    used 13883K, capacity 14951K, committed 14976K, reserved 1048576K
}
Event: 570,637 GC heap before
{Heap before GC invocations=68 (full 0):
 garbage-first heap   total 169984K, used 125813K [0x0000000080000000, 0x0000000100000000)
  region size 1024K, 44 young (45056K), 6 survivors (6144K)
 Metaspace       used 105426K, capacity 108322K, committed 108364K, reserved 1142784K
  class space    used 13886K, capacity 14955K, committed 14976K, reserved 1048576K
}
Event: 570,658 GC heap after
{Heap after GC invocations=69 (full 0):
 garbage-first heap   total 169984K, used 88799K [0x0000000080000000, 0x0000000100000000)
  region size 1024K, 2 young (2048K), 2 survivors (2048K)
 Metaspace       used 105426K, capacity 108322K, committed 108364K, reserved 1142784K
  class space    used 13886K, capacity 14955K, committed 14976K, reserved 1048576K
}
Event: 570,973 GC heap before
{Heap before GC invocations=69 (full 0):
 garbage-first heap   total 169984K, used 108255K [0x0000000080000000, 0x0000000100000000)
  region size 1024K, 22 young (22528K), 2 survivors (2048K)
 Metaspace       used 105541K, capacity 108460K, committed 108620K, reserved 1142784K
  class space    used 13886K, capacity 14956K, committed 14976K, reserved 1048576K
}
Event: 570,980 GC heap after
{Heap after GC invocations=70 (full 0):
 garbage-first heap   total 169984K, used 88442K [0x0000000080000000, 0x0000000100000000)
  region size 1024K, 2 young (2048K), 2 survivors (2048K)
 Metaspace       used 105541K, capacity 108460K, committed 108620K, reserved 1142784K
  class space    used 13886K, capacity 14956K, committed 14976K, reserved 1048576K
}
Event: 1107,580 GC heap before
{Heap before GC invocations=71 (full 0):
 garbage-first heap   total 169984K, used 136570K [0x0000000080000000, 0x0000000100000000)
  region size 1024K, 43 young (44032K), 2 survivors (2048K)
 Metaspace       used 106137K, capacity 109083K, committed 109132K, reserved 1142784K
  class space    used 13895K, capacity 14972K, committed 14976K, reserved 1048576K
}
Event: 1107,606 GC heap after
{Heap after GC invocations=72 (full 0):
 garbage-first heap   total 169984K, used 91499K [0x0000000080000000, 0x0000000100000000)
  region size 1024K, 5 young (5120K), 5 survivors (5120K)
 Metaspace       used 106137K, capacity 109083K, committed 109132K, reserved 1142784K
  class space    used 13895K, capacity 14972K, committed 14976K, reserved 1048576K
}
Event: 1107,653 GC heap before
{Heap before GC invocations=72 (full 0):
 garbage-first heap   total 169984K, used 94571K [0x0000000080000000, 0x0000000100000000)
  region size 1024K, 8 young (8192K), 5 survivors (5120K)
 Metaspace       used 106142K, capacity 109084K, committed 109132K, reserved 1142784K
  class space    used 13895K, capacity 14972K, committed 14976K, reserved 1048576K
}
Event: 1107,684 GC heap after
{Heap after GC invocations=73 (full 0):
 garbage-first heap   total 169984K, used 87895K [0x0000000080000000, 0x0000000100000000)
  region size 1024K, 1 young (1024K), 1 survivors (1024K)
 Metaspace       used 106142K, capacity 109084K, committed 109132K, reserved 1142784K
  class space    used 13895K, capacity 14972K, committed 14976K, reserved 1048576K
}
Event: 1877,259 GC heap before
{Heap before GC invocations=73 (full 0):
 garbage-first heap   total 169984K, used 130903K [0x0000000080000000, 0x0000000100000000)
  region size 1024K, 44 young (45056K), 1 survivors (1024K)
 Metaspace       used 106498K, capacity 109502K, committed 109772K, reserved 1144832K
  class space    used 13919K, capacity 15016K, committed 15104K, reserved 1048576K
}
Event: 1877,309 GC heap after
{Heap after GC invocations=74 (full 0):
 garbage-first heap   total 169984K, used 89804K [0x0000000080000000, 0x0000000100000000)
  region size 1024K, 3 young (3072K), 3 survivors (3072K)
 Metaspace       used 106498K, capacity 109502K, committed 109772K, reserved 1144832K
  class space    used 13919K, capacity 15016K, committed 15104K, reserved 1048576K
}

Deoptimization events (20 events):
Event: 1107,958 Thread 0x00007f53d0015000 DEOPT PACKING pc=0x00007f543cea3048 sp=0x00007f539fbfdd80
Event: 1107,958 Thread 0x00007f53d0015000 DEOPT UNPACKING pc=0x00007f5434c848a5 sp=0x00007f539fbfdce0 mode 2
Event: 1107,966 Thread 0x00007f53c8004000 Uncommon trap: trap_request=0xffffff4d fr.pc=0x00007f543cb41f44 relative=0x0000000000000284
Event: 1107,966 Thread 0x00007f53c8004000 Uncommon trap: reason=unstable_if action=reinterpret pc=0x00007f543cb41f44 method=com.esotericsoftware.kryo.io.Input.require(I)I @ 180 c2
Event: 1107,966 Thread 0x00007f53c8004000 DEOPT PACKING pc=0x00007f543cb41f44 sp=0x00007f539e5f42d0
Event: 1107,966 Thread 0x00007f53c8004000 DEOPT UNPACKING pc=0x00007f5434c848a5 sp=0x00007f539e5f4288 mode 2
Event: 1709,048 Thread 0x00007f53c554a000 DEOPT PACKING pc=0x00007f5436cb614b sp=0x00007f53a4ec6f50
Event: 1709,048 Thread 0x00007f53c554a000 DEOPT UNPACKING pc=0x00007f5434c846ba sp=0x00007f53a4ec6430 mode 0
Event: 1876,907 Thread 0x00007f53c8009000 Uncommon trap: trap_request=0xffffffc6 fr.pc=0x00007f543cca9864 relative=0x0000000000000124
Event: 1876,907 Thread 0x00007f53c8009000 Uncommon trap: reason=bimorphic_or_optimized_type_check action=maybe_recompile pc=0x00007f543cca9864 method=java.util.Collections$UnmodifiableList.get(I)Ljava/lang/Object; @ 5 c2
Event: 1876,907 Thread 0x00007f53c8009000 DEOPT PACKING pc=0x00007f543cca9864 sp=0x00007f539d592f90
Event: 1876,907 Thread 0x00007f53c8009000 DEOPT UNPACKING pc=0x00007f5434c848a5 sp=0x00007f539d592f48 mode 2
Event: 1877,062 Thread 0x00007f53c8009000 Uncommon trap: trap_request=0xffffffde fr.pc=0x00007f543cea25b4 relative=0x00000000000004d4
Event: 1877,062 Thread 0x00007f53c8009000 Uncommon trap: reason=class_check action=maybe_recompile pc=0x00007f543cea25b4 method=org.gradle.cache.internal.LockOnDemandCrossProcessCacheAccess.incrementLockCount()V @ 97 c2
Event: 1877,062 Thread 0x00007f53c8009000 DEOPT PACKING pc=0x00007f543cea25b4 sp=0x00007f539d58cb90
Event: 1877,062 Thread 0x00007f53c8009000 DEOPT UNPACKING pc=0x00007f5434c848a5 sp=0x00007f539d58cb40 mode 2
Event: 1877,392 Thread 0x00007f53c8009000 DEOPT PACKING pc=0x00007f54356f8149 sp=0x00007f539d58d980
Event: 1877,392 Thread 0x00007f53c8009000 DEOPT UNPACKING pc=0x00007f5434c846ba sp=0x00007f539d58ce68 mode 0
Event: 1877,540 Thread 0x00007f53c8009000 DEOPT PACKING pc=0x00007f5436b00f58 sp=0x00007f539d58e6c0
Event: 1877,540 Thread 0x00007f53c8009000 DEOPT UNPACKING pc=0x00007f5434c846ba sp=0x00007f539d58dc20 mode 0

Classes redefined (0 events):
No events

Internal exceptions (20 events):
Event: 1784,047 Thread 0x00007f53c554a000 Exception <a 'java/io/IOException'{0x0000000088715470}> (0x0000000088715470) thrown at [src/hotspot/share/prims/jni.cpp, line 615]
Event: 1789,047 Thread 0x00007f53c554a000 Exception <a 'java/io/IOException'{0x000000008873a170}> (0x000000008873a170) thrown at [src/hotspot/share/prims/jni.cpp, line 615]
Event: 1794,047 Thread 0x00007f53c554a000 Exception <a 'java/io/IOException'{0x000000008876d7e0}> (0x000000008876d7e0) thrown at [src/hotspot/share/prims/jni.cpp, line 615]
Event: 1799,047 Thread 0x00007f53c554a000 Exception <a 'java/io/IOException'{0x000000008879f9d0}> (0x000000008879f9d0) thrown at [src/hotspot/share/prims/jni.cpp, line 615]
Event: 1804,047 Thread 0x00007f53c554a000 Exception <a 'java/io/IOException'{0x00000000887a61e8}> (0x00000000887a61e8) thrown at [src/hotspot/share/prims/jni.cpp, line 615]
Event: 1809,047 Thread 0x00007f53c554a000 Exception <a 'java/io/IOException'{0x00000000887caf00}> (0x00000000887caf00) thrown at [src/hotspot/share/prims/jni.cpp, line 615]
Event: 1814,047 Thread 0x00007f53c554a000 Exception <a 'java/io/IOException'{0x00000000887dec30}> (0x00000000887dec30) thrown at [src/hotspot/share/prims/jni.cpp, line 615]
Event: 1819,047 Thread 0x00007f53c554a000 Exception <a 'java/io/IOException'{0x0000000088610cb0}> (0x0000000088610cb0) thrown at [src/hotspot/share/prims/jni.cpp, line 615]
Event: 1824,047 Thread 0x00007f53c554a000 Exception <a 'java/io/IOException'{0x00000000886174c8}> (0x00000000886174c8) thrown at [src/hotspot/share/prims/jni.cpp, line 615]
Event: 1829,047 Thread 0x00007f53c554a000 Exception <a 'java/io/IOException'{0x000000008863c1e0}> (0x000000008863c1e0) thrown at [src/hotspot/share/prims/jni.cpp, line 615]
Event: 1834,047 Thread 0x00007f53c554a000 Exception <a 'java/io/IOException'{0x000000008864fef0}> (0x000000008864fef0) thrown at [src/hotspot/share/prims/jni.cpp, line 615]
Event: 1839,047 Thread 0x00007f53c554a000 Exception <a 'java/io/IOException'{0x0000000088682098}> (0x0000000088682098) thrown at [src/hotspot/share/prims/jni.cpp, line 615]
Event: 1844,047 Thread 0x00007f53c554a000 Exception <a 'java/io/IOException'{0x00000000886888b0}> (0x00000000886888b0) thrown at [src/hotspot/share/prims/jni.cpp, line 615]
Event: 1849,047 Thread 0x00007f53c554a000 Exception <a 'java/io/IOException'{0x00000000886ab588}> (0x00000000886ab588) thrown at [src/hotspot/share/prims/jni.cpp, line 615]
Event: 1854,047 Thread 0x00007f53c554a000 Exception <a 'java/io/IOException'{0x00000000886bf298}> (0x00000000886bf298) thrown at [src/hotspot/share/prims/jni.cpp, line 615]
Event: 1859,047 Thread 0x00007f53c554a000 Exception <a 'java/io/IOException'{0x00000000886f1438}> (0x00000000886f1438) thrown at [src/hotspot/share/prims/jni.cpp, line 615]
Event: 1864,047 Thread 0x00007f53c554a000 Exception <a 'java/io/IOException'{0x00000000886f7c50}> (0x00000000886f7c50) thrown at [src/hotspot/share/prims/jni.cpp, line 615]
Event: 1869,047 Thread 0x00007f53c554a000 Exception <a 'java/io/IOException'{0x0000000088522bc0}> (0x0000000088522bc0) thrown at [src/hotspot/share/prims/jni.cpp, line 615]
Event: 1874,047 Thread 0x00007f53c554a000 Exception <a 'java/io/IOException'{0x00000000885368d0}> (0x00000000885368d0) thrown at [src/hotspot/share/prims/jni.cpp, line 615]
Event: 1877,502 Thread 0x00007f53c8009000 Exception <a 'java/lang/NoClassDefFoundError'{0x0000000089e6fdd8}: org/jetbrains/kotlin/gradle/plugin/KotlinBasePluginWrapper> (0x0000000089e6fdd8) thrown at [src/hotspot/share/oops/constantPool.cpp, line 775]

Events (20 events):
Event: 1877,012 Protecting memory [0x00007f539e7f8000,0x00007f539e7fc000] with protection modes 0
Event: 1877,062 Thread 0x00007f53e002e000 Thread added: 0x00007f53e002e000
Event: 1877,062 Protecting memory [0x00007f53fca1b000,0x00007f53fca1f000] with protection modes 0
Event: 1877,159 Thread 0x00007f53e0005800 Thread added: 0x00007f53e0005800
Event: 1877,160 Protecting memory [0x00007f53fcc1d000,0x00007f53fcc21000] with protection modes 0
Event: 1877,161 Thread 0x00007f53e001d800 Thread added: 0x00007f53e001d800
Event: 1877,161 Protecting memory [0x00007f539e6f7000,0x00007f539e6fb000] with protection modes 0
Event: 1877,161 Thread 0x00007f53e0032800 Thread added: 0x00007f53e0032800
Event: 1877,161 Protecting memory [0x00007f53fc91a000,0x00007f53fc91e000] with protection modes 0
Event: 1877,161 Executing VM operation: RevokeBias
Event: 1877,163 Executing coalesced safepoint VM operation: RevokeBias
Event: 1877,163 Executing coalesced safepoint VM operation: RevokeBias done
Event: 1877,163 Executing VM operation: RevokeBias done
Event: 1877,164 Thread 0x00007f53e0033800 Thread added: 0x00007f53e0033800
Event: 1877,169 Protecting memory [0x00007f539e8f9000,0x00007f539e8fd000] with protection modes 0
Event: 1877,257 Executing VM operation: G1CollectForAllocation
Event: 1877,309 Executing VM operation: G1CollectForAllocation done
Event: 1877,385 Executing VM operation: BulkRevokeBias
Event: 1877,386 Executing VM operation: BulkRevokeBias done
Event: 1877,542 Executing VM operation: CGC_Operation


Dynamic libraries:
00400000-00401000 r-xp 00000000 07:00 62                                 /var/lib/snapd/snap/android-studio/115/android-studio/jre/bin/java
00600000-00601000 r--p 00000000 07:00 62                                 /var/lib/snapd/snap/android-studio/115/android-studio/jre/bin/java
00601000-00602000 rw-p 00001000 07:00 62                                 /var/lib/snapd/snap/android-studio/115/android-studio/jre/bin/java
012bd000-013f8000 rw-p 00000000 00:00 0                                  [heap]
80000000-8a600000 rw-p 00000000 00:00 0 
8a600000-100000000 ---p 00000000 00:00 0 
100000000-100ec0000 rw-p 00000000 00:00 0 
100ec0000-140000000 ---p 00000000 00:00 0 
7f539cf93000-7f539d013000 rw-p 00000000 00:00 0 
7f539d013000-7f539d193000 ---p 00000000 00:00 0 
7f539d193000-7f539d197000 ---p 00000000 00:00 0 
7f539d197000-7f539d494000 rw-p 00000000 00:00 0 
7f539d494000-7f539d498000 ---p 00000000 00:00 0 
7f539d498000-7f539d595000 rw-p 00000000 00:00 0 
7f539d595000-7f539d599000 ---p 00000000 00:00 0 
7f539d599000-7f539d696000 rw-p 00000000 00:00 0 
7f539d696000-7f539d6dd000 r-xp 00000000 07:00 463                        /var/lib/snapd/snap/android-studio/115/android-studio/jre/lib/libsunec.so
7f539d6dd000-7f539d8dd000 ---p 00047000 07:00 463                        /var/lib/snapd/snap/android-studio/115/android-studio/jre/lib/libsunec.so
7f539d8dd000-7f539d8e1000 r--p 00047000 07:00 463                        /var/lib/snapd/snap/android-studio/115/android-studio/jre/lib/libsunec.so
7f539d8e1000-7f539d8e3000 rw-p 0004b000 07:00 463                        /var/lib/snapd/snap/android-studio/115/android-studio/jre/lib/libsunec.so
7f539d8e3000-7f539daf5000 rw-p 00000000 00:00 0 
7f539daf5000-7f539dcf5000 rw-p 00000000 00:00 0 
7f539dcf5000-7f539def5000 rw-p 00000000 00:00 0 
7f539def5000-7f539e0f5000 rw-p 00000000 00:00 0 
7f539e0f5000-7f539e2f5000 rw-p 00000000 00:00 0 
7f539e2f5000-7f539e4f5000 rw-p 00000000 00:00 0 
7f539e4f5000-7f539e4f9000 ---p 00000000 00:00 0 
7f539e4f9000-7f539e5f6000 rw-p 00000000 00:00 0 
7f539e5f6000-7f539e5fa000 ---p 00000000 00:00 0 
7f539e5fa000-7f539e6f7000 rw-p 00000000 00:00 0 
7f539e6f7000-7f539e6fb000 ---p 00000000 00:00 0 
7f539e6fb000-7f539e7f8000 rw-p 00000000 00:00 0 
7f539e7f8000-7f539e7fc000 ---p 00000000 00:00 0 
7f539e7fc000-7f539e8f9000 rw-p 00000000 00:00 0 
7f539e8f9000-7f539e8fd000 ---p 00000000 00:00 0 
7f539e8fd000-7f539ebfa000 rw-p 00000000 00:00 0 
7f539ebfa000-7f539edfa000 rw-p 00000000 00:00 0 
7f539edfa000-7f539effa000 rw-p 00000000 00:00 0 
7f539effa000-7f539f1fa000 rw-p 00000000 00:00 0 
7f539f1fa000-7f539f1fe000 ---p 00000000 00:00 0 
7f539f1fe000-7f539f2fb000 rw-p 00000000 00:00 0 
7f539f2fb000-7f539f2ff000 ---p 00000000 00:00 0 
7f539f2ff000-7f539f5fc000 rw-p 00000000 00:00 0 
7f539f5fc000-7f539f7fc000 rw-p 00000000 00:00 0 
7f539f7fc000-7f539f800000 ---p 00000000 00:00 0 
7f539f800000-7f539f8fd000 rw-p 00000000 00:00 0 
7f539f8fd000-7f539f901000 ---p 00000000 00:00 0 
7f539f901000-7f539f9fe000 rw-p 00000000 00:00 0 
7f539f9fe000-7f539fa02000 ---p 00000000 00:00 0 
7f539fa02000-7f539faff000 rw-p 00000000 00:00 0 
7f539faff000-7f539fb03000 ---p 00000000 00:00 0 
7f539fb03000-7f539fe00000 rw-p 00000000 00:00 0 
7f539fe00000-7f53a0000000 rw-p 00000000 00:00 0 
7f53a0000000-7f53a0145000 rw-p 00000000 00:00 0 
7f53a0145000-7f53a4000000 ---p 00000000 00:00 0 
7f53a40c7000-7f53a40cb000 ---p 00000000 00:00 0 
7f53a40cb000-7f53a43c8000 rw-p 00000000 00:00 0 
7f53a43c8000-7f53a45c8000 rw-p 00000000 00:00 0 
7f53a45c8000-7f53a47c8000 rw-p 00000000 00:00 0 
7f53a47c8000-7f53a49c8000 rw-p 00000000 00:00 0 
7f53a49c8000-7f53a4bc8000 rw-p 00000000 00:00 0 
7f53a4bc8000-7f53a4dbb000 rw-p 00000000 00:00 0 
7f53a4dbb000-7f53a4dc8000 ---p 00000000 00:00 0 
7f53a4dc8000-7f53a4dcc000 ---p 00000000 00:00 0 
7f53a4dcc000-7f53a4ec9000 rw-p 00000000 00:00 0 
7f53a4ec9000-7f53a4eed000 r--p 00000000 00:20 170256                     /usr/share/locale/pt_BR/LC_MESSAGES/libc.mo
7f53a4eed000-7f53a50ed000 rw-p 00000000 00:00 0 
7f53a50ed000-7f53a52ed000 rw-p 00000000 00:00 0 
7f53a52ed000-7f53a54ed000 rw-p 00000000 00:00 0 
7f53a54ed000-7f53a56ed000 rw-p 00000000 00:00 0 
7f53a56ed000-7f53a56f1000 ---p 00000000 00:00 0 
7f53a56f1000-7f53a57ee000 rw-p 00000000 00:00 0 
7f53a57ee000-7f53a57f2000 ---p 00000000 00:00 0 
7f53a57f2000-7f53a58ef000 rw-p 00000000 00:00 0 
7f53a58ef000-7f53a58f3000 ---p 00000000 00:00 0 
7f53a58f3000-7f53a59f0000 rw-p 00000000 00:00 0 
7f53a59f0000-7f53a59f4000 ---p 00000000 00:00 0 
7f53a59f4000-7f53a5af1000 rw-p 00000000 00:00 0 
7f53a5af1000-7f53a5af5000 ---p 00000000 00:00 0 
7f53a5af5000-7f53a5df2000 rw-p 00000000 00:00 0 
7f53a5df2000-7f53a5df6000 ---p 00000000 00:00 0 
7f53a5df6000-7f53a60f3000 rw-p 00000000 00:00 0 
7f53a60f3000-7f53a60f7000 ---p 00000000 00:00 0 
7f53a60f7000-7f53a63f4000 rw-p 00000000 00:00 0 
7f53a63f4000-7f53a65f4000 rw-p 00000000 00:00 0 
7f53a65f4000-7f53a65f8000 ---p 00000000 00:00 0 
7f53a65f8000-7f53a68f5000 rw-p 00000000 00:00 0 
7f53a68f5000-7f53a68f9000 ---p 00000000 00:00 0 
7f53a68f9000-7f53a69f6000 rw-p 00000000 00:00 0 
7f53a69f6000-7f53a69fa000 ---p 00000000 00:00 0 
7f53a69fa000-7f53a6af7000 rw-p 00000000 00:00 0 
7f53a6af7000-7f53a6afb000 ---p 00000000 00:00 0 
7f53a6afb000-7f53a6df8000 rw-p 00000000 00:00 0 
7f53a6df8000-7f53a6ff8000 rw-p 00000000 00:00 0 
7f53a6ff8000-7f53a71f8000 rw-p 00000000 00:00 0 
7f53a71f8000-7f53a71fc000 ---p 00000000 00:00 0 
7f53a71fc000-7f53a74f9000 rw-p 00000000 00:00 0 
7f53a74f9000-7f53a74fd000 ---p 00000000 00:00 0 
7f53a74fd000-7f53a75fa000 rw-p 00000000 00:00 0 
7f53a75fa000-7f53a75fe000 ---p 00000000 00:00 0 
7f53a75fe000-7f53a76fb000 rw-p 00000000 00:00 0 
7f53a76fb000-7f53a76ff000 ---p 00000000 00:00 0 
7f53a76ff000-7f53a79fc000 rw-p 00000000 00:00 0 
7f53a79fc000-7f53a7a00000 ---p 00000000 00:00 0 
7f53a7a00000-7f53a7afd000 rw-p 00000000 00:00 0 
7f53a7afd000-7f53a7b01000 ---p 00000000 00:00 0 
7f53a7b01000-7f53a7bfe000 rw-p 00000000 00:00 0 
7f53a7bfe000-7f53a7c02000 ---p 00000000 00:00 0 
7f53a7c02000-7f53a7eff000 rw-p 00000000 00:00 0 
7f53a7eff000-7f53a7f03000 ---p 00000000 00:00 0 
7f53a7f03000-7f53a8000000 rw-p 00000000 00:00 0 
7f53a8000000-7f53a8285000 rw-p 00000000 00:00 0 
7f53a8285000-7f53ac000000 ---p 00000000 00:00 0 
7f53ac000000-7f53ac10d000 rw-p 00000000 00:00 0 
7f53ac10d000-7f53b0000000 ---p 00000000 00:00 0 
7f53b0000000-7f53b0021000 rw-p 00000000 00:00 0 
7f53b0021000-7f53b4000000 ---p 00000000 00:00 0 
7f53b4000000-7f53b43af000 rw-p 00000000 00:00 0 
7f53b43af000-7f53b8000000 ---p 00000000 00:00 0 
7f53b8000000-7f53b8027000 rw-p 00000000 00:00 0 
7f53b8027000-7f53bc000000 ---p 00000000 00:00 0 
7f53bc000000-7f53bc021000 rw-p 00000000 00:00 0 
7f53bc021000-7f53c0000000 ---p 00000000 00:00 0 
7f53c0000000-7f53c0021000 rw-p 00000000 00:00 0 
7f53c0021000-7f53c4000000 ---p 00000000 00:00 0 
7f53c4000000-7f53c5a9a000 rw-p 00000000 00:00 0 
7f53c5a9a000-7f53c8000000 ---p 00000000 00:00 0 
7f53c8000000-7f53c8021000 rw-p 00000000 00:00 0 
7f53c8021000-7f53cc000000 ---p 00000000 00:00 0 
7f53cc000000-7f53cc03d000 rw-p 00000000 00:00 0 
7f53cc03d000-7f53d0000000 ---p 00000000 00:00 0 
7f53d0000000-7f53d0054000 rw-p 00000000 00:00 0 
7f53d0054000-7f53d4000000 ---p 00000000 00:00 0 
7f53d4000000-7f53d4021000 rw-p 00000000 00:00 0 
7f53d4021000-7f53d8000000 ---p 00000000 00:00 0 
7f53d8000000-7f53d8069000 rw-p 00000000 00:00 0 
7f53d8069000-7f53dc000000 ---p 00000000 00:00 0 
7f53dc000000-7f53dc056000 rw-p 00000000 00:00 0 
7f53dc056000-7f53e0000000 ---p 00000000 00:00 0 
7f53e0000000-7f53e0058000 rw-p 00000000 00:00 0 
7f53e0058000-7f53e4000000 ---p 00000000 00:00 0 
7f53e4000000-7f53e4055000 rw-p 00000000 00:00 0 
7f53e4055000-7f53e8000000 ---p 00000000 00:00 0 
7f53e8000000-7f53e870f000 rw-p 00000000 00:00 0 
7f53e870f000-7f53ec000000 ---p 00000000 00:00 0 
7f53ec000000-7f53ec037000 rw-p 00000000 00:00 0 
7f53ec037000-7f53f0000000 ---p 00000000 00:00 0 
7f53f0000000-7f53f002f000 rw-p 00000000 00:00 0 
7f53f002f000-7f53f4000000 ---p 00000000 00:00 0 
7f53f4000000-7f53f64f0000 rw-p 00000000 00:00 0 
7f53f64f0000-7f53f8000000 ---p 00000000 00:00 0 
7f53f8000000-7f53f8062000 rw-p 00000000 00:00 0 
7f53f8062000-7f53fc000000 ---p 00000000 00:00 0 
7f53fc013000-7f53fc213000 rw-p 00000000 00:00 0 
7f53fc213000-7f53fc217000 ---p 00000000 00:00 0 
7f53fc217000-7f53fc314000 rw-p 00000000 00:00 0 
7f53fc314000-7f53fc318000 ---p 00000000 00:00 0 
7f53fc318000-7f53fc615000 rw-p 00000000 00:00 0 
7f53fc615000-7f53fc616000 ---p 00000000 00:00 0 
7f53fc616000-7f53fc717000 rw-p 00000000 00:00 0 
7f53fc717000-7f53fc718000 ---p 00000000 00:00 0 
7f53fc718000-7f53fc819000 rw-p 00000000 00:00 0 
7f53fc819000-7f53fc81d000 ---p 00000000 00:00 0 
7f53fc81d000-7f53fc91a000 rw-p 00000000 00:00 0 
7f53fc91a000-7f53fc91e000 ---p 00000000 00:00 0 
7f53fc91e000-7f53fca1b000 rw-p 00000000 00:00 0 
7f53fca1b000-7f53fca1f000 ---p 00000000 00:00 0 
7f53fca1f000-7f53fcb1c000 rw-p 00000000 00:00 0 
7f53fcb1c000-7f53fcb20000 ---p 00000000 00:00 0 
7f53fcb20000-7f53fcc1d000 rw-p 00000000 00:00 0 
7f53fcc1d000-7f53fcc21000 ---p 00000000 00:00 0 
7f53fcc21000-7f53fcd1e000 rw-p 00000000 00:00 0 
7f53fcd1e000-7f53fcd22000 ---p 00000000 00:00 0 
7f53fcd22000-7f53fce1f000 rw-p 00000000 00:00 0 
7f53fce1f000-7f53fce23000 ---p 00000000 00:00 0 
7f53fce23000-7f53fd120000 rw-p 00000000 00:00 0 
7f53fd120000-7f53fd124000 ---p 00000000 00:00 0 
7f53fd124000-7f53fd221000 rw-p 00000000 00:00 0 
7f53fd221000-7f53fd225000 ---p 00000000 00:00 0 
7f53fd225000-7f53fd322000 rw-p 00000000 00:00 0 
7f53fd322000-7f53fd324000 r-xp 00000000 07:00 437                        /var/lib/snapd/snap/android-studio/115/android-studio/jre/lib/libextnet.so
7f53fd324000-7f53fd523000 ---p 00002000 07:00 437                        /var/lib/snapd/snap/android-studio/115/android-studio/jre/lib/libextnet.so
7f53fd523000-7f53fd524000 r--p 00001000 07:00 437                        /var/lib/snapd/snap/android-studio/115/android-studio/jre/lib/libextnet.so
7f53fd524000-7f53fd525000 rw-p 00002000 07:00 437                        /var/lib/snapd/snap/android-studio/115/android-studio/jre/lib/libextnet.so
7f53fd525000-7f53fd725000 rw-p 00000000 00:00 0 
7f53fd725000-7f53fd729000 ---p 00000000 00:00 0 
7f53fd729000-7f53fd826000 rw-p 00000000 00:00 0 
7f53fd826000-7f53fd82b000 r-xp 00000000 07:00 454                        /var/lib/snapd/snap/android-studio/115/android-studio/jre/lib/libmanagement_ext.so
7f53fd82b000-7f53fda2a000 ---p 00005000 07:00 454                        /var/lib/snapd/snap/android-studio/115/android-studio/jre/lib/libmanagement_ext.so
7f53fda2a000-7f53fda2b000 r--p 00004000 07:00 454                        /var/lib/snapd/snap/android-studio/115/android-studio/jre/lib/libmanagement_ext.so
7f53fda2b000-7f53fda2c000 rw-p 00005000 07:00 454                        /var/lib/snapd/snap/android-studio/115/android-studio/jre/lib/libmanagement_ext.so
7f53fda2c000-7f53fda30000 r-xp 00000000 07:00 452                        /var/lib/snapd/snap/android-studio/115/android-studio/jre/lib/libmanagement.so
7f53fda30000-7f53fdc2f000 ---p 00004000 07:00 452                        /var/lib/snapd/snap/android-studio/115/android-studio/jre/lib/libmanagement.so
7f53fdc2f000-7f53fdc30000 r--p 00003000 07:00 452                        /var/lib/snapd/snap/android-studio/115/android-studio/jre/lib/libmanagement.so
7f53fdc30000-7f53fdc31000 rw-p 00004000 07:00 452                        /var/lib/snapd/snap/android-studio/115/android-studio/jre/lib/libmanagement.so
7f53fdc31000-7f53fde31000 rw-p 00000000 00:00 0 
7f53fde31000-7f53fe031000 rw-p 00000000 00:00 0 
7f53fe031000-7f53fe0ca000 r--p 00000000 00:20 171300                     /usr/lib64/libstdc++.so.6.0.29
7f53fe0ca000-7f53fe1cc000 r-xp 00099000 00:20 171300                     /usr/lib64/libstdc++.so.6.0.29
7f53fe1cc000-7f53fe23f000 r--p 0019b000 00:20 171300                     /usr/lib64/libstdc++.so.6.0.29
7f53fe23f000-7f53fe24a000 r--p 0020d000 00:20 171300                     /usr/lib64/libstdc++.so.6.0.29
7f53fe24a000-7f53fe24d000 rw-p 00218000 00:20 171300                     /usr/lib64/libstdc++.so.6.0.29
7f53fe24d000-7f53fe250000 rw-p 00000000 00:00 0 
7f53fe250000-7f53fe2a1000 r-xp 00000000 00:20 1698478                    /home/mantovani/.gradle/native/53dbd7edfb1c66fb8903c78663c9afc45aea4f116125fa6feffd364cf09443e8/linux-amd64/libnative-platform-file-events.so
7f53fe2a1000-7f53fe4a1000 ---p 00051000 00:20 1698478                    /home/mantovani/.gradle/native/53dbd7edfb1c66fb8903c78663c9afc45aea4f116125fa6feffd364cf09443e8/linux-amd64/libnative-platform-file-events.so
7f53fe4a1000-7f53fe4a2000 r--p 00051000 00:20 1698478                    /home/mantovani/.gradle/native/53dbd7edfb1c66fb8903c78663c9afc45aea4f116125fa6feffd364cf09443e8/linux-amd64/libnative-platform-file-events.so
7f53fe4a2000-7f53fe4a4000 rw-p 00052000 00:20 1698478                    /home/mantovani/.gradle/native/53dbd7edfb1c66fb8903c78663c9afc45aea4f116125fa6feffd364cf09443e8/linux-amd64/libnative-platform-file-events.so
7f53fe4a4000-7f53fe4a9000 r-xp 00000000 00:20 1698474                    /home/mantovani/.gradle/native/8bec1ad78214c89d9ad589b4d07fe93259594b29d510b10fafb7a158f7737e5d/linux-amd64/libnative-platform.so
7f53fe4a9000-7f53fe6a9000 ---p 00005000 00:20 1698474                    /home/mantovani/.gradle/native/8bec1ad78214c89d9ad589b4d07fe93259594b29d510b10fafb7a158f7737e5d/linux-amd64/libnative-platform.so
7f53fe6a9000-7f53fe6aa000 r--p 00005000 00:20 1698474                    /home/mantovani/.gradle/native/8bec1ad78214c89d9ad589b4d07fe93259594b29d510b10fafb7a158f7737e5d/linux-amd64/libnative-platform.so
7f53fe6aa000-7f53fe6ab000 rw-p 00006000 00:20 1698474                    /home/mantovani/.gradle/native/8bec1ad78214c89d9ad589b4d07fe93259594b29d510b10fafb7a158f7737e5d/linux-amd64/libnative-platform.so
7f53fe6ab000-7f53fe6bf000 r-xp 00000000 07:00 456                        /var/lib/snapd/snap/android-studio/115/android-studio/jre/lib/libnet.so
7f53fe6bf000-7f53fe8be000 ---p 00014000 07:00 456                        /var/lib/snapd/snap/android-studio/115/android-studio/jre/lib/libnet.so
7f53fe8be000-7f53fe8bf000 r--p 00013000 07:00 456                        /var/lib/snapd/snap/android-studio/115/android-studio/jre/lib/libnet.so
7f53fe8bf000-7f53fe8c0000 rw-p 00014000 07:00 456                        /var/lib/snapd/snap/android-studio/115/android-studio/jre/lib/libnet.so
7f53fe8c0000-7f53fe8cf000 r-xp 00000000 07:00 457                        /var/lib/snapd/snap/android-studio/115/android-studio/jre/lib/libnio.so
7f53fe8cf000-7f53feace000 ---p 0000f000 07:00 457                        /var/lib/snapd/snap/android-studio/115/android-studio/jre/lib/libnio.so
7f53feace000-7f53feacf000 r--p 0000e000 07:00 457                        /var/lib/snapd/snap/android-studio/115/android-studio/jre/lib/libnio.so
7f53feacf000-7f53fead0000 rw-p 0000f000 07:00 457                        /var/lib/snapd/snap/android-studio/115/android-studio/jre/lib/libnio.so
7f53fead0000-7f540c000000 r--p 00000000 00:20 170268                     /usr/lib/locale/locale-archive
7f540c000000-7f540c05b000 rw-p 00000000 00:00 0 
7f540c05b000-7f5410000000 ---p 00000000 00:00 0 
7f5410000000-7f5410695000 rw-p 00000000 00:00 0 
7f5410695000-7f5414000000 ---p 00000000 00:00 0 
7f5414000000-7f5414021000 rw-p 00000000 00:00 0 
7f5414021000-7f5418000000 ---p 00000000 00:00 0 
7f5418000000-7f5418519000 rw-p 00000000 00:00 0 
7f5418519000-7f541c000000 ---p 00000000 00:00 0 
7f541c000000-7f541c2db000 rw-p 00000000 00:00 0 
7f541c2db000-7f5420000000 ---p 00000000 00:00 0 
7f5420000000-7f54202c9000 rw-p 00000000 00:00 0 
7f54202c9000-7f5424000000 ---p 00000000 00:00 0 
7f5424000000-7f5424135000 rw-p 00000000 00:00 0 
7f5424135000-7f5428000000 ---p 00000000 00:00 0 
7f542800a000-7f542800b000 ---p 00000000 00:00 0 
7f542800b000-7f542810c000 rw-p 00000000 00:00 0 
7f542810c000-7f542810d000 ---p 00000000 00:00 0 
7f542810d000-7f542820e000 rw-p 00000000 00:00 0 
7f542820e000-7f5428212000 ---p 00000000 00:00 0 
7f5428212000-7f542830f000 rw-p 00000000 00:00 0 
7f542830f000-7f5428313000 ---p 00000000 00:00 0 
7f5428313000-7f5428410000 rw-p 00000000 00:00 0 
7f5428410000-7f5428414000 ---p 00000000 00:00 0 
7f5428414000-7f5428511000 rw-p 00000000 00:00 0 
7f5428511000-7f5428515000 ---p 00000000 00:00 0 
7f5428515000-7f5428612000 rw-p 00000000 00:00 0 
7f5428612000-7f5428616000 ---p 00000000 00:00 0 
7f5428616000-7f5428713000 rw-p 00000000 00:00 0 
7f5428713000-7f5428717000 ---p 00000000 00:00 0 
7f5428717000-7f5428814000 rw-p 00000000 00:00 0 
7f5428814000-7f5428818000 ---p 00000000 00:00 0 
7f5428818000-7f5428915000 rw-p 00000000 00:00 0 
7f5428915000-7f5428919000 ---p 00000000 00:00 0 
7f5428919000-7f5428a16000 rw-p 00000000 00:00 0 
7f5428a16000-7f5428a17000 ---p 00000000 00:00 0 
7f5428a17000-7f54293f4000 rw-p 00000000 00:00 0 
7f54293f4000-7f54293f5000 ---p 00000000 00:00 0 
7f54293f5000-7f54294f6000 rw-p 00000000 00:00 0 
7f54294f6000-7f54294f7000 ---p 00000000 00:00 0 
7f54294f7000-7f542b9fc000 rw-p 00000000 00:00 0 
7f542b9fc000-7f542b9fd000 ---p 00000000 00:00 0 
7f542b9fd000-7f542bafe000 rw-p 00000000 00:00 0 
7f542bafe000-7f542baff000 ---p 00000000 00:00 0 
7f542baff000-7f542be98000 rw-p 00000000 00:00 0 
7f542be98000-7f542dc00000 ---p 00000000 00:00 0 
7f542dc00000-7f542de98000 rw-p 00000000 00:00 0 
7f542de98000-7f542fc00000 ---p 00000000 00:00 0 
7f542fc00000-7f542fc53000 rw-p 00000000 00:00 0 
7f542fc53000-7f5430000000 ---p 00000000 00:00 0 
7f5430000000-7f5430173000 rw-p 00000000 00:00 0 
7f5430173000-7f5434000000 ---p 00000000 00:00 0 
7f543400e000-7f5434011000 r--p 00000000 00:20 170221                     /usr/lib64/libgcc_s-11-20210728.so.1
7f5434011000-7f5434023000 r-xp 00003000 00:20 170221                     /usr/lib64/libgcc_s-11-20210728.so.1
7f5434023000-7f5434026000 r--p 00015000 00:20 170221                     /usr/lib64/libgcc_s-11-20210728.so.1
7f5434026000-7f5434027000 ---p 00018000 00:20 170221                     /usr/lib64/libgcc_s-11-20210728.so.1
7f5434027000-7f5434028000 r--p 00018000 00:20 170221                     /usr/lib64/libgcc_s-11-20210728.so.1
7f5434028000-7f5434029000 rw-p 00019000 00:20 170221                     /usr/lib64/libgcc_s-11-20210728.so.1
7f5434029000-7f54340ad000 rw-p 00000000 00:00 0 
7f54340ad000-7f543445a000 ---p 00000000 00:00 0 
7f543445a000-7f54344ad000 rw-p 00000000 00:00 0 
7f54344ad000-7f543485a000 ---p 00000000 00:00 0 
7f543485a000-7f5434c5e000 rw-p 00000000 00:00 0 
7f5434c5e000-7f5434ece000 rwxp 00000000 00:00 0 
7f5434ece000-7f54351ee000 ---p 00000000 00:00 0 
7f54351ee000-7f543709e000 rwxp 00000000 00:00 0 
7f543709e000-7f543c726000 ---p 00000000 00:00 0 
7f543c726000-7f543cf26000 rwxp 00000000 00:00 0 
7f543cf26000-7f5443c5e000 ---p 00000000 00:00 0 
7f5443c5e000-7f544772c000 r--s 00000000 07:00 467                        /var/lib/snapd/snap/android-studio/115/android-studio/jre/lib/modules
7f544772c000-7f5448000000 r--s 00000000 00:20 1355178                    /var/lib/sss/mc/passwd
7f5448000000-7f5449375000 rw-p 00000000 00:00 0 
7f5449375000-7f544c000000 ---p 00000000 00:00 0 
7f544c00c000-7f544c013000 r--s 00000000 00:20 171157                     /usr/lib64/gconv/gconv-modules.cache
7f544c013000-7f544c0c2000 rw-p 00000000 00:00 0 
7f544c0c2000-7f544c0c3000 ---p 00000000 00:00 0 
7f544c0c3000-7f544c1d4000 rw-p 00000000 00:00 0 
7f544c1d4000-7f544c2af000 ---p 00000000 00:00 0 
7f544c2af000-7f544c2ed000 rw-p 00000000 00:00 0 
7f544c2ed000-7f544c39a000 ---p 00000000 00:00 0 
7f544c39a000-7f544c39f000 rw-p 00000000 00:00 0 
7f544c39f000-7f544c3a6000 ---p 00000000 00:00 0 
7f544c3a6000-7f544c3c2000 r-xp 00000000 07:00 466                        /var/lib/snapd/snap/android-studio/115/android-studio/jre/lib/libzip.so
7f544c3c2000-7f544c5c1000 ---p 0001c000 07:00 466                        /var/lib/snapd/snap/android-studio/115/android-studio/jre/lib/libzip.so
7f544c5c1000-7f544c5c2000 r--p 0001b000 07:00 466                        /var/lib/snapd/snap/android-studio/115/android-studio/jre/lib/libzip.so
7f544c5c2000-7f544c5c3000 rw-p 0001c000 07:00 466                        /var/lib/snapd/snap/android-studio/115/android-studio/jre/lib/libzip.so
7f544c5c3000-7f544c5cb000 rw-s 00000000 00:27 211                        /tmp/hsperfdata_mantovani/4581
7f544c5cb000-7f544c5e8000 r-xp 00000000 07:00 448                        /var/lib/snapd/snap/android-studio/115/android-studio/jre/lib/libjimage.so
7f544c5e8000-7f544c7e7000 ---p 0001d000 07:00 448                        /var/lib/snapd/snap/android-studio/115/android-studio/jre/lib/libjimage.so
7f544c7e7000-7f544c7e9000 r--p 0001c000 07:00 448                        /var/lib/snapd/snap/android-studio/115/android-studio/jre/lib/libjimage.so
7f544c7e9000-7f544c7ea000 rw-p 0001e000 07:00 448                        /var/lib/snapd/snap/android-studio/115/android-studio/jre/lib/libjimage.so
7f544c7ea000-7f544c7fc000 rw-p 00000000 00:00 0 
7f544c7fc000-7f544c821000 r-xp 00000000 07:00 444                        /var/lib/snapd/snap/android-studio/115/android-studio/jre/lib/libjava.so
7f544c821000-7f544ca21000 ---p 00025000 07:00 444                        /var/lib/snapd/snap/android-studio/115/android-studio/jre/lib/libjava.so
7f544ca21000-7f544ca22000 r--p 00025000 07:00 444                        /var/lib/snapd/snap/android-studio/115/android-studio/jre/lib/libjava.so
7f544ca22000-7f544ca23000 rw-p 00026000 07:00 444                        /var/lib/snapd/snap/android-studio/115/android-studio/jre/lib/libjava.so
7f544ca23000-7f544ca30000 r-xp 00000000 07:00 465                        /var/lib/snapd/snap/android-studio/115/android-studio/jre/lib/libverify.so
7f544ca30000-7f544cc30000 ---p 0000d000 07:00 465                        /var/lib/snapd/snap/android-studio/115/android-studio/jre/lib/libverify.so
7f544cc30000-7f544cc32000 r--p 0000d000 07:00 465                        /var/lib/snapd/snap/android-studio/115/android-studio/jre/lib/libverify.so
7f544cc32000-7f544cc33000 rw-p 0000f000 07:00 465                        /var/lib/snapd/snap/android-studio/115/android-studio/jre/lib/libverify.so
7f544cc33000-7f544cc36000 r--p 00000000 00:20 170605                     /usr/lib64/librt-2.33.so
7f544cc36000-7f544cc3a000 r-xp 00003000 00:20 170605                     /usr/lib64/librt-2.33.so
7f544cc3a000-7f544cc3c000 r--p 00007000 00:20 170605                     /usr/lib64/librt-2.33.so
7f544cc3c000-7f544cc3d000 r--p 00008000 00:20 170605                     /usr/lib64/librt-2.33.so
7f544cc3d000-7f544cc3e000 rw-p 00009000 00:20 170605                     /usr/lib64/librt-2.33.so
7f544cc3e000-7f544cc42000 ---p 00000000 00:00 0 
7f544cc42000-7f544cd3f000 rw-p 00000000 00:00 0 
7f544cd3f000-7f544cd4e000 r--p 00000000 00:20 170591                     /usr/lib64/libm-2.33.so
7f544cd4e000-7f544cde8000 r-xp 0000f000 00:20 170591                     /usr/lib64/libm-2.33.so
7f544cde8000-7f544ce80000 r--p 000a9000 00:20 170591                     /usr/lib64/libm-2.33.so
7f544ce80000-7f544ce81000 ---p 00141000 00:20 170591                     /usr/lib64/libm-2.33.so
7f544ce81000-7f544ce82000 r--p 00141000 00:20 170591                     /usr/lib64/libm-2.33.so
7f544ce82000-7f544ce83000 rw-p 00142000 00:20 170591                     /usr/lib64/libm-2.33.so
7f544ce83000-7f544ddaf000 r-xp 00000000 07:00 478                        /var/lib/snapd/snap/android-studio/115/android-studio/jre/lib/server/libjvm.so
7f544ddaf000-7f544dfaf000 ---p 00f2c000 07:00 478                        /var/lib/snapd/snap/android-studio/115/android-studio/jre/lib/server/libjvm.so
7f544dfaf000-7f544e073000 r--p 00f2c000 07:00 478                        /var/lib/snapd/snap/android-studio/115/android-studio/jre/lib/server/libjvm.so
7f544e073000-7f544e0aa000 rw-p 00ff0000 07:00 478                        /var/lib/snapd/snap/android-studio/115/android-studio/jre/lib/server/libjvm.so
7f544e0aa000-7f544e114000 rw-p 00000000 00:00 0 
7f544e114000-7f544e13a000 r--p 00000000 00:20 170587                     /usr/lib64/libc-2.33.so
7f544e13a000-7f544e287000 r-xp 00026000 00:20 170587                     /usr/lib64/libc-2.33.so
7f544e287000-7f544e2d3000 r--p 00173000 00:20 170587                     /usr/lib64/libc-2.33.so
7f544e2d3000-7f544e2d4000 ---p 001bf000 00:20 170587                     /usr/lib64/libc-2.33.so
7f544e2d4000-7f544e2d7000 r--p 001bf000 00:20 170587                     /usr/lib64/libc-2.33.so
7f544e2d7000-7f544e2da000 rw-p 001c2000 00:20 170587                     /usr/lib64/libc-2.33.so
7f544e2da000-7f544e2e3000 rw-p 00000000 00:00 0 
7f544e2e3000-7f544e2e5000 r--p 00000000 00:20 170589                     /usr/lib64/libdl-2.33.so
7f544e2e5000-7f544e2e7000 r-xp 00002000 00:20 170589                     /usr/lib64/libdl-2.33.so
7f544e2e7000-7f544e2e8000 r--p 00004000 00:20 170589                     /usr/lib64/libdl-2.33.so
7f544e2e8000-7f544e2e9000 r--p 00004000 00:20 170589                     /usr/lib64/libdl-2.33.so
7f544e2e9000-7f544e2ea000 rw-p 00000000 00:00 0 
7f544e2ea000-7f544e300000 r-xp 00000000 07:00 428                        /var/lib/snapd/snap/android-studio/115/android-studio/jre/lib/jli/libjli.so
7f544e300000-7f544e4ff000 ---p 00016000 07:00 428                        /var/lib/snapd/snap/android-studio/115/android-studio/jre/lib/jli/libjli.so
7f544e4ff000-7f544e500000 r--p 00015000 07:00 428                        /var/lib/snapd/snap/android-studio/115/android-studio/jre/lib/jli/libjli.so
7f544e500000-7f544e501000 rw-p 00016000 07:00 428                        /var/lib/snapd/snap/android-studio/115/android-studio/jre/lib/jli/libjli.so
7f544e501000-7f544e508000 r--p 00000000 00:20 170601                     /usr/lib64/libpthread-2.33.so
7f544e508000-7f544e517000 r-xp 00007000 00:20 170601                     /usr/lib64/libpthread-2.33.so
7f544e517000-7f544e51b000 r--p 00016000 00:20 170601                     /usr/lib64/libpthread-2.33.so
7f544e51b000-7f544e51c000 ---p 0001a000 00:20 170601                     /usr/lib64/libpthread-2.33.so
7f544e51c000-7f544e51d000 r--p 0001a000 00:20 170601                     /usr/lib64/libpthread-2.33.so
7f544e51d000-7f544e51e000 rw-p 0001b000 00:20 170601                     /usr/lib64/libpthread-2.33.so
7f544e51e000-7f544e522000 rw-p 00000000 00:00 0 
7f544e524000-7f544e526000 r--p 00000000 00:20 203372                     /usr/lib64/libnss_sss.so.2
7f544e526000-7f544e52d000 r-xp 00002000 00:20 203372                     /usr/lib64/libnss_sss.so.2
7f544e52d000-7f544e52f000 r--p 00009000 00:20 203372                     /usr/lib64/libnss_sss.so.2
7f544e52f000-7f544e530000 r--p 0000a000 00:20 203372                     /usr/lib64/libnss_sss.so.2
7f544e530000-7f544e531000 rw-p 0000b000 00:20 203372                     /usr/lib64/libnss_sss.so.2
7f544e531000-7f544e532000 ---p 00000000 00:00 0 
7f544e532000-7f544e533000 r--p 00000000 00:00 0 
7f544e533000-7f544e535000 rw-p 00000000 00:00 0 
7f544e535000-7f544e536000 r--p 00000000 00:20 170580                     /usr/lib64/ld-2.33.so
7f544e536000-7f544e55b000 r-xp 00001000 00:20 170580                     /usr/lib64/ld-2.33.so
7f544e55b000-7f544e565000 r--p 00026000 00:20 170580                     /usr/lib64/ld-2.33.so
7f544e565000-7f544e567000 r--p 0002f000 00:20 170580                     /usr/lib64/ld-2.33.so
7f544e567000-7f544e569000 rw-p 00031000 00:20 170580                     /usr/lib64/ld-2.33.so
7ffd8acb6000-7ffd8acd7000 rw-p 00000000 00:00 0                          [stack]
7ffd8adce000-7ffd8add2000 r--p 00000000 00:00 0                          [vvar]
7ffd8add2000-7ffd8add4000 r-xp 00000000 00:00 0                          [vdso]
ffffffffff600000-ffffffffff601000 r-xp 00000000 00:00 0                  [vsyscall]


VM Arguments:
jvm_args: --add-opens=java.base/java.util=ALL-UNNAMED --add-opens=java.base/java.lang=ALL-UNNAMED --add-opens=java.base/java.lang.invoke=ALL-UNNAMED --add-opens=java.base/java.util=ALL-UNNAMED --add-opens=java.prefs/java.util.prefs=ALL-UNNAMED --add-opens=java.prefs/java.util.prefs=ALL-UNNAMED --add-opens=java.base/java.nio.charset=ALL-UNNAMED --add-opens=java.base/java.net=ALL-UNNAMED --add-opens=java.base/java.util.concurrent.atomic=ALL-UNNAMED -Xmx2048m -Dfile.encoding=UTF-8 -Duser.country=BR -Duser.language=pt -Duser.variant 
java_command: org.gradle.launcher.daemon.bootstrap.GradleDaemon 7.0.2
java_class_path (initial): /home/mantovani/.gradle/wrapper/dists/gradle-7.0.2-bin/857tjihv64xamwrf0h14cai3r/gradle-7.0.2/lib/gradle-launcher-7.0.2.jar
Launcher Type: SUN_STANDARD

[Global flags]
     intx CICompilerCount                          = 3                                         {product} {ergonomic}
     uint ConcGCThreads                            = 1                                         {product} {ergonomic}
     uint G1ConcRefinementThreads                  = 4                                         {product} {ergonomic}
   size_t G1HeapRegionSize                         = 1048576                                   {product} {ergonomic}
    uintx GCDrainStackTargetSize                   = 64                                        {product} {ergonomic}
   size_t InitialHeapSize                          = 96468992                                  {product} {ergonomic}
   size_t MarkStackSize                            = 4194304                                   {product} {ergonomic}
   size_t MaxHeapSize                              = 2147483648                                {product} {command line}
   size_t MaxNewSize                               = 1287651328                                {product} {ergonomic}
   size_t MinHeapDeltaBytes                        = 1048576                                   {product} {ergonomic}
    uintx NonNMethodCodeHeapSize                   = 5830732                                {pd product} {ergonomic}
    uintx NonProfiledCodeHeapSize                  = 122913754                              {pd product} {ergonomic}
    uintx ProfiledCodeHeapSize                     = 122913754                              {pd product} {ergonomic}
    uintx ReservedCodeCacheSize                    = 251658240                              {pd product} {ergonomic}
     bool SegmentedCodeCache                       = true                                      {product} {ergonomic}
     bool UseCompressedClassPointers               = true                                 {lp64_product} {ergonomic}
     bool UseCompressedOops                        = true                                 {lp64_product} {ergonomic}
     bool UseG1GC                                  = true                                      {product} {ergonomic}

Logging:
Log output configuration:
 #0: stdout all=warning uptime,level,tags
 #1: stderr all=off uptime,level,tags

Environment Variables:
PATH=/home/mantovani/.local/bin:/home/mantovani/bin:/usr/local/bin:/usr/local/sbin:/usr/bin:/usr/sbin:/var/lib/snapd/snap/bin:/home/mantovani/.composer/vendor/bin
USERNAME=mantovani
SHELL=/bin/bash
DISPLAY=:0
LANG=pt_BR.UTF-8

Signal Handlers:
SIGSEGV: [libjvm.so+0xc2dd80], sa_mask[0]=11111111011111111101111111111110, sa_flags=SA_RESTART|SA_SIGINFO
SIGBUS: [libjvm.so+0xc2dd80], sa_mask[0]=11111111011111111101111111111110, sa_flags=SA_RESTART|SA_SIGINFO
SIGFPE: [libjvm.so+0xc2dd80], sa_mask[0]=11111111011111111101111111111110, sa_flags=SA_RESTART|SA_SIGINFO
SIGPIPE: [libjvm.so+0xa839f0], sa_mask[0]=11111111011111111101111111111110, sa_flags=SA_RESTART|SA_SIGINFO
SIGXFSZ: [libjvm.so+0xa839f0], sa_mask[0]=11111111011111111101111111111110, sa_flags=SA_RESTART|SA_SIGINFO
SIGILL: [libjvm.so+0xc2dd80], sa_mask[0]=11111111011111111101111111111110, sa_flags=SA_RESTART|SA_SIGINFO
SIGUSR2: [libjvm.so+0xa840d0], sa_mask[0]=00100000000000000000000000000000, sa_flags=SA_RESTART|SA_SIGINFO
SIGHUP: [libjvm.so+0xa80ac0], sa_mask[0]=11111111011111111101111111111110, sa_flags=SA_RESTART|SA_SIGINFO
SIGINT: [libjvm.so+0xa80ac0], sa_mask[0]=11111111011111111101111111111110, sa_flags=SA_RESTART|SA_SIGINFO
SIGTERM: [libjvm.so+0xa80ac0], sa_mask[0]=11111111011111111101111111111110, sa_flags=SA_RESTART|SA_SIGINFO
SIGQUIT: [libjvm.so+0xa80ac0], sa_mask[0]=11111111011111111101111111111110, sa_flags=SA_RESTART|SA_SIGINFO


---------------  S Y S T E M  ---------------

OS:Fedora release 34 (Thirty Four)
uname:Linux 5.15.12-100.fc34.x86_64 #1 SMP Wed Dec 29 15:21:44 UTC 2021 x86_64
OS uptime: 0 days 0:38 hours
libc:glibc 2.33 NPTL 2.33 
rlimit (soft/hard): STACK 8192k/infinity , CORE infinity/infinity , NPROC 23183/23183 , NOFILE 524288/524288 , AS infinity/infinity , CPU infinity/infinity , DATA infinity/infinity , FSIZE infinity/infinity , MEMLOCK 64k/64k
load average:0,52 1,84 3,78

/proc/meminfo:
MemTotal:        5986456 kB
MemFree:          152128 kB
MemAvailable:    1905840 kB
Buffers:              76 kB
Cached:          1923016 kB
SwapCached:         6712 kB
Active:          1282404 kB
Inactive:        3363960 kB
Active(anon):     375960 kB
Inactive(anon):  2360268 kB
Active(file):     906444 kB
Inactive(file):  1003692 kB
Unevictable:        5680 kB
Mlocked:            5680 kB
SwapTotal:       5986300 kB
SwapFree:        4297920 kB
Dirty:              2288 kB
Writeback:             0 kB
AnonPages:       2723812 kB
Mapped:           292096 kB
Shmem:             10928 kB
KReclaimable:     124464 kB
Slab:             358476 kB
SReclaimable:     124464 kB
SUnreclaim:       234012 kB
KernelStack:       18496 kB
PageTables:        41516 kB
NFS_Unstable:          0 kB
Bounce:                0 kB
WritebackTmp:          0 kB
CommitLimit:     8979528 kB
Committed_AS:   11721552 kB
VmallocTotal:   34359738367 kB
VmallocUsed:      143844 kB
VmallocChunk:          0 kB
Percpu:            33920 kB
HardwareCorrupted:     0 kB
AnonHugePages:         0 kB
ShmemHugePages:        0 kB
ShmemPmdMapped:        0 kB
FileHugePages:         0 kB
FilePmdMapped:         0 kB
CmaTotal:              0 kB
CmaFree:               0 kB
HugePages_Total:       0
HugePages_Free:        0
HugePages_Rsvd:        0
HugePages_Surp:        0
Hugepagesize:       2048 kB
Hugetlb:               0 kB
DirectMap4k:     1017120 kB
DirectMap2M:     5201920 kB
DirectMap1G:     1048576 kB

/sys/kernel/mm/transparent_hugepage/enabled:
always [madvise] never
/sys/kernel/mm/transparent_hugepage/defrag (defrag/compaction efforts parameter):
always defer defer+madvise [madvise] never

/proc/sys/kernel/threads-max (system-wide limit on the number of threads):
46367
/proc/sys/vm/max_map_count (maximum number of memory map areas a process may have):
65530
/proc/sys/kernel/pid_max (system-wide limit on number of process identifiers):
4194304

Steal ticks since vm start: 0
Steal ticks percentage since vm start:  0,000

CPU:total 4 (initial active 4) (4 cores per cpu, 1 threads per core) family 23 model 24 stepping 1 microcode 0x8108109, cmov, cx8, fxsr, mmx, sse, sse2, sse3, ssse3, sse4.1, sse4.2, popcnt, avx, avx2, aes, clmul, mmxext, 3dnowpref, lzcnt, sse4a, tsc, tscinvbit, tscinv, bmi1, bmi2, adx,
CPU Model and flags from /proc/cpuinfo:
model name	: AMD Ryzen 3 3200G with Radeon Vega Graphics
flags		: fpu vme de pse tsc msr pae mce cx8 apic sep mtrr pge mca cmov pat pse36 clflush mmx fxsr sse sse2 ht syscall nx mmxext fxsr_opt pdpe1gb rdtscp lm constant_tsc rep_good nopl nonstop_tsc cpuid extd_apicid aperfmperf rapl pni pclmulqdq monitor ssse3 fma cx16 sse4_1 sse4_2 movbe popcnt aes xsave avx f16c rdrand lahf_lm cmp_legacy svm extapic cr8_legacy abm sse4a misalignsse 3dnowprefetch osvw skinit wdt tce topoext perfctr_core perfctr_nb bpext perfctr_llc mwaitx cpb hw_pstate ssbd ibpb vmmcall fsgsbase bmi1 avx2 smep bmi2 rdseed adx smap clflushopt sha_ni xsaveopt xsavec xgetbv1 xsaves clzero irperf xsaveerptr arat npt lbrv svm_lock nrip_save tsc_scale vmcb_clean flushbyasid decodeassists pausefilter pfthreshold avic v_vmsave_vmload vgif overflow_recov succor smca sme sev sev_es
Online cpus:
0-3
Offline cpus:
4-31
BIOS frequency limitation:
3600000
Frequency switch latency (ns):
0
Available cpu frequencies:
3600000 2300000 1400000 
Current governor:
schedutil
Core performance/turbo boost:
1

Memory: 4k page, physical 5986456k(143312k free), swap 5986300k(4298176k free)

vm_info: OpenJDK 64-Bit Server VM (11.0.10+0-b96-7249189) for linux-amd64 JRE (11.0.10+0-b96-7249189), built on Mar 31 2021 19:21:57 by "androidbuild" with gcc Android (6875598, based on r399163b) Clang 11.0.5 (https://android.googlesource.com/toolchain/llvm-project 87f1315dfbea7c137aa2e6d362dbb457e388158d)

END.
